SF:/home/william/Desktop/AQA-ASM/src/interpreter/error.rs
FN:14,_RNvXs_NtNtCslN0W4V6L9d9_7aqa_asm11interpreter5errorNtB4_12RuntimeErrorNtNtCs5cYH0lLSdLc_4core3fmt7Display3fmt
FN:32,_RNvNtNtNtCslN0W4V6L9d9_7aqa_asm11interpreter5error5testss_26test_display_runtime_error
FNDA:3,_RNvXs_NtNtCslN0W4V6L9d9_7aqa_asm11interpreter5errorNtB4_12RuntimeErrorNtNtCs5cYH0lLSdLc_4core3fmt7Display3fmt
FNDA:1,_RNvNtNtNtCslN0W4V6L9d9_7aqa_asm11interpreter5error5testss_26test_display_runtime_error
FNF:2
FNH:2
DA:14,3
DA:15,3
DA:16,3
DA:17,1
DA:18,1
DA:19,1
DA:20,0
DA:21,3
DA:22,3
DA:32,1
DA:33,3
DA:34,1
DA:35,1
DA:36,1
DA:38,3
DA:40,1
BRF:0
BRH:0
LF:16
LH:15
end_of_record
SF:/home/william/Desktop/AQA-ASM/src/interpreter/instruction/operand.rs
FN:14,_RNvXNtNtNtCslN0W4V6L9d9_7aqa_asm11interpreter11instruction7operandNtB2_7OperandNtNtCs5cYH0lLSdLc_4core3fmt7Display3fmt
FN:25,_RNvMs_NtNtNtCslN0W4V6L9d9_7aqa_asm11interpreter11instruction7operandNtB4_7Operand22get_signature_argument
FN:40,_RNvNtNtNtNtCslN0W4V6L9d9_7aqa_asm11interpreter11instruction7operand5testss_20test_operand_display
FN:54,_RNvNtNtNtNtCslN0W4V6L9d9_7aqa_asm11interpreter11instruction7operand5testss_35test_operand_get_signature_argument
FNDA:6,_RNvXNtNtNtCslN0W4V6L9d9_7aqa_asm11interpreter11instruction7operandNtB2_7OperandNtNtCs5cYH0lLSdLc_4core3fmt7Display3fmt
FNDA:216,_RNvMs_NtNtNtCslN0W4V6L9d9_7aqa_asm11interpreter11instruction7operandNtB4_7Operand22get_signature_argument
FNDA:1,_RNvNtNtNtNtCslN0W4V6L9d9_7aqa_asm11interpreter11instruction7operand5testss_20test_operand_display
FNDA:1,_RNvNtNtNtNtCslN0W4V6L9d9_7aqa_asm11interpreter11instruction7operand5testss_35test_operand_get_signature_argument
FNF:4
FNH:4
DA:14,6
DA:15,6
DA:16,1
DA:17,3
DA:18,1
DA:19,1
DA:21,6
DA:25,216
DA:26,216
DA:27,40
DA:28,148
DA:29,5
DA:30,23
DA:32,216
DA:40,1
DA:41,1
DA:42,1
DA:43,1
DA:44,1
DA:45,1
DA:46,1
DA:48,4
DA:49,4
DA:51,1
DA:54,1
DA:55,1
DA:56,1
DA:57,1
DA:58,1
DA:59,1
DA:60,1
DA:62,4
DA:63,4
DA:65,1
BRF:0
BRH:0
LF:34
LH:34
end_of_record
SF:/home/william/Desktop/AQA-ASM/src/interpreter/instruction/runtime_opcode.rs
FN:93,_RNvNtNtNtNtCslN0W4V6L9d9_7aqa_asm11interpreter11instruction14runtime_opcode5testss_27test_runtime_opcode_from_u8
FN:48,_RNvXNtNtNtCslN0W4V6L9d9_7aqa_asm11interpreter11instruction14runtime_opcodeNtB2_13RuntimeOpcodeINtNtCs5cYH0lLSdLc_4core7convert7TryFromhE8try_from
FNDA:1,_RNvNtNtNtNtCslN0W4V6L9d9_7aqa_asm11interpreter11instruction14runtime_opcode5testss_27test_runtime_opcode_from_u8
FNDA:1530,_RNvXNtNtNtCslN0W4V6L9d9_7aqa_asm11interpreter11instruction14runtime_opcodeNtB2_13RuntimeOpcodeINtNtCs5cYH0lLSdLc_4core7convert7TryFromhE8try_from
FNF:2
FNH:2
DA:48,1530
DA:49,1530
DA:50,1530
DA:51,1528
DA:52,1525
DA:53,1522
DA:54,1507
DA:55,1238
DA:56,1233
DA:57,1231
DA:58,1221
DA:59,1216
DA:60,1206
DA:61,921
DA:62,916
DA:63,901
DA:64,891
DA:65,887
DA:66,614
DA:67,612
DA:68,596
DA:69,594
DA:70,592
DA:71,590
DA:72,588
DA:73,586
DA:74,584
DA:75,582
DA:76,571
DA:77,569
DA:78,549
DA:79,285
DA:80,283
DA:81,268
DA:82,266
DA:83,224
DA:85,1530
DA:93,1
DA:94,33
DA:95,1
DA:96,1
DA:97,1
DA:98,1
DA:99,1
DA:100,1
DA:101,1
DA:102,1
DA:103,1
DA:104,1
DA:105,1
DA:106,1
DA:107,1
DA:108,1
DA:109,1
DA:110,1
DA:111,1
DA:112,1
DA:113,1
DA:114,1
DA:115,1
DA:116,1
DA:117,1
DA:118,1
DA:119,1
DA:120,1
DA:121,1
DA:122,1
DA:123,1
DA:124,1
DA:125,1
DA:126,1
DA:127,1
DA:129,33
DA:132,224
DA:133,223
DA:135,1
BRF:0
BRH:0
LF:76
LH:76
end_of_record
SF:/home/william/Desktop/AQA-ASM/src/interpreter/instruction/signature.rs
FN:7,_RNCNvNtNtNtCslN0W4V6L9d9_7aqa_asm11interpreter11instruction9signature14SIGNATURE_TREE0B9_
FN:349,_RNvNtNtNtNtCslN0W4V6L9d9_7aqa_asm11interpreter11instruction9signature5testss_31test_signature_argument_display
FN:363,_RNvNtNtNtNtCslN0W4V6L9d9_7aqa_asm11interpreter11instruction9signature5testss_44test_matches_signature_mov_register_register
FN:378,_RNvNtNtNtNtCslN0W4V6L9d9_7aqa_asm11interpreter11instruction9signature5testss_43test_matches_signature_mov_register_literal
FN:393,_RNvNtNtNtNtCslN0W4V6L9d9_7aqa_asm11interpreter11instruction9signature5testss_26test_matches_signature_nop
FN:403,_RNvNtNtNtNtCslN0W4V6L9d9_7aqa_asm11interpreter11instruction9signature5testss_46test_matches_signature_no_match_multi_argument
FN:420,_RNvNtNtNtNtCslN0W4V6L9d9_7aqa_asm11interpreter11instruction9signature5testss_43test_matches_signature_no_match_no_argument
FN:430,_RNvNtNtNtNtCslN0W4V6L9d9_7aqa_asm11interpreter11instruction9signature5testss_36test_matches_signature_extra_operand
FN:446,_RNvNtNtNtNtCslN0W4V6L9d9_7aqa_asm11interpreter11instruction9signature5testss_37test_matches_signature_unknown_opcode
FN:453,_RNvNtNtNtNtCslN0W4V6L9d9_7aqa_asm11interpreter11instruction9signature5testss_63test_get_all_valid_operand_combinations_for_source_opcode_empty
FN:463,_RNvNtNtNtNtCslN0W4V6L9d9_7aqa_asm11interpreter11instruction9signature5testss_65test_get_all_valid_operand_combinations_for_source_opcode_one_arg
FN:481,_RNvNtNtNtNtCslN0W4V6L9d9_7aqa_asm11interpreter11instruction9signature5testss_71test_get_all_valid_operand_combinations_for_source_opcode_multiple_args
FN:236,_RNvXNtNtNtCslN0W4V6L9d9_7aqa_asm11interpreter11instruction9signatureNtB2_17SignatureArgumentNtNtCs5cYH0lLSdLc_4core3fmt7Display3fmt
FN:253,_RNvMs_NtNtNtCslN0W4V6L9d9_7aqa_asm11interpreter11instruction9signatureNtB4_17SignatureTreeNode3new
FN:267,_RNvMs0_NtNtNtCslN0W4V6L9d9_7aqa_asm11interpreter11instruction9signatureNtB5_13SignatureTree3new
FN:273,_RNvMs0_NtNtNtCslN0W4V6L9d9_7aqa_asm11interpreter11instruction9signatureNtB5_13SignatureTree13add_signature
FN:299,_RNvMs0_NtNtNtCslN0W4V6L9d9_7aqa_asm11interpreter11instruction9signatureNtB5_13SignatureTree17matches_signature
FN:312,_RNvMs0_NtNtNtCslN0W4V6L9d9_7aqa_asm11interpreter11instruction9signatureNtB5_13SignatureTree52get_all_valid_operand_combinations_for_source_opcode
FN:316,_RNvNvMs0_NtNtNtCslN0W4V6L9d9_7aqa_asm11interpreter11instruction9signatureNtB7_13SignatureTree52get_all_valid_operand_combinations_for_source_opcode3dfs
FNDA:1,_RNCNvNtNtNtCslN0W4V6L9d9_7aqa_asm11interpreter11instruction9signature14SIGNATURE_TREE0B9_
FNDA:1,_RNvNtNtNtNtCslN0W4V6L9d9_7aqa_asm11interpreter11instruction9signature5testss_31test_signature_argument_display
FNDA:1,_RNvNtNtNtNtCslN0W4V6L9d9_7aqa_asm11interpreter11instruction9signature5testss_44test_matches_signature_mov_register_register
FNDA:1,_RNvNtNtNtNtCslN0W4V6L9d9_7aqa_asm11interpreter11instruction9signature5testss_43test_matches_signature_mov_register_literal
FNDA:1,_RNvNtNtNtNtCslN0W4V6L9d9_7aqa_asm11interpreter11instruction9signature5testss_26test_matches_signature_nop
FNDA:1,_RNvNtNtNtNtCslN0W4V6L9d9_7aqa_asm11interpreter11instruction9signature5testss_46test_matches_signature_no_match_multi_argument
FNDA:1,_RNvNtNtNtNtCslN0W4V6L9d9_7aqa_asm11interpreter11instruction9signature5testss_43test_matches_signature_no_match_no_argument
FNDA:1,_RNvNtNtNtNtCslN0W4V6L9d9_7aqa_asm11interpreter11instruction9signature5testss_36test_matches_signature_extra_operand
FNDA:1,_RNvNtNtNtNtCslN0W4V6L9d9_7aqa_asm11interpreter11instruction9signature5testss_37test_matches_signature_unknown_opcode
FNDA:1,_RNvNtNtNtNtCslN0W4V6L9d9_7aqa_asm11interpreter11instruction9signature5testss_63test_get_all_valid_operand_combinations_for_source_opcode_empty
FNDA:1,_RNvNtNtNtNtCslN0W4V6L9d9_7aqa_asm11interpreter11instruction9signature5testss_65test_get_all_valid_operand_combinations_for_source_opcode_one_arg
FNDA:1,_RNvNtNtNtNtCslN0W4V6L9d9_7aqa_asm11interpreter11instruction9signature5testss_71test_get_all_valid_operand_combinations_for_source_opcode_multiple_args
FNDA:12,_RNvXNtNtNtCslN0W4V6L9d9_7aqa_asm11interpreter11instruction9signatureNtB2_17SignatureArgumentNtNtCs5cYH0lLSdLc_4core3fmt7Display3fmt
FNDA:92,_RNvMs_NtNtNtCslN0W4V6L9d9_7aqa_asm11interpreter11instruction9signatureNtB4_17SignatureTreeNode3new
FNDA:11,_RNvMs0_NtNtNtCslN0W4V6L9d9_7aqa_asm11interpreter11instruction9signatureNtB5_13SignatureTree3new
FNDA:46,_RNvMs0_NtNtNtCslN0W4V6L9d9_7aqa_asm11interpreter11instruction9signatureNtB5_13SignatureTree13add_signature
FNDA:123,_RNvMs0_NtNtNtCslN0W4V6L9d9_7aqa_asm11interpreter11instruction9signatureNtB5_13SignatureTree17matches_signature
FNDA:26,_RNvMs0_NtNtNtCslN0W4V6L9d9_7aqa_asm11interpreter11instruction9signatureNtB5_13SignatureTree52get_all_valid_operand_combinations_for_source_opcode
FNDA:83,_RNvNvMs0_NtNtNtCslN0W4V6L9d9_7aqa_asm11interpreter11instruction9signatureNtB7_13SignatureTree52get_all_valid_operand_combinations_for_source_opcode3dfs
FNF:19
FNH:19
DA:7,1
DA:8,1
DA:9,1
DA:10,1
DA:11,1
DA:12,1
DA:13,1
DA:14,1
DA:15,1
DA:16,1
DA:17,1
DA:18,1
DA:19,1
DA:20,1
DA:21,1
DA:22,1
DA:23,1
DA:24,1
DA:25,1
DA:26,1
DA:27,1
DA:28,1
DA:29,1
DA:30,1
DA:31,1
DA:32,1
DA:33,1
DA:34,1
DA:35,1
DA:36,1
DA:37,1
DA:38,1
DA:39,1
DA:40,1
DA:41,1
DA:42,1
DA:43,1
DA:44,1
DA:45,1
DA:46,1
DA:47,1
DA:48,1
DA:49,1
DA:50,1
DA:51,1
DA:52,1
DA:53,1
DA:54,1
DA:55,1
DA:56,1
DA:57,1
DA:58,1
DA:59,1
DA:60,1
DA:61,1
DA:62,1
DA:63,1
DA:64,1
DA:65,1
DA:66,1
DA:67,1
DA:68,1
DA:69,1
DA:70,1
DA:71,1
DA:72,1
DA:73,1
DA:74,1
DA:75,1
DA:76,1
DA:77,1
DA:78,1
DA:79,1
DA:80,1
DA:81,1
DA:82,1
DA:83,1
DA:84,1
DA:85,1
DA:86,1
DA:87,1
DA:88,1
DA:89,1
DA:90,1
DA:91,1
DA:92,1
DA:93,1
DA:94,1
DA:95,1
DA:96,1
DA:97,1
DA:98,1
DA:99,1
DA:100,1
DA:101,1
DA:102,1
DA:103,1
DA:104,1
DA:105,1
DA:106,1
DA:107,1
DA:108,1
DA:109,1
DA:110,1
DA:111,1
DA:112,1
DA:113,1
DA:114,1
DA:115,1
DA:116,1
DA:117,1
DA:118,1
DA:119,1
DA:120,1
DA:121,1
DA:122,1
DA:123,1
DA:124,1
DA:125,1
DA:126,1
DA:127,1
DA:128,1
DA:129,1
DA:130,1
DA:131,1
DA:132,1
DA:133,1
DA:134,1
DA:135,1
DA:136,1
DA:137,1
DA:138,1
DA:139,1
DA:140,1
DA:141,1
DA:142,1
DA:143,1
DA:144,1
DA:145,1
DA:146,1
DA:147,1
DA:148,1
DA:149,1
DA:150,1
DA:151,1
DA:152,1
DA:153,1
DA:154,1
DA:155,1
DA:156,1
DA:157,1
DA:158,1
DA:159,1
DA:160,1
DA:161,1
DA:162,1
DA:163,1
DA:164,1
DA:165,1
DA:166,1
DA:167,1
DA:168,1
DA:169,1
DA:170,1
DA:171,1
DA:172,1
DA:173,1
DA:174,1
DA:175,1
DA:176,1
DA:177,1
DA:178,1
DA:179,1
DA:180,1
DA:181,1
DA:182,1
DA:183,1
DA:184,1
DA:185,1
DA:186,1
DA:187,1
DA:188,1
DA:189,1
DA:190,1
DA:191,1
DA:192,1
DA:193,1
DA:194,1
DA:195,1
DA:196,1
DA:197,1
DA:198,1
DA:199,1
DA:200,1
DA:201,1
DA:202,1
DA:203,1
DA:204,1
DA:205,1
DA:206,1
DA:207,1
DA:208,1
DA:209,1
DA:210,1
DA:211,1
DA:212,1
DA:213,1
DA:214,1
DA:215,1
DA:216,1
DA:217,1
DA:218,1
DA:219,1
DA:220,1
DA:221,1
DA:222,1
DA:223,1
DA:224,1
DA:225,1
DA:236,12
DA:237,12
DA:238,8
DA:239,1
DA:240,1
DA:241,2
DA:243,12
DA:253,92
DA:254,92
DA:255,92
DA:256,92
DA:257,92
DA:258,92
DA:267,11
DA:268,11
DA:269,11
DA:270,11
DA:271,11
DA:273,46
DA:274,46
DA:275,46
DA:276,46
DA:277,46
DA:278,46
DA:279,46
DA:280,46
DA:281,46
DA:282,46
DA:283,46
DA:284,46
DA:285,46
DA:288,127
DA:289,81
DA:290,81
DA:291,81
DA:292,81
DA:293,81
DA:296,46
DA:297,46
DA:299,123
DA:300,123
DA:301,123
DA:302,123
DA:303,123
DA:304,123
DA:305,325
DA:306,208
DA:308,117
DA:309,123
DA:312,26
DA:313,26
DA:314,26
DA:315,26
DA:316,83
DA:317,83
DA:318,83
DA:319,83
DA:320,83
DA:322,83
DA:323,43
DA:324,43
DA:327,140
DA:328,57
DA:329,57
DA:330,57
DA:331,57
DA:332,83
DA:334,26
DA:335,26
DA:336,26
DA:337,26
DA:338,26
DA:339,26
DA:340,26
DA:349,1
DA:350,1
DA:351,1
DA:352,1
DA:353,1
DA:354,1
DA:355,1
DA:357,4
DA:358,4
DA:360,1
DA:363,1
DA:364,1
DA:365,1
DA:366,1
DA:367,1
DA:368,1
DA:369,1
DA:370,1
DA:371,1
DA:372,1
DA:373,1
DA:374,1
DA:375,1
DA:378,1
DA:379,1
DA:380,1
DA:381,1
DA:382,1
DA:383,1
DA:384,1
DA:385,1
DA:386,1
DA:387,1
DA:388,1
DA:389,1
DA:390,1
DA:393,1
DA:394,1
DA:395,1
DA:396,1
DA:397,1
DA:398,1
DA:399,1
DA:400,1
DA:403,1
DA:404,1
DA:405,1
DA:406,1
DA:407,1
DA:408,1
DA:409,1
DA:410,1
DA:411,1
DA:412,1
DA:413,1
DA:414,1
DA:415,1
DA:416,1
DA:417,1
DA:420,1
DA:421,1
DA:422,1
DA:423,1
DA:424,1
DA:425,1
DA:426,1
DA:427,1
DA:430,1
DA:431,1
DA:432,1
DA:433,1
DA:434,1
DA:435,1
DA:436,1
DA:437,1
DA:438,1
DA:439,1
DA:440,1
DA:441,1
DA:442,1
DA:443,1
DA:446,1
DA:447,1
DA:448,1
DA:449,1
DA:450,1
DA:453,1
DA:454,1
DA:455,1
DA:456,1
DA:457,1
DA:458,1
DA:459,1
DA:460,1
DA:463,1
DA:464,1
DA:465,1
DA:466,1
DA:467,1
DA:468,1
DA:469,1
DA:470,1
DA:471,1
DA:472,1
DA:473,1
DA:474,1
DA:475,1
DA:476,1
DA:477,1
DA:478,1
DA:481,1
DA:482,1
DA:483,1
DA:484,1
DA:485,1
DA:486,1
DA:487,1
DA:488,1
DA:489,1
DA:490,1
DA:491,1
DA:492,1
DA:493,1
DA:494,1
DA:495,1
DA:496,1
DA:497,1
DA:498,1
DA:499,1
DA:500,1
DA:501,1
DA:502,1
DA:503,1
DA:504,1
DA:505,1
DA:506,1
DA:507,1
DA:508,1
DA:509,1
DA:510,1
DA:511,1
DA:512,1
DA:513,1
DA:514,1
BRF:0
BRH:0
LF:437
LH:437
end_of_record
SF:/home/william/Desktop/AQA-ASM/src/interpreter/instruction/source_opcode.rs
FN:31,_RNvXNtNtNtCslN0W4V6L9d9_7aqa_asm11interpreter11instruction13source_opcodeNtB2_12SourceOpcodeNtNtCs5cYH0lLSdLc_4core3fmt7Display3fmt
FN:60,_RNvXs_NtNtNtCslN0W4V6L9d9_7aqa_asm11interpreter11instruction13source_opcodeNtB4_12SourceOpcodeNtNtNtCs5cYH0lLSdLc_4core3str6traits7FromStr8from_str
FN:95,_RNvNtNtNtNtCslN0W4V6L9d9_7aqa_asm11interpreter11instruction13source_opcode5testss_27test_source_opcode_from_str
FN:136,_RNvNtNtNtNtCslN0W4V6L9d9_7aqa_asm11interpreter11instruction13source_opcode5testss_26test_source_opcode_display
FNDA:28,_RNvXNtNtNtCslN0W4V6L9d9_7aqa_asm11interpreter11instruction13source_opcodeNtB2_12SourceOpcodeNtNtCs5cYH0lLSdLc_4core3fmt7Display3fmt
FNDA:164,_RNvXs_NtNtNtCslN0W4V6L9d9_7aqa_asm11interpreter11instruction13source_opcodeNtB4_12SourceOpcodeNtNtNtCs5cYH0lLSdLc_4core3str6traits7FromStr8from_str
FNDA:1,_RNvNtNtNtNtCslN0W4V6L9d9_7aqa_asm11interpreter11instruction13source_opcode5testss_27test_source_opcode_from_str
FNDA:1,_RNvNtNtNtNtCslN0W4V6L9d9_7aqa_asm11interpreter11instruction13source_opcode5testss_26test_source_opcode_display
FNF:4
FNH:4
DA:31,28
DA:32,28
DA:33,1
DA:34,1
DA:35,1
DA:36,1
DA:37,1
DA:38,6
DA:39,1
DA:40,1
DA:41,1
DA:42,1
DA:43,1
DA:44,1
DA:45,1
DA:46,1
DA:47,1
DA:48,1
DA:49,1
DA:50,1
DA:51,1
DA:52,1
DA:53,3
DA:55,28
DA:60,164
DA:61,164
DA:62,164
DA:63,157
DA:64,154
DA:65,152
DA:66,143
DA:67,139
DA:68,126
DA:69,114
DA:70,111
DA:71,104
DA:72,100
DA:73,98
DA:74,92
DA:75,87
DA:76,85
DA:77,83
DA:78,81
DA:79,76
DA:80,68
DA:81,59
DA:82,49
DA:83,37
DA:85,164
DA:95,1
DA:96,29
DA:98,1
DA:99,1
DA:100,1
DA:101,1
DA:102,1
DA:103,1
DA:104,1
DA:105,1
DA:106,1
DA:107,1
DA:108,1
DA:109,1
DA:110,1
DA:111,1
DA:112,1
DA:113,1
DA:114,1
DA:115,1
DA:116,1
DA:117,1
DA:118,1
DA:119,1
DA:120,1
DA:121,1
DA:122,1
DA:123,1
DA:124,1
DA:125,1
DA:126,1
DA:127,1
DA:128,1
DA:129,1
DA:131,29
DA:133,1
DA:136,1
DA:137,1
DA:138,1
DA:139,1
DA:140,1
DA:141,1
DA:142,1
DA:143,1
DA:144,1
DA:145,1
DA:146,1
DA:147,1
DA:148,1
DA:149,1
DA:150,1
DA:151,1
DA:152,1
DA:153,1
DA:154,1
DA:155,1
DA:156,1
DA:157,1
DA:158,1
DA:159,1
DA:161,21
DA:162,21
DA:164,1
BRF:0
BRH:0
LF:112
LH:112
end_of_record
SF:/home/william/Desktop/AQA-ASM/src/interpreter/mod.rs
FN:414,_RNvNtNtCslN0W4V6L9d9_7aqa_asm11interpreter5tests17load_test_program
FN:421,_RNvNtNtCslN0W4V6L9d9_7aqa_asm11interpreter5testss_8test_nop
FN:433,_RNvNtNtCslN0W4V6L9d9_7aqa_asm11interpreter5testss_8test_ldr
FN:442,_RNvNtNtCslN0W4V6L9d9_7aqa_asm11interpreter5testss_8test_str
FN:452,_RNvNtNtCslN0W4V6L9d9_7aqa_asm11interpreter5testss_8test_add
FN:472,_RNvNtNtCslN0W4V6L9d9_7aqa_asm11interpreter5testss_8test_sub
FN:494,_RNvNtNtCslN0W4V6L9d9_7aqa_asm11interpreter5testss_8test_mov
FN:512,_RNvNtNtCslN0W4V6L9d9_7aqa_asm11interpreter5testss_22test_cmp_equal_numbers
FN:542,_RNvNtNtCslN0W4V6L9d9_7aqa_asm11interpreter5testss_21test_cmp_greater_than
FN:572,_RNvNtNtCslN0W4V6L9d9_7aqa_asm11interpreter5testss_18test_cmp_less_than
FN:603,_RNvNtNtCslN0W4V6L9d9_7aqa_asm11interpreter5testss_25test_unconditional_branch
FN:618,_RNvNtNtCslN0W4V6L9d9_7aqa_asm11interpreter5testss_8test_beq
FN:649,_RNvNtNtCslN0W4V6L9d9_7aqa_asm11interpreter5testss_8test_bne
FN:680,_RNvNtNtCslN0W4V6L9d9_7aqa_asm11interpreter5testss_8test_bgt
FN:718,_RNvNtNtCslN0W4V6L9d9_7aqa_asm11interpreter5testss_8test_blt
FN:756,_RNvNtNtCslN0W4V6L9d9_7aqa_asm11interpreter5testss_8test_and
FN:779,_RNvNtNtCslN0W4V6L9d9_7aqa_asm11interpreter5testss_8test_orr
FN:800,_RNvNtNtCslN0W4V6L9d9_7aqa_asm11interpreter5testss_8test_eor
FN:822,_RNvNtNtCslN0W4V6L9d9_7aqa_asm11interpreter5testss_8test_mvn
FN:842,_RNvNtNtCslN0W4V6L9d9_7aqa_asm11interpreter5testss_8test_lsl
FN:865,_RNvNtNtCslN0W4V6L9d9_7aqa_asm11interpreter5testss_8test_lsr
FN:888,_RNvNtNtCslN0W4V6L9d9_7aqa_asm11interpreter5testss_29test_interpret_print_register
FN:921,_RNvNtNtCslN0W4V6L9d9_7aqa_asm11interpreter5testss_17test_print_memory
FN:954,_RNvNtNtCslN0W4V6L9d9_7aqa_asm11interpreter5testss_29test_interpret_input_register
FN:986,_RNvNtNtCslN0W4V6L9d9_7aqa_asm11interpreter5testss_27test_interpret_input_memory
FN:1018,_RNvNtNtCslN0W4V6L9d9_7aqa_asm11interpreter5testss_9test_halt
FN:1032,_RNvNtNtCslN0W4V6L9d9_7aqa_asm11interpreter5testss_23test_out_of_bounds_read
FN:1043,_RNvNtNtCslN0W4V6L9d9_7aqa_asm11interpreter5testss_24test_out_of_bounds_write
FN:1054,_RNvNtNtCslN0W4V6L9d9_7aqa_asm11interpreter5testss_24test_read_past_of_memory
FN:1065,_RNvNtNtCslN0W4V6L9d9_7aqa_asm11interpreter5testss_25test_read_past_max_memory
FN:1077,_RNvNtNtCslN0W4V6L9d9_7aqa_asm11interpreter5testss_19test_invalid_opcode
FN:36,_RNvMs_NtCslN0W4V6L9d9_7aqa_asm11interpreterINtB4_11InterpreterINtNtNtNtCs2FIVCi1Wrow_3std2io8buffered9bufreader9BufReaderINtNtB15_6cursor6CursorRAhj0_EEIB1W_QINtNtCsaz9ix1H7t6h_5alloc3vec3VechEEE19interpret_custom_ioB6_
FN:36,_RNvMs_NtCslN0W4V6L9d9_7aqa_asm11interpreterINtB4_11InterpreterINtNtNtNtCs2FIVCi1Wrow_3std2io8buffered9bufreader9BufReaderINtNtB15_6cursor6CursorRShEEIB1W_QINtNtCsaz9ix1H7t6h_5alloc3vec3VechEEE19interpret_custom_ioB6_
FN:36,_RNvMs_NtCslN0W4V6L9d9_7aqa_asm11interpreterINtB4_11InterpreterINtNtNtNtCs2FIVCi1Wrow_3std2io8buffered9bufreader9BufReaderNtNtB15_5stdio5StdinENtB1X_6StdoutE19interpret_custom_ioB6_
FN:58,_RNvMs_NtCslN0W4V6L9d9_7aqa_asm11interpreterINtB4_11InterpreterINtNtNtNtCs2FIVCi1Wrow_3std2io8buffered9bufreader9BufReaderINtNtB15_6cursor6CursorRAhj0_EEIB1W_QINtNtCsaz9ix1H7t6h_5alloc3vec3VechEEE9read_lineB6_
FN:58,_RNvMs_NtCslN0W4V6L9d9_7aqa_asm11interpreterINtB4_11InterpreterINtNtNtNtCs2FIVCi1Wrow_3std2io8buffered9bufreader9BufReaderINtNtB15_6cursor6CursorRShEEIB1W_QINtNtCsaz9ix1H7t6h_5alloc3vec3VechEEE9read_lineB6_
FN:58,_RNvMs_NtCslN0W4V6L9d9_7aqa_asm11interpreterINtB4_11InterpreterINtNtNtNtCs2FIVCi1Wrow_3std2io8buffered9bufreader9BufReaderNtNtB15_5stdio5StdinENtB1X_6StdoutE9read_lineB6_
FN:66,_RNvMs_NtCslN0W4V6L9d9_7aqa_asm11interpreterINtB4_11InterpreterINtNtNtNtCs2FIVCi1Wrow_3std2io8buffered9bufreader9BufReaderINtNtB15_6cursor6CursorRAhj0_EEIB1W_QINtNtCsaz9ix1H7t6h_5alloc3vec3VechEEE10write_lineB6_
FN:66,_RNvMs_NtCslN0W4V6L9d9_7aqa_asm11interpreterINtB4_11InterpreterINtNtNtNtCs2FIVCi1Wrow_3std2io8buffered9bufreader9BufReaderINtNtB15_6cursor6CursorRShEEIB1W_QINtNtCsaz9ix1H7t6h_5alloc3vec3VechEEE10write_lineB6_
FN:66,_RNvMs_NtCslN0W4V6L9d9_7aqa_asm11interpreterINtB4_11InterpreterINtNtNtNtCs2FIVCi1Wrow_3std2io8buffered9bufreader9BufReaderNtNtB15_5stdio5StdinENtB1X_6StdoutE10write_lineB6_
FN:76,_RNvMs_NtCslN0W4V6L9d9_7aqa_asm11interpreterINtB4_11InterpreterINtNtNtNtCs2FIVCi1Wrow_3std2io8buffered9bufreader9BufReaderINtNtB15_6cursor6CursorRAhj0_EEIB1W_QINtNtCsaz9ix1H7t6h_5alloc3vec3VechEEE18internal_interpretB6_
FN:76,_RNvMs_NtCslN0W4V6L9d9_7aqa_asm11interpreterINtB4_11InterpreterINtNtNtNtCs2FIVCi1Wrow_3std2io8buffered9bufreader9BufReaderINtNtB15_6cursor6CursorRShEEIB1W_QINtNtCsaz9ix1H7t6h_5alloc3vec3VechEEE18internal_interpretB6_
FN:76,_RNvMs_NtCslN0W4V6L9d9_7aqa_asm11interpreterINtB4_11InterpreterINtNtNtNtCs2FIVCi1Wrow_3std2io8buffered9bufreader9BufReaderNtNtB15_5stdio5StdinENtB1X_6StdoutE18internal_interpretB6_
FN:126,_RNvMs_NtCslN0W4V6L9d9_7aqa_asm11interpreterINtB4_11InterpreterINtNtNtNtCs2FIVCi1Wrow_3std2io8buffered9bufreader9BufReaderINtNtB15_6cursor6CursorRAhj0_EEIB1W_QINtNtCsaz9ix1H7t6h_5alloc3vec3VechEEE24read_next_memory_addressB6_
FN:126,_RNvMs_NtCslN0W4V6L9d9_7aqa_asm11interpreterINtB4_11InterpreterINtNtNtNtCs2FIVCi1Wrow_3std2io8buffered9bufreader9BufReaderINtNtB15_6cursor6CursorRShEEIB1W_QINtNtCsaz9ix1H7t6h_5alloc3vec3VechEEE24read_next_memory_addressB6_
FN:126,_RNvMs_NtCslN0W4V6L9d9_7aqa_asm11interpreterINtB4_11InterpreterINtNtNtNtCs2FIVCi1Wrow_3std2io8buffered9bufreader9BufReaderNtNtB15_5stdio5StdinENtB1X_6StdoutE24read_next_memory_addressB6_
FN:135,_RNvMs_NtCslN0W4V6L9d9_7aqa_asm11interpreterINtB4_11InterpreterINtNtNtNtCs2FIVCi1Wrow_3std2io8buffered9bufreader9BufReaderINtNtB15_6cursor6CursorRAhj0_EEIB1W_QINtNtCsaz9ix1H7t6h_5alloc3vec3VechEEE19read_memory_addressB6_
FN:135,_RNvMs_NtCslN0W4V6L9d9_7aqa_asm11interpreterINtB4_11InterpreterINtNtNtNtCs2FIVCi1Wrow_3std2io8buffered9bufreader9BufReaderINtNtB15_6cursor6CursorRShEEIB1W_QINtNtCsaz9ix1H7t6h_5alloc3vec3VechEEE19read_memory_addressB6_
FN:135,_RNvMs_NtCslN0W4V6L9d9_7aqa_asm11interpreterINtB4_11InterpreterINtNtNtNtCs2FIVCi1Wrow_3std2io8buffered9bufreader9BufReaderNtNtB15_5stdio5StdinENtB1X_6StdoutE19read_memory_addressB6_
FN:143,_RNvMs_NtCslN0W4V6L9d9_7aqa_asm11interpreterINtB4_11InterpreterINtNtNtNtCs2FIVCi1Wrow_3std2io8buffered9bufreader9BufReaderINtNtB15_6cursor6CursorRAhj0_EEIB1W_QINtNtCsaz9ix1H7t6h_5alloc3vec3VechEEE20write_memory_addressB6_
FN:143,_RNvMs_NtCslN0W4V6L9d9_7aqa_asm11interpreterINtB4_11InterpreterINtNtNtNtCs2FIVCi1Wrow_3std2io8buffered9bufreader9BufReaderINtNtB15_6cursor6CursorRShEEIB1W_QINtNtCsaz9ix1H7t6h_5alloc3vec3VechEEE20write_memory_addressB6_
FN:143,_RNvMs_NtCslN0W4V6L9d9_7aqa_asm11interpreterINtB4_11InterpreterINtNtNtNtCs2FIVCi1Wrow_3std2io8buffered9bufreader9BufReaderNtNtB15_5stdio5StdinENtB1X_6StdoutE20write_memory_addressB6_
FN:152,_RNvMs_NtCslN0W4V6L9d9_7aqa_asm11interpreterINtB4_11InterpreterINtNtNtNtCs2FIVCi1Wrow_3std2io8buffered9bufreader9BufReaderINtNtB15_6cursor6CursorRAhj0_EEIB1W_QINtNtCsaz9ix1H7t6h_5alloc3vec3VechEEE13take_u8_inputB6_
FN:152,_RNvMs_NtCslN0W4V6L9d9_7aqa_asm11interpreterINtB4_11InterpreterINtNtNtNtCs2FIVCi1Wrow_3std2io8buffered9bufreader9BufReaderINtNtB15_6cursor6CursorRShEEIB1W_QINtNtCsaz9ix1H7t6h_5alloc3vec3VechEEE13take_u8_inputB6_
FN:152,_RNvMs_NtCslN0W4V6L9d9_7aqa_asm11interpreterINtB4_11InterpreterINtNtNtNtCs2FIVCi1Wrow_3std2io8buffered9bufreader9BufReaderNtNtB15_5stdio5StdinENtB1X_6StdoutE13take_u8_inputB6_
FN:161,_RNvMs_NtCslN0W4V6L9d9_7aqa_asm11interpreterINtB4_11InterpreterINtNtNtNtCs2FIVCi1Wrow_3std2io8buffered9bufreader9BufReaderINtNtB15_6cursor6CursorRAhj0_EEIB1W_QINtNtCsaz9ix1H7t6h_5alloc3vec3VechEEE13interpret_ldrB6_
FN:161,_RNvMs_NtCslN0W4V6L9d9_7aqa_asm11interpreterINtB4_11InterpreterINtNtNtNtCs2FIVCi1Wrow_3std2io8buffered9bufreader9BufReaderINtNtB15_6cursor6CursorRShEEIB1W_QINtNtCsaz9ix1H7t6h_5alloc3vec3VechEEE13interpret_ldrB6_
FN:161,_RNvMs_NtCslN0W4V6L9d9_7aqa_asm11interpreterINtB4_11InterpreterINtNtNtNtCs2FIVCi1Wrow_3std2io8buffered9bufreader9BufReaderNtNtB15_5stdio5StdinENtB1X_6StdoutE13interpret_ldrB6_
FN:168,_RNvMs_NtCslN0W4V6L9d9_7aqa_asm11interpreterINtB4_11InterpreterINtNtNtNtCs2FIVCi1Wrow_3std2io8buffered9bufreader9BufReaderINtNtB15_6cursor6CursorRAhj0_EEIB1W_QINtNtCsaz9ix1H7t6h_5alloc3vec3VechEEE13interpret_strB6_
FN:168,_RNvMs_NtCslN0W4V6L9d9_7aqa_asm11interpreterINtB4_11InterpreterINtNtNtNtCs2FIVCi1Wrow_3std2io8buffered9bufreader9BufReaderINtNtB15_6cursor6CursorRShEEIB1W_QINtNtCsaz9ix1H7t6h_5alloc3vec3VechEEE13interpret_strB6_
FN:168,_RNvMs_NtCslN0W4V6L9d9_7aqa_asm11interpreterINtB4_11InterpreterINtNtNtNtCs2FIVCi1Wrow_3std2io8buffered9bufreader9BufReaderNtNtB15_5stdio5StdinENtB1X_6StdoutE13interpret_strB6_
FN:175,_RNvMs_NtCslN0W4V6L9d9_7aqa_asm11interpreterINtB4_11InterpreterINtNtNtNtCs2FIVCi1Wrow_3std2io8buffered9bufreader9BufReaderINtNtB15_6cursor6CursorRAhj0_EEIB1W_QINtNtCsaz9ix1H7t6h_5alloc3vec3VechEEE22interpret_add_registerB6_
FN:175,_RNvMs_NtCslN0W4V6L9d9_7aqa_asm11interpreterINtB4_11InterpreterINtNtNtNtCs2FIVCi1Wrow_3std2io8buffered9bufreader9BufReaderINtNtB15_6cursor6CursorRShEEIB1W_QINtNtCsaz9ix1H7t6h_5alloc3vec3VechEEE22interpret_add_registerB6_
FN:175,_RNvMs_NtCslN0W4V6L9d9_7aqa_asm11interpreterINtB4_11InterpreterINtNtNtNtCs2FIVCi1Wrow_3std2io8buffered9bufreader9BufReaderNtNtB15_5stdio5StdinENtB1X_6StdoutE22interpret_add_registerB6_
FN:183,_RNvMs_NtCslN0W4V6L9d9_7aqa_asm11interpreterINtB4_11InterpreterINtNtNtNtCs2FIVCi1Wrow_3std2io8buffered9bufreader9BufReaderINtNtB15_6cursor6CursorRAhj0_EEIB1W_QINtNtCsaz9ix1H7t6h_5alloc3vec3VechEEE21interpret_add_literalB6_
FN:183,_RNvMs_NtCslN0W4V6L9d9_7aqa_asm11interpreterINtB4_11InterpreterINtNtNtNtCs2FIVCi1Wrow_3std2io8buffered9bufreader9BufReaderINtNtB15_6cursor6CursorRShEEIB1W_QINtNtCsaz9ix1H7t6h_5alloc3vec3VechEEE21interpret_add_literalB6_
FN:183,_RNvMs_NtCslN0W4V6L9d9_7aqa_asm11interpreterINtB4_11InterpreterINtNtNtNtCs2FIVCi1Wrow_3std2io8buffered9bufreader9BufReaderNtNtB15_5stdio5StdinENtB1X_6StdoutE21interpret_add_literalB6_
FN:191,_RNvMs_NtCslN0W4V6L9d9_7aqa_asm11interpreterINtB4_11InterpreterINtNtNtNtCs2FIVCi1Wrow_3std2io8buffered9bufreader9BufReaderINtNtB15_6cursor6CursorRAhj0_EEIB1W_QINtNtCsaz9ix1H7t6h_5alloc3vec3VechEEE22interpret_sub_registerB6_
FN:191,_RNvMs_NtCslN0W4V6L9d9_7aqa_asm11interpreterINtB4_11InterpreterINtNtNtNtCs2FIVCi1Wrow_3std2io8buffered9bufreader9BufReaderINtNtB15_6cursor6CursorRShEEIB1W_QINtNtCsaz9ix1H7t6h_5alloc3vec3VechEEE22interpret_sub_registerB6_
FN:191,_RNvMs_NtCslN0W4V6L9d9_7aqa_asm11interpreterINtB4_11InterpreterINtNtNtNtCs2FIVCi1Wrow_3std2io8buffered9bufreader9BufReaderNtNtB15_5stdio5StdinENtB1X_6StdoutE22interpret_sub_registerB6_
FN:199,_RNvMs_NtCslN0W4V6L9d9_7aqa_asm11interpreterINtB4_11InterpreterINtNtNtNtCs2FIVCi1Wrow_3std2io8buffered9bufreader9BufReaderINtNtB15_6cursor6CursorRAhj0_EEIB1W_QINtNtCsaz9ix1H7t6h_5alloc3vec3VechEEE21interpret_sub_literalB6_
FN:199,_RNvMs_NtCslN0W4V6L9d9_7aqa_asm11interpreterINtB4_11InterpreterINtNtNtNtCs2FIVCi1Wrow_3std2io8buffered9bufreader9BufReaderINtNtB15_6cursor6CursorRShEEIB1W_QINtNtCsaz9ix1H7t6h_5alloc3vec3VechEEE21interpret_sub_literalB6_
FN:199,_RNvMs_NtCslN0W4V6L9d9_7aqa_asm11interpreterINtB4_11InterpreterINtNtNtNtCs2FIVCi1Wrow_3std2io8buffered9bufreader9BufReaderNtNtB15_5stdio5StdinENtB1X_6StdoutE21interpret_sub_literalB6_
FN:207,_RNvMs_NtCslN0W4V6L9d9_7aqa_asm11interpreterINtB4_11InterpreterINtNtNtNtCs2FIVCi1Wrow_3std2io8buffered9bufreader9BufReaderINtNtB15_6cursor6CursorRAhj0_EEIB1W_QINtNtCsaz9ix1H7t6h_5alloc3vec3VechEEE22interpret_mov_registerB6_
FN:207,_RNvMs_NtCslN0W4V6L9d9_7aqa_asm11interpreterINtB4_11InterpreterINtNtNtNtCs2FIVCi1Wrow_3std2io8buffered9bufreader9BufReaderINtNtB15_6cursor6CursorRShEEIB1W_QINtNtCsaz9ix1H7t6h_5alloc3vec3VechEEE22interpret_mov_registerB6_
FN:207,_RNvMs_NtCslN0W4V6L9d9_7aqa_asm11interpreterINtB4_11InterpreterINtNtNtNtCs2FIVCi1Wrow_3std2io8buffered9bufreader9BufReaderNtNtB15_5stdio5StdinENtB1X_6StdoutE22interpret_mov_registerB6_
FN:214,_RNvMs_NtCslN0W4V6L9d9_7aqa_asm11interpreterINtB4_11InterpreterINtNtNtNtCs2FIVCi1Wrow_3std2io8buffered9bufreader9BufReaderINtNtB15_6cursor6CursorRAhj0_EEIB1W_QINtNtCsaz9ix1H7t6h_5alloc3vec3VechEEE21interpret_mov_literalB6_
FN:214,_RNvMs_NtCslN0W4V6L9d9_7aqa_asm11interpreterINtB4_11InterpreterINtNtNtNtCs2FIVCi1Wrow_3std2io8buffered9bufreader9BufReaderINtNtB15_6cursor6CursorRShEEIB1W_QINtNtCsaz9ix1H7t6h_5alloc3vec3VechEEE21interpret_mov_literalB6_
FN:214,_RNvMs_NtCslN0W4V6L9d9_7aqa_asm11interpreterINtB4_11InterpreterINtNtNtNtCs2FIVCi1Wrow_3std2io8buffered9bufreader9BufReaderNtNtB15_5stdio5StdinENtB1X_6StdoutE21interpret_mov_literalB6_
FN:221,_RNvMs_NtCslN0W4V6L9d9_7aqa_asm11interpreterINtB4_11InterpreterINtNtNtNtCs2FIVCi1Wrow_3std2io8buffered9bufreader9BufReaderINtNtB15_6cursor6CursorRAhj0_EEIB1W_QINtNtCsaz9ix1H7t6h_5alloc3vec3VechEEE22interpret_cmp_registerB6_
FN:221,_RNvMs_NtCslN0W4V6L9d9_7aqa_asm11interpreterINtB4_11InterpreterINtNtNtNtCs2FIVCi1Wrow_3std2io8buffered9bufreader9BufReaderINtNtB15_6cursor6CursorRShEEIB1W_QINtNtCsaz9ix1H7t6h_5alloc3vec3VechEEE22interpret_cmp_registerB6_
FN:221,_RNvMs_NtCslN0W4V6L9d9_7aqa_asm11interpreterINtB4_11InterpreterINtNtNtNtCs2FIVCi1Wrow_3std2io8buffered9bufreader9BufReaderNtNtB15_5stdio5StdinENtB1X_6StdoutE22interpret_cmp_registerB6_
FN:230,_RNvMs_NtCslN0W4V6L9d9_7aqa_asm11interpreterINtB4_11InterpreterINtNtNtNtCs2FIVCi1Wrow_3std2io8buffered9bufreader9BufReaderINtNtB15_6cursor6CursorRAhj0_EEIB1W_QINtNtCsaz9ix1H7t6h_5alloc3vec3VechEEE21interpret_cmp_literalB6_
FN:230,_RNvMs_NtCslN0W4V6L9d9_7aqa_asm11interpreterINtB4_11InterpreterINtNtNtNtCs2FIVCi1Wrow_3std2io8buffered9bufreader9BufReaderINtNtB15_6cursor6CursorRShEEIB1W_QINtNtCsaz9ix1H7t6h_5alloc3vec3VechEEE21interpret_cmp_literalB6_
FN:230,_RNvMs_NtCslN0W4V6L9d9_7aqa_asm11interpreterINtB4_11InterpreterINtNtNtNtCs2FIVCi1Wrow_3std2io8buffered9bufreader9BufReaderNtNtB15_5stdio5StdinENtB1X_6StdoutE21interpret_cmp_literalB6_
FN:238,_RNvMs_NtCslN0W4V6L9d9_7aqa_asm11interpreterINtB4_11InterpreterINtNtNtNtCs2FIVCi1Wrow_3std2io8buffered9bufreader9BufReaderINtNtB15_6cursor6CursorRAhj0_EEIB1W_QINtNtCsaz9ix1H7t6h_5alloc3vec3VechEEE11interpret_bB6_
FN:238,_RNvMs_NtCslN0W4V6L9d9_7aqa_asm11interpreterINtB4_11InterpreterINtNtNtNtCs2FIVCi1Wrow_3std2io8buffered9bufreader9BufReaderINtNtB15_6cursor6CursorRShEEIB1W_QINtNtCsaz9ix1H7t6h_5alloc3vec3VechEEE11interpret_bB6_
FN:238,_RNvMs_NtCslN0W4V6L9d9_7aqa_asm11interpreterINtB4_11InterpreterINtNtNtNtCs2FIVCi1Wrow_3std2io8buffered9bufreader9BufReaderNtNtB15_5stdio5StdinENtB1X_6StdoutE11interpret_bB6_
FN:244,_RNvMs_NtCslN0W4V6L9d9_7aqa_asm11interpreterINtB4_11InterpreterINtNtNtNtCs2FIVCi1Wrow_3std2io8buffered9bufreader9BufReaderINtNtB15_6cursor6CursorRAhj0_EEIB1W_QINtNtCsaz9ix1H7t6h_5alloc3vec3VechEEE13interpret_beqB6_
FN:244,_RNvMs_NtCslN0W4V6L9d9_7aqa_asm11interpreterINtB4_11InterpreterINtNtNtNtCs2FIVCi1Wrow_3std2io8buffered9bufreader9BufReaderINtNtB15_6cursor6CursorRShEEIB1W_QINtNtCsaz9ix1H7t6h_5alloc3vec3VechEEE13interpret_beqB6_
FN:244,_RNvMs_NtCslN0W4V6L9d9_7aqa_asm11interpreterINtB4_11InterpreterINtNtNtNtCs2FIVCi1Wrow_3std2io8buffered9bufreader9BufReaderNtNtB15_5stdio5StdinENtB1X_6StdoutE13interpret_beqB6_
FN:254,_RNvMs_NtCslN0W4V6L9d9_7aqa_asm11interpreterINtB4_11InterpreterINtNtNtNtCs2FIVCi1Wrow_3std2io8buffered9bufreader9BufReaderINtNtB15_6cursor6CursorRAhj0_EEIB1W_QINtNtCsaz9ix1H7t6h_5alloc3vec3VechEEE13interpret_bneB6_
FN:254,_RNvMs_NtCslN0W4V6L9d9_7aqa_asm11interpreterINtB4_11InterpreterINtNtNtNtCs2FIVCi1Wrow_3std2io8buffered9bufreader9BufReaderINtNtB15_6cursor6CursorRShEEIB1W_QINtNtCsaz9ix1H7t6h_5alloc3vec3VechEEE13interpret_bneB6_
FN:254,_RNvMs_NtCslN0W4V6L9d9_7aqa_asm11interpreterINtB4_11InterpreterINtNtNtNtCs2FIVCi1Wrow_3std2io8buffered9bufreader9BufReaderNtNtB15_5stdio5StdinENtB1X_6StdoutE13interpret_bneB6_
FN:264,_RNvMs_NtCslN0W4V6L9d9_7aqa_asm11interpreterINtB4_11InterpreterINtNtNtNtCs2FIVCi1Wrow_3std2io8buffered9bufreader9BufReaderINtNtB15_6cursor6CursorRAhj0_EEIB1W_QINtNtCsaz9ix1H7t6h_5alloc3vec3VechEEE13interpret_bgtB6_
FN:264,_RNvMs_NtCslN0W4V6L9d9_7aqa_asm11interpreterINtB4_11InterpreterINtNtNtNtCs2FIVCi1Wrow_3std2io8buffered9bufreader9BufReaderINtNtB15_6cursor6CursorRShEEIB1W_QINtNtCsaz9ix1H7t6h_5alloc3vec3VechEEE13interpret_bgtB6_
FN:264,_RNvMs_NtCslN0W4V6L9d9_7aqa_asm11interpreterINtB4_11InterpreterINtNtNtNtCs2FIVCi1Wrow_3std2io8buffered9bufreader9BufReaderNtNtB15_5stdio5StdinENtB1X_6StdoutE13interpret_bgtB6_
FN:274,_RNvMs_NtCslN0W4V6L9d9_7aqa_asm11interpreterINtB4_11InterpreterINtNtNtNtCs2FIVCi1Wrow_3std2io8buffered9bufreader9BufReaderINtNtB15_6cursor6CursorRAhj0_EEIB1W_QINtNtCsaz9ix1H7t6h_5alloc3vec3VechEEE13interpret_bltB6_
FN:274,_RNvMs_NtCslN0W4V6L9d9_7aqa_asm11interpreterINtB4_11InterpreterINtNtNtNtCs2FIVCi1Wrow_3std2io8buffered9bufreader9BufReaderINtNtB15_6cursor6CursorRShEEIB1W_QINtNtCsaz9ix1H7t6h_5alloc3vec3VechEEE13interpret_bltB6_
FN:274,_RNvMs_NtCslN0W4V6L9d9_7aqa_asm11interpreterINtB4_11InterpreterINtNtNtNtCs2FIVCi1Wrow_3std2io8buffered9bufreader9BufReaderNtNtB15_5stdio5StdinENtB1X_6StdoutE13interpret_bltB6_
FN:284,_RNvMs_NtCslN0W4V6L9d9_7aqa_asm11interpreterINtB4_11InterpreterINtNtNtNtCs2FIVCi1Wrow_3std2io8buffered9bufreader9BufReaderINtNtB15_6cursor6CursorRAhj0_EEIB1W_QINtNtCsaz9ix1H7t6h_5alloc3vec3VechEEE22interpret_and_registerB6_
FN:284,_RNvMs_NtCslN0W4V6L9d9_7aqa_asm11interpreterINtB4_11InterpreterINtNtNtNtCs2FIVCi1Wrow_3std2io8buffered9bufreader9BufReaderINtNtB15_6cursor6CursorRShEEIB1W_QINtNtCsaz9ix1H7t6h_5alloc3vec3VechEEE22interpret_and_registerB6_
FN:284,_RNvMs_NtCslN0W4V6L9d9_7aqa_asm11interpreterINtB4_11InterpreterINtNtNtNtCs2FIVCi1Wrow_3std2io8buffered9bufreader9BufReaderNtNtB15_5stdio5StdinENtB1X_6StdoutE22interpret_and_registerB6_
FN:292,_RNvMs_NtCslN0W4V6L9d9_7aqa_asm11interpreterINtB4_11InterpreterINtNtNtNtCs2FIVCi1Wrow_3std2io8buffered9bufreader9BufReaderINtNtB15_6cursor6CursorRAhj0_EEIB1W_QINtNtCsaz9ix1H7t6h_5alloc3vec3VechEEE21interpret_and_literalB6_
FN:292,_RNvMs_NtCslN0W4V6L9d9_7aqa_asm11interpreterINtB4_11InterpreterINtNtNtNtCs2FIVCi1Wrow_3std2io8buffered9bufreader9BufReaderINtNtB15_6cursor6CursorRShEEIB1W_QINtNtCsaz9ix1H7t6h_5alloc3vec3VechEEE21interpret_and_literalB6_
FN:292,_RNvMs_NtCslN0W4V6L9d9_7aqa_asm11interpreterINtB4_11InterpreterINtNtNtNtCs2FIVCi1Wrow_3std2io8buffered9bufreader9BufReaderNtNtB15_5stdio5StdinENtB1X_6StdoutE21interpret_and_literalB6_
FN:300,_RNvMs_NtCslN0W4V6L9d9_7aqa_asm11interpreterINtB4_11InterpreterINtNtNtNtCs2FIVCi1Wrow_3std2io8buffered9bufreader9BufReaderINtNtB15_6cursor6CursorRAhj0_EEIB1W_QINtNtCsaz9ix1H7t6h_5alloc3vec3VechEEE22interpret_orr_registerB6_
FN:300,_RNvMs_NtCslN0W4V6L9d9_7aqa_asm11interpreterINtB4_11InterpreterINtNtNtNtCs2FIVCi1Wrow_3std2io8buffered9bufreader9BufReaderINtNtB15_6cursor6CursorRShEEIB1W_QINtNtCsaz9ix1H7t6h_5alloc3vec3VechEEE22interpret_orr_registerB6_
FN:300,_RNvMs_NtCslN0W4V6L9d9_7aqa_asm11interpreterINtB4_11InterpreterINtNtNtNtCs2FIVCi1Wrow_3std2io8buffered9bufreader9BufReaderNtNtB15_5stdio5StdinENtB1X_6StdoutE22interpret_orr_registerB6_
FN:308,_RNvMs_NtCslN0W4V6L9d9_7aqa_asm11interpreterINtB4_11InterpreterINtNtNtNtCs2FIVCi1Wrow_3std2io8buffered9bufreader9BufReaderINtNtB15_6cursor6CursorRAhj0_EEIB1W_QINtNtCsaz9ix1H7t6h_5alloc3vec3VechEEE21interpret_orr_literalB6_
FN:308,_RNvMs_NtCslN0W4V6L9d9_7aqa_asm11interpreterINtB4_11InterpreterINtNtNtNtCs2FIVCi1Wrow_3std2io8buffered9bufreader9BufReaderINtNtB15_6cursor6CursorRShEEIB1W_QINtNtCsaz9ix1H7t6h_5alloc3vec3VechEEE21interpret_orr_literalB6_
FN:308,_RNvMs_NtCslN0W4V6L9d9_7aqa_asm11interpreterINtB4_11InterpreterINtNtNtNtCs2FIVCi1Wrow_3std2io8buffered9bufreader9BufReaderNtNtB15_5stdio5StdinENtB1X_6StdoutE21interpret_orr_literalB6_
FN:316,_RNvMs_NtCslN0W4V6L9d9_7aqa_asm11interpreterINtB4_11InterpreterINtNtNtNtCs2FIVCi1Wrow_3std2io8buffered9bufreader9BufReaderINtNtB15_6cursor6CursorRAhj0_EEIB1W_QINtNtCsaz9ix1H7t6h_5alloc3vec3VechEEE22interpret_eor_registerB6_
FN:316,_RNvMs_NtCslN0W4V6L9d9_7aqa_asm11interpreterINtB4_11InterpreterINtNtNtNtCs2FIVCi1Wrow_3std2io8buffered9bufreader9BufReaderINtNtB15_6cursor6CursorRShEEIB1W_QINtNtCsaz9ix1H7t6h_5alloc3vec3VechEEE22interpret_eor_registerB6_
FN:316,_RNvMs_NtCslN0W4V6L9d9_7aqa_asm11interpreterINtB4_11InterpreterINtNtNtNtCs2FIVCi1Wrow_3std2io8buffered9bufreader9BufReaderNtNtB15_5stdio5StdinENtB1X_6StdoutE22interpret_eor_registerB6_
FN:324,_RNvMs_NtCslN0W4V6L9d9_7aqa_asm11interpreterINtB4_11InterpreterINtNtNtNtCs2FIVCi1Wrow_3std2io8buffered9bufreader9BufReaderINtNtB15_6cursor6CursorRAhj0_EEIB1W_QINtNtCsaz9ix1H7t6h_5alloc3vec3VechEEE21interpret_eor_literalB6_
FN:324,_RNvMs_NtCslN0W4V6L9d9_7aqa_asm11interpreterINtB4_11InterpreterINtNtNtNtCs2FIVCi1Wrow_3std2io8buffered9bufreader9BufReaderINtNtB15_6cursor6CursorRShEEIB1W_QINtNtCsaz9ix1H7t6h_5alloc3vec3VechEEE21interpret_eor_literalB6_
FN:324,_RNvMs_NtCslN0W4V6L9d9_7aqa_asm11interpreterINtB4_11InterpreterINtNtNtNtCs2FIVCi1Wrow_3std2io8buffered9bufreader9BufReaderNtNtB15_5stdio5StdinENtB1X_6StdoutE21interpret_eor_literalB6_
FN:332,_RNvMs_NtCslN0W4V6L9d9_7aqa_asm11interpreterINtB4_11InterpreterINtNtNtNtCs2FIVCi1Wrow_3std2io8buffered9bufreader9BufReaderINtNtB15_6cursor6CursorRAhj0_EEIB1W_QINtNtCsaz9ix1H7t6h_5alloc3vec3VechEEE22interpret_mvn_registerB6_
FN:332,_RNvMs_NtCslN0W4V6L9d9_7aqa_asm11interpreterINtB4_11InterpreterINtNtNtNtCs2FIVCi1Wrow_3std2io8buffered9bufreader9BufReaderINtNtB15_6cursor6CursorRShEEIB1W_QINtNtCsaz9ix1H7t6h_5alloc3vec3VechEEE22interpret_mvn_registerB6_
FN:332,_RNvMs_NtCslN0W4V6L9d9_7aqa_asm11interpreterINtB4_11InterpreterINtNtNtNtCs2FIVCi1Wrow_3std2io8buffered9bufreader9BufReaderNtNtB15_5stdio5StdinENtB1X_6StdoutE22interpret_mvn_registerB6_
FN:339,_RNvMs_NtCslN0W4V6L9d9_7aqa_asm11interpreterINtB4_11InterpreterINtNtNtNtCs2FIVCi1Wrow_3std2io8buffered9bufreader9BufReaderINtNtB15_6cursor6CursorRAhj0_EEIB1W_QINtNtCsaz9ix1H7t6h_5alloc3vec3VechEEE21interpret_mvn_literalB6_
FN:339,_RNvMs_NtCslN0W4V6L9d9_7aqa_asm11interpreterINtB4_11InterpreterINtNtNtNtCs2FIVCi1Wrow_3std2io8buffered9bufreader9BufReaderINtNtB15_6cursor6CursorRShEEIB1W_QINtNtCsaz9ix1H7t6h_5alloc3vec3VechEEE21interpret_mvn_literalB6_
FN:339,_RNvMs_NtCslN0W4V6L9d9_7aqa_asm11interpreterINtB4_11InterpreterINtNtNtNtCs2FIVCi1Wrow_3std2io8buffered9bufreader9BufReaderNtNtB15_5stdio5StdinENtB1X_6StdoutE21interpret_mvn_literalB6_
FN:346,_RNvMs_NtCslN0W4V6L9d9_7aqa_asm11interpreterINtB4_11InterpreterINtNtNtNtCs2FIVCi1Wrow_3std2io8buffered9bufreader9BufReaderINtNtB15_6cursor6CursorRAhj0_EEIB1W_QINtNtCsaz9ix1H7t6h_5alloc3vec3VechEEE22interpret_lsl_registerB6_
FN:346,_RNvMs_NtCslN0W4V6L9d9_7aqa_asm11interpreterINtB4_11InterpreterINtNtNtNtCs2FIVCi1Wrow_3std2io8buffered9bufreader9BufReaderINtNtB15_6cursor6CursorRShEEIB1W_QINtNtCsaz9ix1H7t6h_5alloc3vec3VechEEE22interpret_lsl_registerB6_
FN:346,_RNvMs_NtCslN0W4V6L9d9_7aqa_asm11interpreterINtB4_11InterpreterINtNtNtNtCs2FIVCi1Wrow_3std2io8buffered9bufreader9BufReaderNtNtB15_5stdio5StdinENtB1X_6StdoutE22interpret_lsl_registerB6_
FN:354,_RNvMs_NtCslN0W4V6L9d9_7aqa_asm11interpreterINtB4_11InterpreterINtNtNtNtCs2FIVCi1Wrow_3std2io8buffered9bufreader9BufReaderINtNtB15_6cursor6CursorRAhj0_EEIB1W_QINtNtCsaz9ix1H7t6h_5alloc3vec3VechEEE21interpret_lsl_literalB6_
FN:354,_RNvMs_NtCslN0W4V6L9d9_7aqa_asm11interpreterINtB4_11InterpreterINtNtNtNtCs2FIVCi1Wrow_3std2io8buffered9bufreader9BufReaderINtNtB15_6cursor6CursorRShEEIB1W_QINtNtCsaz9ix1H7t6h_5alloc3vec3VechEEE21interpret_lsl_literalB6_
FN:354,_RNvMs_NtCslN0W4V6L9d9_7aqa_asm11interpreterINtB4_11InterpreterINtNtNtNtCs2FIVCi1Wrow_3std2io8buffered9bufreader9BufReaderNtNtB15_5stdio5StdinENtB1X_6StdoutE21interpret_lsl_literalB6_
FN:362,_RNvMs_NtCslN0W4V6L9d9_7aqa_asm11interpreterINtB4_11InterpreterINtNtNtNtCs2FIVCi1Wrow_3std2io8buffered9bufreader9BufReaderINtNtB15_6cursor6CursorRAhj0_EEIB1W_QINtNtCsaz9ix1H7t6h_5alloc3vec3VechEEE22interpret_lsr_registerB6_
FN:362,_RNvMs_NtCslN0W4V6L9d9_7aqa_asm11interpreterINtB4_11InterpreterINtNtNtNtCs2FIVCi1Wrow_3std2io8buffered9bufreader9BufReaderINtNtB15_6cursor6CursorRShEEIB1W_QINtNtCsaz9ix1H7t6h_5alloc3vec3VechEEE22interpret_lsr_registerB6_
FN:362,_RNvMs_NtCslN0W4V6L9d9_7aqa_asm11interpreterINtB4_11InterpreterINtNtNtNtCs2FIVCi1Wrow_3std2io8buffered9bufreader9BufReaderNtNtB15_5stdio5StdinENtB1X_6StdoutE22interpret_lsr_registerB6_
FN:370,_RNvMs_NtCslN0W4V6L9d9_7aqa_asm11interpreterINtB4_11InterpreterINtNtNtNtCs2FIVCi1Wrow_3std2io8buffered9bufreader9BufReaderINtNtB15_6cursor6CursorRAhj0_EEIB1W_QINtNtCsaz9ix1H7t6h_5alloc3vec3VechEEE21interpret_lsr_literalB6_
FN:370,_RNvMs_NtCslN0W4V6L9d9_7aqa_asm11interpreterINtB4_11InterpreterINtNtNtNtCs2FIVCi1Wrow_3std2io8buffered9bufreader9BufReaderINtNtB15_6cursor6CursorRShEEIB1W_QINtNtCsaz9ix1H7t6h_5alloc3vec3VechEEE21interpret_lsr_literalB6_
FN:370,_RNvMs_NtCslN0W4V6L9d9_7aqa_asm11interpreterINtB4_11InterpreterINtNtNtNtCs2FIVCi1Wrow_3std2io8buffered9bufreader9BufReaderNtNtB15_5stdio5StdinENtB1X_6StdoutE21interpret_lsr_literalB6_
FN:378,_RNvMs_NtCslN0W4V6L9d9_7aqa_asm11interpreterINtB4_11InterpreterINtNtNtNtCs2FIVCi1Wrow_3std2io8buffered9bufreader9BufReaderINtNtB15_6cursor6CursorRAhj0_EEIB1W_QINtNtCsaz9ix1H7t6h_5alloc3vec3VechEEE24interpret_print_registerB6_
FN:378,_RNvMs_NtCslN0W4V6L9d9_7aqa_asm11interpreterINtB4_11InterpreterINtNtNtNtCs2FIVCi1Wrow_3std2io8buffered9bufreader9BufReaderINtNtB15_6cursor6CursorRShEEIB1W_QINtNtCsaz9ix1H7t6h_5alloc3vec3VechEEE24interpret_print_registerB6_
FN:378,_RNvMs_NtCslN0W4V6L9d9_7aqa_asm11interpreterINtB4_11InterpreterINtNtNtNtCs2FIVCi1Wrow_3std2io8buffered9bufreader9BufReaderNtNtB15_5stdio5StdinENtB1X_6StdoutE24interpret_print_registerB6_
FN:384,_RNvMs_NtCslN0W4V6L9d9_7aqa_asm11interpreterINtB4_11InterpreterINtNtNtNtCs2FIVCi1Wrow_3std2io8buffered9bufreader9BufReaderINtNtB15_6cursor6CursorRAhj0_EEIB1W_QINtNtCsaz9ix1H7t6h_5alloc3vec3VechEEE22interpret_print_memoryB6_
FN:384,_RNvMs_NtCslN0W4V6L9d9_7aqa_asm11interpreterINtB4_11InterpreterINtNtNtNtCs2FIVCi1Wrow_3std2io8buffered9bufreader9BufReaderINtNtB15_6cursor6CursorRShEEIB1W_QINtNtCsaz9ix1H7t6h_5alloc3vec3VechEEE22interpret_print_memoryB6_
FN:384,_RNvMs_NtCslN0W4V6L9d9_7aqa_asm11interpreterINtB4_11InterpreterINtNtNtNtCs2FIVCi1Wrow_3std2io8buffered9bufreader9BufReaderNtNtB15_5stdio5StdinENtB1X_6StdoutE22interpret_print_memoryB6_
FN:393,_RNvMs_NtCslN0W4V6L9d9_7aqa_asm11interpreterINtB4_11InterpreterINtNtNtNtCs2FIVCi1Wrow_3std2io8buffered9bufreader9BufReaderINtNtB15_6cursor6CursorRAhj0_EEIB1W_QINtNtCsaz9ix1H7t6h_5alloc3vec3VechEEE24interpret_input_registerB6_
FN:393,_RNvMs_NtCslN0W4V6L9d9_7aqa_asm11interpreterINtB4_11InterpreterINtNtNtNtCs2FIVCi1Wrow_3std2io8buffered9bufreader9BufReaderINtNtB15_6cursor6CursorRShEEIB1W_QINtNtCsaz9ix1H7t6h_5alloc3vec3VechEEE24interpret_input_registerB6_
FN:393,_RNvMs_NtCslN0W4V6L9d9_7aqa_asm11interpreterINtB4_11InterpreterINtNtNtNtCs2FIVCi1Wrow_3std2io8buffered9bufreader9BufReaderNtNtB15_5stdio5StdinENtB1X_6StdoutE24interpret_input_registerB6_
FN:399,_RNvMs_NtCslN0W4V6L9d9_7aqa_asm11interpreterINtB4_11InterpreterINtNtNtNtCs2FIVCi1Wrow_3std2io8buffered9bufreader9BufReaderINtNtB15_6cursor6CursorRAhj0_EEIB1W_QINtNtCsaz9ix1H7t6h_5alloc3vec3VechEEE22interpret_input_memoryB6_
FN:399,_RNvMs_NtCslN0W4V6L9d9_7aqa_asm11interpreterINtB4_11InterpreterINtNtNtNtCs2FIVCi1Wrow_3std2io8buffered9bufreader9BufReaderINtNtB15_6cursor6CursorRShEEIB1W_QINtNtCsaz9ix1H7t6h_5alloc3vec3VechEEE22interpret_input_memoryB6_
FN:399,_RNvMs_NtCslN0W4V6L9d9_7aqa_asm11interpreterINtB4_11InterpreterINtNtNtNtCs2FIVCi1Wrow_3std2io8buffered9bufreader9BufReaderNtNtB15_5stdio5StdinENtB1X_6StdoutE22interpret_input_memoryB6_
FN:24,_RNvMNtCslN0W4V6L9d9_7aqa_asm11interpreterINtB2_11InterpreterINtNtNtNtCs2FIVCi1Wrow_3std2io8buffered9bufreader9BufReaderNtNtB13_5stdio5StdinENtB1V_6StdoutE9interpret
FNDA:33,_RNvNtNtCslN0W4V6L9d9_7aqa_asm11interpreter5tests17load_test_program
FNDA:1,_RNvNtNtCslN0W4V6L9d9_7aqa_asm11interpreter5testss_8test_nop
FNDA:1,_RNvNtNtCslN0W4V6L9d9_7aqa_asm11interpreter5testss_8test_ldr
FNDA:1,_RNvNtNtCslN0W4V6L9d9_7aqa_asm11interpreter5testss_8test_str
FNDA:1,_RNvNtNtCslN0W4V6L9d9_7aqa_asm11interpreter5testss_8test_add
FNDA:1,_RNvNtNtCslN0W4V6L9d9_7aqa_asm11interpreter5testss_8test_sub
FNDA:1,_RNvNtNtCslN0W4V6L9d9_7aqa_asm11interpreter5testss_8test_mov
FNDA:1,_RNvNtNtCslN0W4V6L9d9_7aqa_asm11interpreter5testss_22test_cmp_equal_numbers
FNDA:1,_RNvNtNtCslN0W4V6L9d9_7aqa_asm11interpreter5testss_21test_cmp_greater_than
FNDA:1,_RNvNtNtCslN0W4V6L9d9_7aqa_asm11interpreter5testss_18test_cmp_less_than
FNDA:1,_RNvNtNtCslN0W4V6L9d9_7aqa_asm11interpreter5testss_25test_unconditional_branch
FNDA:1,_RNvNtNtCslN0W4V6L9d9_7aqa_asm11interpreter5testss_8test_beq
FNDA:1,_RNvNtNtCslN0W4V6L9d9_7aqa_asm11interpreter5testss_8test_bne
FNDA:1,_RNvNtNtCslN0W4V6L9d9_7aqa_asm11interpreter5testss_8test_bgt
FNDA:1,_RNvNtNtCslN0W4V6L9d9_7aqa_asm11interpreter5testss_8test_blt
FNDA:1,_RNvNtNtCslN0W4V6L9d9_7aqa_asm11interpreter5testss_8test_and
FNDA:1,_RNvNtNtCslN0W4V6L9d9_7aqa_asm11interpreter5testss_8test_orr
FNDA:1,_RNvNtNtCslN0W4V6L9d9_7aqa_asm11interpreter5testss_8test_eor
FNDA:1,_RNvNtNtCslN0W4V6L9d9_7aqa_asm11interpreter5testss_8test_mvn
FNDA:1,_RNvNtNtCslN0W4V6L9d9_7aqa_asm11interpreter5testss_8test_lsl
FNDA:1,_RNvNtNtCslN0W4V6L9d9_7aqa_asm11interpreter5testss_8test_lsr
FNDA:1,_RNvNtNtCslN0W4V6L9d9_7aqa_asm11interpreter5testss_29test_interpret_print_register
FNDA:1,_RNvNtNtCslN0W4V6L9d9_7aqa_asm11interpreter5testss_17test_print_memory
FNDA:1,_RNvNtNtCslN0W4V6L9d9_7aqa_asm11interpreter5testss_29test_interpret_input_register
FNDA:1,_RNvNtNtCslN0W4V6L9d9_7aqa_asm11interpreter5testss_27test_interpret_input_memory
FNDA:1,_RNvNtNtCslN0W4V6L9d9_7aqa_asm11interpreter5testss_9test_halt
FNDA:1,_RNvNtNtCslN0W4V6L9d9_7aqa_asm11interpreter5testss_23test_out_of_bounds_read
FNDA:1,_RNvNtNtCslN0W4V6L9d9_7aqa_asm11interpreter5testss_24test_out_of_bounds_write
FNDA:1,_RNvNtNtCslN0W4V6L9d9_7aqa_asm11interpreter5testss_24test_read_past_of_memory
FNDA:1,_RNvNtNtCslN0W4V6L9d9_7aqa_asm11interpreter5testss_25test_read_past_max_memory
FNDA:1,_RNvNtNtCslN0W4V6L9d9_7aqa_asm11interpreter5testss_19test_invalid_opcode
FNDA:2,_RNvMs_NtCslN0W4V6L9d9_7aqa_asm11interpreterINtB4_11InterpreterINtNtNtNtCs2FIVCi1Wrow_3std2io8buffered9bufreader9BufReaderINtNtB15_6cursor6CursorRAhj0_EEIB1W_QINtNtCsaz9ix1H7t6h_5alloc3vec3VechEEE19interpret_custom_ioB6_
FNDA:9,_RNvMs_NtCslN0W4V6L9d9_7aqa_asm11interpreterINtB4_11InterpreterINtNtNtNtCs2FIVCi1Wrow_3std2io8buffered9bufreader9BufReaderINtNtB15_6cursor6CursorRShEEIB1W_QINtNtCsaz9ix1H7t6h_5alloc3vec3VechEEE19interpret_custom_ioB6_
FNDA:25,_RNvMs_NtCslN0W4V6L9d9_7aqa_asm11interpreterINtB4_11InterpreterINtNtNtNtCs2FIVCi1Wrow_3std2io8buffered9bufreader9BufReaderNtNtB15_5stdio5StdinENtB1X_6StdoutE19interpret_custom_ioB6_
FNDA:0,_RNvMs_NtCslN0W4V6L9d9_7aqa_asm11interpreterINtB4_11InterpreterINtNtNtNtCs2FIVCi1Wrow_3std2io8buffered9bufreader9BufReaderINtNtB15_6cursor6CursorRAhj0_EEIB1W_QINtNtCsaz9ix1H7t6h_5alloc3vec3VechEEE9read_lineB6_
FNDA:15,_RNvMs_NtCslN0W4V6L9d9_7aqa_asm11interpreterINtB4_11InterpreterINtNtNtNtCs2FIVCi1Wrow_3std2io8buffered9bufreader9BufReaderINtNtB15_6cursor6CursorRShEEIB1W_QINtNtCsaz9ix1H7t6h_5alloc3vec3VechEEE9read_lineB6_
FNDA:0,_RNvMs_NtCslN0W4V6L9d9_7aqa_asm11interpreterINtB4_11InterpreterINtNtNtNtCs2FIVCi1Wrow_3std2io8buffered9bufreader9BufReaderNtNtB15_5stdio5StdinENtB1X_6StdoutE9read_lineB6_
FNDA:2,_RNvMs_NtCslN0W4V6L9d9_7aqa_asm11interpreterINtB4_11InterpreterINtNtNtNtCs2FIVCi1Wrow_3std2io8buffered9bufreader9BufReaderINtNtB15_6cursor6CursorRAhj0_EEIB1W_QINtNtCsaz9ix1H7t6h_5alloc3vec3VechEEE10write_lineB6_
FNDA:262,_RNvMs_NtCslN0W4V6L9d9_7aqa_asm11interpreterINtB4_11InterpreterINtNtNtNtCs2FIVCi1Wrow_3std2io8buffered9bufreader9BufReaderINtNtB15_6cursor6CursorRShEEIB1W_QINtNtCsaz9ix1H7t6h_5alloc3vec3VechEEE10write_lineB6_
FNDA:0,_RNvMs_NtCslN0W4V6L9d9_7aqa_asm11interpreterINtB4_11InterpreterINtNtNtNtCs2FIVCi1Wrow_3std2io8buffered9bufreader9BufReaderNtNtB15_5stdio5StdinENtB1X_6StdoutE10write_lineB6_
FNDA:2,_RNvMs_NtCslN0W4V6L9d9_7aqa_asm11interpreterINtB4_11InterpreterINtNtNtNtCs2FIVCi1Wrow_3std2io8buffered9bufreader9BufReaderINtNtB15_6cursor6CursorRAhj0_EEIB1W_QINtNtCsaz9ix1H7t6h_5alloc3vec3VechEEE18internal_interpretB6_
FNDA:9,_RNvMs_NtCslN0W4V6L9d9_7aqa_asm11interpreterINtB4_11InterpreterINtNtNtNtCs2FIVCi1Wrow_3std2io8buffered9bufreader9BufReaderINtNtB15_6cursor6CursorRShEEIB1W_QINtNtCsaz9ix1H7t6h_5alloc3vec3VechEEE18internal_interpretB6_
FNDA:35,_RNvMs_NtCslN0W4V6L9d9_7aqa_asm11interpreterINtB4_11InterpreterINtNtNtNtCs2FIVCi1Wrow_3std2io8buffered9bufreader9BufReaderNtNtB15_5stdio5StdinENtB1X_6StdoutE18internal_interpretB6_
FNDA:6,_RNvMs_NtCslN0W4V6L9d9_7aqa_asm11interpreterINtB4_11InterpreterINtNtNtNtCs2FIVCi1Wrow_3std2io8buffered9bufreader9BufReaderINtNtB15_6cursor6CursorRAhj0_EEIB1W_QINtNtCsaz9ix1H7t6h_5alloc3vec3VechEEE24read_next_memory_addressB6_
FNDA:3319,_RNvMs_NtCslN0W4V6L9d9_7aqa_asm11interpreterINtB4_11InterpreterINtNtNtNtCs2FIVCi1Wrow_3std2io8buffered9bufreader9BufReaderINtNtB15_6cursor6CursorRShEEIB1W_QINtNtCsaz9ix1H7t6h_5alloc3vec3VechEEE24read_next_memory_addressB6_
FNDA:148,_RNvMs_NtCslN0W4V6L9d9_7aqa_asm11interpreterINtB4_11InterpreterINtNtNtNtCs2FIVCi1Wrow_3std2io8buffered9bufreader9BufReaderNtNtB15_5stdio5StdinENtB1X_6StdoutE24read_next_memory_addressB6_
FNDA:1,_RNvMs_NtCslN0W4V6L9d9_7aqa_asm11interpreterINtB4_11InterpreterINtNtNtNtCs2FIVCi1Wrow_3std2io8buffered9bufreader9BufReaderINtNtB15_6cursor6CursorRAhj0_EEIB1W_QINtNtCsaz9ix1H7t6h_5alloc3vec3VechEEE19read_memory_addressB6_
FNDA:0,_RNvMs_NtCslN0W4V6L9d9_7aqa_asm11interpreterINtB4_11InterpreterINtNtNtNtCs2FIVCi1Wrow_3std2io8buffered9bufreader9BufReaderINtNtB15_6cursor6CursorRShEEIB1W_QINtNtCsaz9ix1H7t6h_5alloc3vec3VechEEE19read_memory_addressB6_
FNDA:2,_RNvMs_NtCslN0W4V6L9d9_7aqa_asm11interpreterINtB4_11InterpreterINtNtNtNtCs2FIVCi1Wrow_3std2io8buffered9bufreader9BufReaderNtNtB15_5stdio5StdinENtB1X_6StdoutE19read_memory_addressB6_
FNDA:0,_RNvMs_NtCslN0W4V6L9d9_7aqa_asm11interpreterINtB4_11InterpreterINtNtNtNtCs2FIVCi1Wrow_3std2io8buffered9bufreader9BufReaderINtNtB15_6cursor6CursorRAhj0_EEIB1W_QINtNtCsaz9ix1H7t6h_5alloc3vec3VechEEE20write_memory_addressB6_
FNDA:1,_RNvMs_NtCslN0W4V6L9d9_7aqa_asm11interpreterINtB4_11InterpreterINtNtNtNtCs2FIVCi1Wrow_3std2io8buffered9bufreader9BufReaderINtNtB15_6cursor6CursorRShEEIB1W_QINtNtCsaz9ix1H7t6h_5alloc3vec3VechEEE20write_memory_addressB6_
FNDA:2,_RNvMs_NtCslN0W4V6L9d9_7aqa_asm11interpreterINtB4_11InterpreterINtNtNtNtCs2FIVCi1Wrow_3std2io8buffered9bufreader9BufReaderNtNtB15_5stdio5StdinENtB1X_6StdoutE20write_memory_addressB6_
FNDA:0,_RNvMs_NtCslN0W4V6L9d9_7aqa_asm11interpreterINtB4_11InterpreterINtNtNtNtCs2FIVCi1Wrow_3std2io8buffered9bufreader9BufReaderINtNtB15_6cursor6CursorRAhj0_EEIB1W_QINtNtCsaz9ix1H7t6h_5alloc3vec3VechEEE13take_u8_inputB6_
FNDA:15,_RNvMs_NtCslN0W4V6L9d9_7aqa_asm11interpreterINtB4_11InterpreterINtNtNtNtCs2FIVCi1Wrow_3std2io8buffered9bufreader9BufReaderINtNtB15_6cursor6CursorRShEEIB1W_QINtNtCsaz9ix1H7t6h_5alloc3vec3VechEEE13take_u8_inputB6_
FNDA:0,_RNvMs_NtCslN0W4V6L9d9_7aqa_asm11interpreterINtB4_11InterpreterINtNtNtNtCs2FIVCi1Wrow_3std2io8buffered9bufreader9BufReaderNtNtB15_5stdio5StdinENtB1X_6StdoutE13take_u8_inputB6_
FNDA:0,_RNvMs_NtCslN0W4V6L9d9_7aqa_asm11interpreterINtB4_11InterpreterINtNtNtNtCs2FIVCi1Wrow_3std2io8buffered9bufreader9BufReaderINtNtB15_6cursor6CursorRAhj0_EEIB1W_QINtNtCsaz9ix1H7t6h_5alloc3vec3VechEEE13interpret_ldrB6_
FNDA:0,_RNvMs_NtCslN0W4V6L9d9_7aqa_asm11interpreterINtB4_11InterpreterINtNtNtNtCs2FIVCi1Wrow_3std2io8buffered9bufreader9BufReaderINtNtB15_6cursor6CursorRShEEIB1W_QINtNtCsaz9ix1H7t6h_5alloc3vec3VechEEE13interpret_ldrB6_
FNDA:2,_RNvMs_NtCslN0W4V6L9d9_7aqa_asm11interpreterINtB4_11InterpreterINtNtNtNtCs2FIVCi1Wrow_3std2io8buffered9bufreader9BufReaderNtNtB15_5stdio5StdinENtB1X_6StdoutE13interpret_ldrB6_
FNDA:0,_RNvMs_NtCslN0W4V6L9d9_7aqa_asm11interpreterINtB4_11InterpreterINtNtNtNtCs2FIVCi1Wrow_3std2io8buffered9bufreader9BufReaderINtNtB15_6cursor6CursorRAhj0_EEIB1W_QINtNtCsaz9ix1H7t6h_5alloc3vec3VechEEE13interpret_strB6_
FNDA:0,_RNvMs_NtCslN0W4V6L9d9_7aqa_asm11interpreterINtB4_11InterpreterINtNtNtNtCs2FIVCi1Wrow_3std2io8buffered9bufreader9BufReaderINtNtB15_6cursor6CursorRShEEIB1W_QINtNtCsaz9ix1H7t6h_5alloc3vec3VechEEE13interpret_strB6_
FNDA:2,_RNvMs_NtCslN0W4V6L9d9_7aqa_asm11interpreterINtB4_11InterpreterINtNtNtNtCs2FIVCi1Wrow_3std2io8buffered9bufreader9BufReaderNtNtB15_5stdio5StdinENtB1X_6StdoutE13interpret_strB6_
FNDA:0,_RNvMs_NtCslN0W4V6L9d9_7aqa_asm11interpreterINtB4_11InterpreterINtNtNtNtCs2FIVCi1Wrow_3std2io8buffered9bufreader9BufReaderINtNtB15_6cursor6CursorRAhj0_EEIB1W_QINtNtCsaz9ix1H7t6h_5alloc3vec3VechEEE22interpret_add_registerB6_
FNDA:13,_RNvMs_NtCslN0W4V6L9d9_7aqa_asm11interpreterINtB4_11InterpreterINtNtNtNtCs2FIVCi1Wrow_3std2io8buffered9bufreader9BufReaderINtNtB15_6cursor6CursorRShEEIB1W_QINtNtCsaz9ix1H7t6h_5alloc3vec3VechEEE22interpret_add_registerB6_
FNDA:1,_RNvMs_NtCslN0W4V6L9d9_7aqa_asm11interpreterINtB4_11InterpreterINtNtNtNtCs2FIVCi1Wrow_3std2io8buffered9bufreader9BufReaderNtNtB15_5stdio5StdinENtB1X_6StdoutE22interpret_add_registerB6_
FNDA:0,_RNvMs_NtCslN0W4V6L9d9_7aqa_asm11interpreterINtB4_11InterpreterINtNtNtNtCs2FIVCi1Wrow_3std2io8buffered9bufreader9BufReaderINtNtB15_6cursor6CursorRAhj0_EEIB1W_QINtNtCsaz9ix1H7t6h_5alloc3vec3VechEEE21interpret_add_literalB6_
FNDA:267,_RNvMs_NtCslN0W4V6L9d9_7aqa_asm11interpreterINtB4_11InterpreterINtNtNtNtCs2FIVCi1Wrow_3std2io8buffered9bufreader9BufReaderINtNtB15_6cursor6CursorRShEEIB1W_QINtNtCsaz9ix1H7t6h_5alloc3vec3VechEEE21interpret_add_literalB6_
FNDA:1,_RNvMs_NtCslN0W4V6L9d9_7aqa_asm11interpreterINtB4_11InterpreterINtNtNtNtCs2FIVCi1Wrow_3std2io8buffered9bufreader9BufReaderNtNtB15_5stdio5StdinENtB1X_6StdoutE21interpret_add_literalB6_
FNDA:0,_RNvMs_NtCslN0W4V6L9d9_7aqa_asm11interpreterINtB4_11InterpreterINtNtNtNtCs2FIVCi1Wrow_3std2io8buffered9bufreader9BufReaderINtNtB15_6cursor6CursorRAhj0_EEIB1W_QINtNtCsaz9ix1H7t6h_5alloc3vec3VechEEE22interpret_sub_registerB6_
FNDA:3,_RNvMs_NtCslN0W4V6L9d9_7aqa_asm11interpreterINtB4_11InterpreterINtNtNtNtCs2FIVCi1Wrow_3std2io8buffered9bufreader9BufReaderINtNtB15_6cursor6CursorRShEEIB1W_QINtNtCsaz9ix1H7t6h_5alloc3vec3VechEEE22interpret_sub_registerB6_
FNDA:1,_RNvMs_NtCslN0W4V6L9d9_7aqa_asm11interpreterINtB4_11InterpreterINtNtNtNtCs2FIVCi1Wrow_3std2io8buffered9bufreader9BufReaderNtNtB15_5stdio5StdinENtB1X_6StdoutE22interpret_sub_registerB6_
FNDA:0,_RNvMs_NtCslN0W4V6L9d9_7aqa_asm11interpreterINtB4_11InterpreterINtNtNtNtCs2FIVCi1Wrow_3std2io8buffered9bufreader9BufReaderINtNtB15_6cursor6CursorRAhj0_EEIB1W_QINtNtCsaz9ix1H7t6h_5alloc3vec3VechEEE21interpret_sub_literalB6_
FNDA:0,_RNvMs_NtCslN0W4V6L9d9_7aqa_asm11interpreterINtB4_11InterpreterINtNtNtNtCs2FIVCi1Wrow_3std2io8buffered9bufreader9BufReaderINtNtB15_6cursor6CursorRShEEIB1W_QINtNtCsaz9ix1H7t6h_5alloc3vec3VechEEE21interpret_sub_literalB6_
FNDA:1,_RNvMs_NtCslN0W4V6L9d9_7aqa_asm11interpreterINtB4_11InterpreterINtNtNtNtCs2FIVCi1Wrow_3std2io8buffered9bufreader9BufReaderNtNtB15_5stdio5StdinENtB1X_6StdoutE21interpret_sub_literalB6_
FNDA:0,_RNvMs_NtCslN0W4V6L9d9_7aqa_asm11interpreterINtB4_11InterpreterINtNtNtNtCs2FIVCi1Wrow_3std2io8buffered9bufreader9BufReaderINtNtB15_6cursor6CursorRAhj0_EEIB1W_QINtNtCsaz9ix1H7t6h_5alloc3vec3VechEEE22interpret_mov_registerB6_
FNDA:8,_RNvMs_NtCslN0W4V6L9d9_7aqa_asm11interpreterINtB4_11InterpreterINtNtNtNtCs2FIVCi1Wrow_3std2io8buffered9bufreader9BufReaderINtNtB15_6cursor6CursorRShEEIB1W_QINtNtCsaz9ix1H7t6h_5alloc3vec3VechEEE22interpret_mov_registerB6_
FNDA:1,_RNvMs_NtCslN0W4V6L9d9_7aqa_asm11interpreterINtB4_11InterpreterINtNtNtNtCs2FIVCi1Wrow_3std2io8buffered9bufreader9BufReaderNtNtB15_5stdio5StdinENtB1X_6StdoutE22interpret_mov_registerB6_
FNDA:0,_RNvMs_NtCslN0W4V6L9d9_7aqa_asm11interpreterINtB4_11InterpreterINtNtNtNtCs2FIVCi1Wrow_3std2io8buffered9bufreader9BufReaderINtNtB15_6cursor6CursorRAhj0_EEIB1W_QINtNtCsaz9ix1H7t6h_5alloc3vec3VechEEE21interpret_mov_literalB6_
FNDA:3,_RNvMs_NtCslN0W4V6L9d9_7aqa_asm11interpreterINtB4_11InterpreterINtNtNtNtCs2FIVCi1Wrow_3std2io8buffered9bufreader9BufReaderINtNtB15_6cursor6CursorRShEEIB1W_QINtNtCsaz9ix1H7t6h_5alloc3vec3VechEEE21interpret_mov_literalB6_
FNDA:1,_RNvMs_NtCslN0W4V6L9d9_7aqa_asm11interpreterINtB4_11InterpreterINtNtNtNtCs2FIVCi1Wrow_3std2io8buffered9bufreader9BufReaderNtNtB15_5stdio5StdinENtB1X_6StdoutE21interpret_mov_literalB6_
FNDA:0,_RNvMs_NtCslN0W4V6L9d9_7aqa_asm11interpreterINtB4_11InterpreterINtNtNtNtCs2FIVCi1Wrow_3std2io8buffered9bufreader9BufReaderINtNtB15_6cursor6CursorRAhj0_EEIB1W_QINtNtCsaz9ix1H7t6h_5alloc3vec3VechEEE22interpret_cmp_registerB6_
FNDA:6,_RNvMs_NtCslN0W4V6L9d9_7aqa_asm11interpreterINtB4_11InterpreterINtNtNtNtCs2FIVCi1Wrow_3std2io8buffered9bufreader9BufReaderINtNtB15_6cursor6CursorRShEEIB1W_QINtNtCsaz9ix1H7t6h_5alloc3vec3VechEEE22interpret_cmp_registerB6_
FNDA:3,_RNvMs_NtCslN0W4V6L9d9_7aqa_asm11interpreterINtB4_11InterpreterINtNtNtNtCs2FIVCi1Wrow_3std2io8buffered9bufreader9BufReaderNtNtB15_5stdio5StdinENtB1X_6StdoutE22interpret_cmp_registerB6_
FNDA:0,_RNvMs_NtCslN0W4V6L9d9_7aqa_asm11interpreterINtB4_11InterpreterINtNtNtNtCs2FIVCi1Wrow_3std2io8buffered9bufreader9BufReaderINtNtB15_6cursor6CursorRAhj0_EEIB1W_QINtNtCsaz9ix1H7t6h_5alloc3vec3VechEEE21interpret_cmp_literalB6_
FNDA:281,_RNvMs_NtCslN0W4V6L9d9_7aqa_asm11interpreterINtB4_11InterpreterINtNtNtNtCs2FIVCi1Wrow_3std2io8buffered9bufreader9BufReaderINtNtB15_6cursor6CursorRShEEIB1W_QINtNtCsaz9ix1H7t6h_5alloc3vec3VechEEE21interpret_cmp_literalB6_
FNDA:3,_RNvMs_NtCslN0W4V6L9d9_7aqa_asm11interpreterINtB4_11InterpreterINtNtNtNtCs2FIVCi1Wrow_3std2io8buffered9bufreader9BufReaderNtNtB15_5stdio5StdinENtB1X_6StdoutE21interpret_cmp_literalB6_
FNDA:0,_RNvMs_NtCslN0W4V6L9d9_7aqa_asm11interpreterINtB4_11InterpreterINtNtNtNtCs2FIVCi1Wrow_3std2io8buffered9bufreader9BufReaderINtNtB15_6cursor6CursorRAhj0_EEIB1W_QINtNtCsaz9ix1H7t6h_5alloc3vec3VechEEE11interpret_bB6_
FNDA:3,_RNvMs_NtCslN0W4V6L9d9_7aqa_asm11interpreterINtB4_11InterpreterINtNtNtNtCs2FIVCi1Wrow_3std2io8buffered9bufreader9BufReaderINtNtB15_6cursor6CursorRShEEIB1W_QINtNtCsaz9ix1H7t6h_5alloc3vec3VechEEE11interpret_bB6_
FNDA:1,_RNvMs_NtCslN0W4V6L9d9_7aqa_asm11interpreterINtB4_11InterpreterINtNtNtNtCs2FIVCi1Wrow_3std2io8buffered9bufreader9BufReaderNtNtB15_5stdio5StdinENtB1X_6StdoutE11interpret_bB6_
FNDA:0,_RNvMs_NtCslN0W4V6L9d9_7aqa_asm11interpreterINtB4_11InterpreterINtNtNtNtCs2FIVCi1Wrow_3std2io8buffered9bufreader9BufReaderINtNtB15_6cursor6CursorRAhj0_EEIB1W_QINtNtCsaz9ix1H7t6h_5alloc3vec3VechEEE13interpret_beqB6_
FNDA:12,_RNvMs_NtCslN0W4V6L9d9_7aqa_asm11interpreterINtB4_11InterpreterINtNtNtNtCs2FIVCi1Wrow_3std2io8buffered9bufreader9BufReaderINtNtB15_6cursor6CursorRShEEIB1W_QINtNtCsaz9ix1H7t6h_5alloc3vec3VechEEE13interpret_beqB6_
FNDA:2,_RNvMs_NtCslN0W4V6L9d9_7aqa_asm11interpreterINtB4_11InterpreterINtNtNtNtCs2FIVCi1Wrow_3std2io8buffered9bufreader9BufReaderNtNtB15_5stdio5StdinENtB1X_6StdoutE13interpret_beqB6_
FNDA:0,_RNvMs_NtCslN0W4V6L9d9_7aqa_asm11interpreterINtB4_11InterpreterINtNtNtNtCs2FIVCi1Wrow_3std2io8buffered9bufreader9BufReaderINtNtB15_6cursor6CursorRAhj0_EEIB1W_QINtNtCsaz9ix1H7t6h_5alloc3vec3VechEEE13interpret_bneB6_
FNDA:7,_RNvMs_NtCslN0W4V6L9d9_7aqa_asm11interpreterINtB4_11InterpreterINtNtNtNtCs2FIVCi1Wrow_3std2io8buffered9bufreader9BufReaderINtNtB15_6cursor6CursorRShEEIB1W_QINtNtCsaz9ix1H7t6h_5alloc3vec3VechEEE13interpret_bneB6_
FNDA:2,_RNvMs_NtCslN0W4V6L9d9_7aqa_asm11interpreterINtB4_11InterpreterINtNtNtNtCs2FIVCi1Wrow_3std2io8buffered9bufreader9BufReaderNtNtB15_5stdio5StdinENtB1X_6StdoutE13interpret_bneB6_
FNDA:0,_RNvMs_NtCslN0W4V6L9d9_7aqa_asm11interpreterINtB4_11InterpreterINtNtNtNtCs2FIVCi1Wrow_3std2io8buffered9bufreader9BufReaderINtNtB15_6cursor6CursorRAhj0_EEIB1W_QINtNtCsaz9ix1H7t6h_5alloc3vec3VechEEE13interpret_bgtB6_
FNDA:0,_RNvMs_NtCslN0W4V6L9d9_7aqa_asm11interpreterINtB4_11InterpreterINtNtNtNtCs2FIVCi1Wrow_3std2io8buffered9bufreader9BufReaderINtNtB15_6cursor6CursorRShEEIB1W_QINtNtCsaz9ix1H7t6h_5alloc3vec3VechEEE13interpret_bgtB6_
FNDA:3,_RNvMs_NtCslN0W4V6L9d9_7aqa_asm11interpreterINtB4_11InterpreterINtNtNtNtCs2FIVCi1Wrow_3std2io8buffered9bufreader9BufReaderNtNtB15_5stdio5StdinENtB1X_6StdoutE13interpret_bgtB6_
FNDA:0,_RNvMs_NtCslN0W4V6L9d9_7aqa_asm11interpreterINtB4_11InterpreterINtNtNtNtCs2FIVCi1Wrow_3std2io8buffered9bufreader9BufReaderINtNtB15_6cursor6CursorRAhj0_EEIB1W_QINtNtCsaz9ix1H7t6h_5alloc3vec3VechEEE13interpret_bltB6_
FNDA:269,_RNvMs_NtCslN0W4V6L9d9_7aqa_asm11interpreterINtB4_11InterpreterINtNtNtNtCs2FIVCi1Wrow_3std2io8buffered9bufreader9BufReaderINtNtB15_6cursor6CursorRShEEIB1W_QINtNtCsaz9ix1H7t6h_5alloc3vec3VechEEE13interpret_bltB6_
FNDA:3,_RNvMs_NtCslN0W4V6L9d9_7aqa_asm11interpreterINtB4_11InterpreterINtNtNtNtCs2FIVCi1Wrow_3std2io8buffered9bufreader9BufReaderNtNtB15_5stdio5StdinENtB1X_6StdoutE13interpret_bltB6_
FNDA:0,_RNvMs_NtCslN0W4V6L9d9_7aqa_asm11interpreterINtB4_11InterpreterINtNtNtNtCs2FIVCi1Wrow_3std2io8buffered9bufreader9BufReaderINtNtB15_6cursor6CursorRAhj0_EEIB1W_QINtNtCsaz9ix1H7t6h_5alloc3vec3VechEEE22interpret_and_registerB6_
FNDA:0,_RNvMs_NtCslN0W4V6L9d9_7aqa_asm11interpreterINtB4_11InterpreterINtNtNtNtCs2FIVCi1Wrow_3std2io8buffered9bufreader9BufReaderINtNtB15_6cursor6CursorRShEEIB1W_QINtNtCsaz9ix1H7t6h_5alloc3vec3VechEEE22interpret_and_registerB6_
FNDA:1,_RNvMs_NtCslN0W4V6L9d9_7aqa_asm11interpreterINtB4_11InterpreterINtNtNtNtCs2FIVCi1Wrow_3std2io8buffered9bufreader9BufReaderNtNtB15_5stdio5StdinENtB1X_6StdoutE22interpret_and_registerB6_
FNDA:0,_RNvMs_NtCslN0W4V6L9d9_7aqa_asm11interpreterINtB4_11InterpreterINtNtNtNtCs2FIVCi1Wrow_3std2io8buffered9bufreader9BufReaderINtNtB15_6cursor6CursorRAhj0_EEIB1W_QINtNtCsaz9ix1H7t6h_5alloc3vec3VechEEE21interpret_and_literalB6_
FNDA:14,_RNvMs_NtCslN0W4V6L9d9_7aqa_asm11interpreterINtB4_11InterpreterINtNtNtNtCs2FIVCi1Wrow_3std2io8buffered9bufreader9BufReaderINtNtB15_6cursor6CursorRShEEIB1W_QINtNtCsaz9ix1H7t6h_5alloc3vec3VechEEE21interpret_and_literalB6_
FNDA:1,_RNvMs_NtCslN0W4V6L9d9_7aqa_asm11interpreterINtB4_11InterpreterINtNtNtNtCs2FIVCi1Wrow_3std2io8buffered9bufreader9BufReaderNtNtB15_5stdio5StdinENtB1X_6StdoutE21interpret_and_literalB6_
FNDA:0,_RNvMs_NtCslN0W4V6L9d9_7aqa_asm11interpreterINtB4_11InterpreterINtNtNtNtCs2FIVCi1Wrow_3std2io8buffered9bufreader9BufReaderINtNtB15_6cursor6CursorRAhj0_EEIB1W_QINtNtCsaz9ix1H7t6h_5alloc3vec3VechEEE22interpret_orr_registerB6_
FNDA:0,_RNvMs_NtCslN0W4V6L9d9_7aqa_asm11interpreterINtB4_11InterpreterINtNtNtNtCs2FIVCi1Wrow_3std2io8buffered9bufreader9BufReaderINtNtB15_6cursor6CursorRShEEIB1W_QINtNtCsaz9ix1H7t6h_5alloc3vec3VechEEE22interpret_orr_registerB6_
FNDA:1,_RNvMs_NtCslN0W4V6L9d9_7aqa_asm11interpreterINtB4_11InterpreterINtNtNtNtCs2FIVCi1Wrow_3std2io8buffered9bufreader9BufReaderNtNtB15_5stdio5StdinENtB1X_6StdoutE22interpret_orr_registerB6_
FNDA:0,_RNvMs_NtCslN0W4V6L9d9_7aqa_asm11interpreterINtB4_11InterpreterINtNtNtNtCs2FIVCi1Wrow_3std2io8buffered9bufreader9BufReaderINtNtB15_6cursor6CursorRAhj0_EEIB1W_QINtNtCsaz9ix1H7t6h_5alloc3vec3VechEEE21interpret_orr_literalB6_
FNDA:0,_RNvMs_NtCslN0W4V6L9d9_7aqa_asm11interpreterINtB4_11InterpreterINtNtNtNtCs2FIVCi1Wrow_3std2io8buffered9bufreader9BufReaderINtNtB15_6cursor6CursorRShEEIB1W_QINtNtCsaz9ix1H7t6h_5alloc3vec3VechEEE21interpret_orr_literalB6_
FNDA:1,_RNvMs_NtCslN0W4V6L9d9_7aqa_asm11interpreterINtB4_11InterpreterINtNtNtNtCs2FIVCi1Wrow_3std2io8buffered9bufreader9BufReaderNtNtB15_5stdio5StdinENtB1X_6StdoutE21interpret_orr_literalB6_
FNDA:0,_RNvMs_NtCslN0W4V6L9d9_7aqa_asm11interpreterINtB4_11InterpreterINtNtNtNtCs2FIVCi1Wrow_3std2io8buffered9bufreader9BufReaderINtNtB15_6cursor6CursorRAhj0_EEIB1W_QINtNtCsaz9ix1H7t6h_5alloc3vec3VechEEE22interpret_eor_registerB6_
FNDA:0,_RNvMs_NtCslN0W4V6L9d9_7aqa_asm11interpreterINtB4_11InterpreterINtNtNtNtCs2FIVCi1Wrow_3std2io8buffered9bufreader9BufReaderINtNtB15_6cursor6CursorRShEEIB1W_QINtNtCsaz9ix1H7t6h_5alloc3vec3VechEEE22interpret_eor_registerB6_
FNDA:1,_RNvMs_NtCslN0W4V6L9d9_7aqa_asm11interpreterINtB4_11InterpreterINtNtNtNtCs2FIVCi1Wrow_3std2io8buffered9bufreader9BufReaderNtNtB15_5stdio5StdinENtB1X_6StdoutE22interpret_eor_registerB6_
FNDA:0,_RNvMs_NtCslN0W4V6L9d9_7aqa_asm11interpreterINtB4_11InterpreterINtNtNtNtCs2FIVCi1Wrow_3std2io8buffered9bufreader9BufReaderINtNtB15_6cursor6CursorRAhj0_EEIB1W_QINtNtCsaz9ix1H7t6h_5alloc3vec3VechEEE21interpret_eor_literalB6_
FNDA:0,_RNvMs_NtCslN0W4V6L9d9_7aqa_asm11interpreterINtB4_11InterpreterINtNtNtNtCs2FIVCi1Wrow_3std2io8buffered9bufreader9BufReaderINtNtB15_6cursor6CursorRShEEIB1W_QINtNtCsaz9ix1H7t6h_5alloc3vec3VechEEE21interpret_eor_literalB6_
FNDA:1,_RNvMs_NtCslN0W4V6L9d9_7aqa_asm11interpreterINtB4_11InterpreterINtNtNtNtCs2FIVCi1Wrow_3std2io8buffered9bufreader9BufReaderNtNtB15_5stdio5StdinENtB1X_6StdoutE21interpret_eor_literalB6_
FNDA:0,_RNvMs_NtCslN0W4V6L9d9_7aqa_asm11interpreterINtB4_11InterpreterINtNtNtNtCs2FIVCi1Wrow_3std2io8buffered9bufreader9BufReaderINtNtB15_6cursor6CursorRAhj0_EEIB1W_QINtNtCsaz9ix1H7t6h_5alloc3vec3VechEEE22interpret_mvn_registerB6_
FNDA:0,_RNvMs_NtCslN0W4V6L9d9_7aqa_asm11interpreterINtB4_11InterpreterINtNtNtNtCs2FIVCi1Wrow_3std2io8buffered9bufreader9BufReaderINtNtB15_6cursor6CursorRShEEIB1W_QINtNtCsaz9ix1H7t6h_5alloc3vec3VechEEE22interpret_mvn_registerB6_
FNDA:1,_RNvMs_NtCslN0W4V6L9d9_7aqa_asm11interpreterINtB4_11InterpreterINtNtNtNtCs2FIVCi1Wrow_3std2io8buffered9bufreader9BufReaderNtNtB15_5stdio5StdinENtB1X_6StdoutE22interpret_mvn_registerB6_
FNDA:0,_RNvMs_NtCslN0W4V6L9d9_7aqa_asm11interpreterINtB4_11InterpreterINtNtNtNtCs2FIVCi1Wrow_3std2io8buffered9bufreader9BufReaderINtNtB15_6cursor6CursorRAhj0_EEIB1W_QINtNtCsaz9ix1H7t6h_5alloc3vec3VechEEE21interpret_mvn_literalB6_
FNDA:0,_RNvMs_NtCslN0W4V6L9d9_7aqa_asm11interpreterINtB4_11InterpreterINtNtNtNtCs2FIVCi1Wrow_3std2io8buffered9bufreader9BufReaderINtNtB15_6cursor6CursorRShEEIB1W_QINtNtCsaz9ix1H7t6h_5alloc3vec3VechEEE21interpret_mvn_literalB6_
FNDA:1,_RNvMs_NtCslN0W4V6L9d9_7aqa_asm11interpreterINtB4_11InterpreterINtNtNtNtCs2FIVCi1Wrow_3std2io8buffered9bufreader9BufReaderNtNtB15_5stdio5StdinENtB1X_6StdoutE21interpret_mvn_literalB6_
FNDA:0,_RNvMs_NtCslN0W4V6L9d9_7aqa_asm11interpreterINtB4_11InterpreterINtNtNtNtCs2FIVCi1Wrow_3std2io8buffered9bufreader9BufReaderINtNtB15_6cursor6CursorRAhj0_EEIB1W_QINtNtCsaz9ix1H7t6h_5alloc3vec3VechEEE22interpret_lsl_registerB6_
FNDA:0,_RNvMs_NtCslN0W4V6L9d9_7aqa_asm11interpreterINtB4_11InterpreterINtNtNtNtCs2FIVCi1Wrow_3std2io8buffered9bufreader9BufReaderINtNtB15_6cursor6CursorRShEEIB1W_QINtNtCsaz9ix1H7t6h_5alloc3vec3VechEEE22interpret_lsl_registerB6_
FNDA:1,_RNvMs_NtCslN0W4V6L9d9_7aqa_asm11interpreterINtB4_11InterpreterINtNtNtNtCs2FIVCi1Wrow_3std2io8buffered9bufreader9BufReaderNtNtB15_5stdio5StdinENtB1X_6StdoutE22interpret_lsl_registerB6_
FNDA:0,_RNvMs_NtCslN0W4V6L9d9_7aqa_asm11interpreterINtB4_11InterpreterINtNtNtNtCs2FIVCi1Wrow_3std2io8buffered9bufreader9BufReaderINtNtB15_6cursor6CursorRAhj0_EEIB1W_QINtNtCsaz9ix1H7t6h_5alloc3vec3VechEEE21interpret_lsl_literalB6_
FNDA:9,_RNvMs_NtCslN0W4V6L9d9_7aqa_asm11interpreterINtB4_11InterpreterINtNtNtNtCs2FIVCi1Wrow_3std2io8buffered9bufreader9BufReaderINtNtB15_6cursor6CursorRShEEIB1W_QINtNtCsaz9ix1H7t6h_5alloc3vec3VechEEE21interpret_lsl_literalB6_
FNDA:1,_RNvMs_NtCslN0W4V6L9d9_7aqa_asm11interpreterINtB4_11InterpreterINtNtNtNtCs2FIVCi1Wrow_3std2io8buffered9bufreader9BufReaderNtNtB15_5stdio5StdinENtB1X_6StdoutE21interpret_lsl_literalB6_
FNDA:0,_RNvMs_NtCslN0W4V6L9d9_7aqa_asm11interpreterINtB4_11InterpreterINtNtNtNtCs2FIVCi1Wrow_3std2io8buffered9bufreader9BufReaderINtNtB15_6cursor6CursorRAhj0_EEIB1W_QINtNtCsaz9ix1H7t6h_5alloc3vec3VechEEE22interpret_lsr_registerB6_
FNDA:0,_RNvMs_NtCslN0W4V6L9d9_7aqa_asm11interpreterINtB4_11InterpreterINtNtNtNtCs2FIVCi1Wrow_3std2io8buffered9bufreader9BufReaderINtNtB15_6cursor6CursorRShEEIB1W_QINtNtCsaz9ix1H7t6h_5alloc3vec3VechEEE22interpret_lsr_registerB6_
FNDA:1,_RNvMs_NtCslN0W4V6L9d9_7aqa_asm11interpreterINtB4_11InterpreterINtNtNtNtCs2FIVCi1Wrow_3std2io8buffered9bufreader9BufReaderNtNtB15_5stdio5StdinENtB1X_6StdoutE22interpret_lsr_registerB6_
FNDA:0,_RNvMs_NtCslN0W4V6L9d9_7aqa_asm11interpreterINtB4_11InterpreterINtNtNtNtCs2FIVCi1Wrow_3std2io8buffered9bufreader9BufReaderINtNtB15_6cursor6CursorRAhj0_EEIB1W_QINtNtCsaz9ix1H7t6h_5alloc3vec3VechEEE21interpret_lsr_literalB6_
FNDA:18,_RNvMs_NtCslN0W4V6L9d9_7aqa_asm11interpreterINtB4_11InterpreterINtNtNtNtCs2FIVCi1Wrow_3std2io8buffered9bufreader9BufReaderINtNtB15_6cursor6CursorRShEEIB1W_QINtNtCsaz9ix1H7t6h_5alloc3vec3VechEEE21interpret_lsr_literalB6_
FNDA:1,_RNvMs_NtCslN0W4V6L9d9_7aqa_asm11interpreterINtB4_11InterpreterINtNtNtNtCs2FIVCi1Wrow_3std2io8buffered9bufreader9BufReaderNtNtB15_5stdio5StdinENtB1X_6StdoutE21interpret_lsr_literalB6_
FNDA:1,_RNvMs_NtCslN0W4V6L9d9_7aqa_asm11interpreterINtB4_11InterpreterINtNtNtNtCs2FIVCi1Wrow_3std2io8buffered9bufreader9BufReaderINtNtB15_6cursor6CursorRAhj0_EEIB1W_QINtNtCsaz9ix1H7t6h_5alloc3vec3VechEEE24interpret_print_registerB6_
FNDA:262,_RNvMs_NtCslN0W4V6L9d9_7aqa_asm11interpreterINtB4_11InterpreterINtNtNtNtCs2FIVCi1Wrow_3std2io8buffered9bufreader9BufReaderINtNtB15_6cursor6CursorRShEEIB1W_QINtNtCsaz9ix1H7t6h_5alloc3vec3VechEEE24interpret_print_registerB6_
FNDA:0,_RNvMs_NtCslN0W4V6L9d9_7aqa_asm11interpreterINtB4_11InterpreterINtNtNtNtCs2FIVCi1Wrow_3std2io8buffered9bufreader9BufReaderNtNtB15_5stdio5StdinENtB1X_6StdoutE24interpret_print_registerB6_
FNDA:1,_RNvMs_NtCslN0W4V6L9d9_7aqa_asm11interpreterINtB4_11InterpreterINtNtNtNtCs2FIVCi1Wrow_3std2io8buffered9bufreader9BufReaderINtNtB15_6cursor6CursorRAhj0_EEIB1W_QINtNtCsaz9ix1H7t6h_5alloc3vec3VechEEE22interpret_print_memoryB6_
FNDA:0,_RNvMs_NtCslN0W4V6L9d9_7aqa_asm11interpreterINtB4_11InterpreterINtNtNtNtCs2FIVCi1Wrow_3std2io8buffered9bufreader9BufReaderINtNtB15_6cursor6CursorRShEEIB1W_QINtNtCsaz9ix1H7t6h_5alloc3vec3VechEEE22interpret_print_memoryB6_
FNDA:0,_RNvMs_NtCslN0W4V6L9d9_7aqa_asm11interpreterINtB4_11InterpreterINtNtNtNtCs2FIVCi1Wrow_3std2io8buffered9bufreader9BufReaderNtNtB15_5stdio5StdinENtB1X_6StdoutE22interpret_print_memoryB6_
FNDA:0,_RNvMs_NtCslN0W4V6L9d9_7aqa_asm11interpreterINtB4_11InterpreterINtNtNtNtCs2FIVCi1Wrow_3std2io8buffered9bufreader9BufReaderINtNtB15_6cursor6CursorRAhj0_EEIB1W_QINtNtCsaz9ix1H7t6h_5alloc3vec3VechEEE24interpret_input_registerB6_
FNDA:14,_RNvMs_NtCslN0W4V6L9d9_7aqa_asm11interpreterINtB4_11InterpreterINtNtNtNtCs2FIVCi1Wrow_3std2io8buffered9bufreader9BufReaderINtNtB15_6cursor6CursorRShEEIB1W_QINtNtCsaz9ix1H7t6h_5alloc3vec3VechEEE24interpret_input_registerB6_
FNDA:0,_RNvMs_NtCslN0W4V6L9d9_7aqa_asm11interpreterINtB4_11InterpreterINtNtNtNtCs2FIVCi1Wrow_3std2io8buffered9bufreader9BufReaderNtNtB15_5stdio5StdinENtB1X_6StdoutE24interpret_input_registerB6_
FNDA:0,_RNvMs_NtCslN0W4V6L9d9_7aqa_asm11interpreterINtB4_11InterpreterINtNtNtNtCs2FIVCi1Wrow_3std2io8buffered9bufreader9BufReaderINtNtB15_6cursor6CursorRAhj0_EEIB1W_QINtNtCsaz9ix1H7t6h_5alloc3vec3VechEEE22interpret_input_memoryB6_
FNDA:1,_RNvMs_NtCslN0W4V6L9d9_7aqa_asm11interpreterINtB4_11InterpreterINtNtNtNtCs2FIVCi1Wrow_3std2io8buffered9bufreader9BufReaderINtNtB15_6cursor6CursorRShEEIB1W_QINtNtCsaz9ix1H7t6h_5alloc3vec3VechEEE22interpret_input_memoryB6_
FNDA:0,_RNvMs_NtCslN0W4V6L9d9_7aqa_asm11interpreterINtB4_11InterpreterINtNtNtNtCs2FIVCi1Wrow_3std2io8buffered9bufreader9BufReaderNtNtB15_5stdio5StdinENtB1X_6StdoutE22interpret_input_memoryB6_
FNDA:25,_RNvMNtCslN0W4V6L9d9_7aqa_asm11interpreterINtB2_11InterpreterINtNtNtNtCs2FIVCi1Wrow_3std2io8buffered9bufreader9BufReaderNtNtB13_5stdio5StdinENtB1V_6StdoutE9interpret
FNF:71
FNH:71
DA:24,25
DA:25,25
DA:26,25
DA:27,25
DA:28,25
DA:29,25
DA:30,25
DA:31,25
DA:32,25
DA:36,36
DA:37,36
DA:38,36
DA:39,36
DA:40,36
DA:41,36
DA:42,36
DA:43,36
DA:44,36
DA:45,36
DA:46,36
DA:47,36
DA:48,36
DA:49,36
DA:50,36
DA:51,36
DA:52,36
DA:53,36
DA:54,36
DA:55,32
DA:56,36
DA:58,15
DA:59,15
DA:60,15
DA:61,15
DA:62,15
DA:63,15
DA:64,15
DA:66,264
DA:67,264
DA:68,264
DA:69,264
DA:70,264
DA:71,264
DA:72,264
DA:73,264
DA:74,264
DA:76,46
DA:78,1276
DA:80,1274
DA:81,1273
DA:82,1
DA:83,1
DA:84,1
DA:87,1273
DA:88,1
DA:89,2
DA:90,2
DA:91,14
DA:92,268
DA:93,4
DA:94,1
DA:95,9
DA:96,4
DA:97,9
DA:98,284
DA:99,4
DA:100,14
DA:101,9
DA:102,3
DA:103,272
DA:104,1
DA:105,15
DA:106,1
DA:107,1
DA:108,1
DA:109,1
DA:110,1
DA:111,1
DA:112,1
DA:113,10
DA:114,1
DA:115,19
DA:116,263
DA:117,1
DA:118,14
DA:119,1
DA:120,41
DA:121,41
DA:122,41
DA:123,41
DA:124,45
DA:126,3473
DA:127,3473
DA:128,2
DA:129,3471
DA:130,3471
DA:131,3471
DA:132,3471
DA:133,3473
DA:135,3
DA:136,3
DA:137,2
DA:138,1
DA:140,2
DA:141,3
DA:143,3
DA:144,3
DA:145,2
DA:146,1
DA:148,2
DA:149,2
DA:150,3
DA:152,15
DA:154,15
DA:155,15
DA:156,15
DA:157,0
DA:159,15
DA:161,2
DA:162,2
DA:163,2
DA:164,2
DA:165,1
DA:166,2
DA:168,2
DA:169,2
DA:170,2
DA:171,2
DA:172,1
DA:173,2
DA:175,14
DA:176,14
DA:177,14
DA:178,14
DA:179,14
DA:180,14
DA:181,14
DA:183,268
DA:184,268
DA:185,268
DA:186,268
DA:187,268
DA:188,268
DA:189,268
DA:191,4
DA:192,4
DA:193,4
DA:194,4
DA:195,4
DA:196,4
DA:197,4
DA:199,1
DA:200,1
DA:201,1
DA:202,1
DA:203,1
DA:204,1
DA:205,1
DA:207,9
DA:208,9
DA:209,9
DA:210,9
DA:211,9
DA:212,9
DA:214,4
DA:215,4
DA:216,4
DA:217,4
DA:218,4
DA:219,4
DA:221,9
DA:222,9
DA:223,9
DA:224,9
DA:225,9
DA:226,9
DA:227,9
DA:228,9
DA:230,284
DA:231,284
DA:232,284
DA:233,284
DA:234,284
DA:235,284
DA:236,284
DA:238,4
DA:239,4
DA:240,4
DA:241,4
DA:242,4
DA:244,14
DA:245,14
DA:246,4
DA:247,4
DA:248,10
DA:249,10
DA:250,10
DA:251,14
DA:252,14
DA:254,9
DA:255,9
DA:256,6
DA:257,6
DA:258,3
DA:259,3
DA:260,3
DA:261,9
DA:262,9
DA:264,3
DA:265,3
DA:266,1
DA:267,1
DA:268,2
DA:269,2
DA:270,2
DA:271,3
DA:272,3
DA:274,272
DA:275,272
DA:276,265
DA:277,265
DA:278,7
DA:279,7
DA:280,7
DA:281,272
DA:282,272
DA:284,1
DA:285,1
DA:286,1
DA:287,1
DA:288,1
DA:289,1
DA:290,1
DA:292,15
DA:293,15
DA:294,15
DA:295,15
DA:296,15
DA:297,15
DA:298,15
DA:300,1
DA:301,1
DA:302,1
DA:303,1
DA:304,1
DA:305,1
DA:306,1
DA:308,1
DA:309,1
DA:310,1
DA:311,1
DA:312,1
DA:313,1
DA:314,1
DA:316,1
DA:317,1
DA:318,1
DA:319,1
DA:320,1
DA:321,1
DA:322,1
DA:324,1
DA:325,1
DA:326,1
DA:327,1
DA:328,1
DA:329,1
DA:330,1
DA:332,1
DA:333,1
DA:334,1
DA:335,1
DA:336,1
DA:337,1
DA:339,1
DA:340,1
DA:341,1
DA:342,1
DA:343,1
DA:344,1
DA:346,1
DA:347,1
DA:348,1
DA:349,1
DA:350,1
DA:351,1
DA:352,1
DA:354,10
DA:355,10
DA:356,10
DA:357,10
DA:358,10
DA:359,10
DA:360,10
DA:362,1
DA:363,1
DA:364,1
DA:365,1
DA:366,1
DA:367,1
DA:368,1
DA:370,19
DA:371,19
DA:372,19
DA:373,19
DA:374,19
DA:375,19
DA:376,19
DA:378,263
DA:379,263
DA:380,263
DA:381,263
DA:382,263
DA:384,1
DA:385,1
DA:386,1
DA:387,1
DA:388,1
DA:390,1
DA:391,1
DA:393,14
DA:394,14
DA:395,14
DA:396,14
DA:397,14
DA:399,1
DA:400,1
DA:401,1
DA:402,1
DA:403,1
DA:404,1
DA:414,33
DA:415,33
DA:416,33
DA:417,33
DA:418,33
DA:421,1
DA:422,1
DA:423,1
DA:424,1
DA:425,1
DA:426,1
DA:427,1
DA:428,1
DA:429,1
DA:430,1
DA:433,1
DA:434,1
DA:435,1
DA:436,1
DA:437,1
DA:438,1
DA:439,1
DA:442,1
DA:443,1
DA:444,1
DA:445,1
DA:446,1
DA:447,1
DA:448,1
DA:449,1
DA:452,1
DA:453,1
DA:454,1
DA:455,1
DA:456,1
DA:457,1
DA:458,1
DA:459,1
DA:460,1
DA:461,1
DA:462,1
DA:463,1
DA:464,1
DA:465,1
DA:466,1
DA:467,1
DA:468,1
DA:469,1
DA:472,1
DA:473,1
DA:474,1
DA:475,1
DA:476,1
DA:477,1
DA:478,1
DA:479,1
DA:480,1
DA:481,1
DA:482,1
DA:483,1
DA:484,1
DA:485,1
DA:486,1
DA:487,1
DA:488,1
DA:489,1
DA:490,1
DA:491,1
DA:494,1
DA:495,1
DA:496,1
DA:497,1
DA:498,1
DA:499,1
DA:500,1
DA:501,1
DA:502,1
DA:503,1
DA:504,1
DA:505,1
DA:506,1
DA:507,1
DA:508,1
DA:509,1
DA:512,1
DA:513,1
DA:514,1
DA:515,1
DA:516,1
DA:517,1
DA:518,1
DA:519,1
DA:520,1
DA:521,1
DA:522,1
DA:523,1
DA:524,1
DA:525,1
DA:528,1
DA:529,1
DA:530,1
DA:531,1
DA:532,1
DA:533,1
DA:534,1
DA:535,1
DA:536,1
DA:537,1
DA:538,1
DA:539,1
DA:542,1
DA:543,1
DA:544,1
DA:545,1
DA:546,1
DA:547,1
DA:548,1
DA:549,1
DA:550,1
DA:551,1
DA:552,1
DA:553,1
DA:554,1
DA:555,1
DA:556,1
DA:558,1
DA:559,1
DA:560,1
DA:561,1
DA:562,1
DA:563,1
DA:564,1
DA:565,1
DA:566,1
DA:567,1
DA:568,1
DA:569,1
DA:572,1
DA:573,1
DA:574,1
DA:575,1
DA:576,1
DA:577,1
DA:578,1
DA:579,1
DA:580,1
DA:581,1
DA:582,1
DA:583,1
DA:584,1
DA:585,1
DA:586,1
DA:589,1
DA:590,1
DA:591,1
DA:592,1
DA:593,1
DA:594,1
DA:595,1
DA:596,1
DA:597,1
DA:598,1
DA:599,1
DA:600,1
DA:603,1
DA:604,1
DA:605,1
DA:606,1
DA:607,1
DA:608,1
DA:609,1
DA:610,1
DA:611,1
DA:612,1
DA:613,1
DA:614,1
DA:615,1
DA:618,1
DA:619,1
DA:620,1
DA:621,1
DA:622,1
DA:623,1
DA:624,1
DA:625,1
DA:626,1
DA:627,1
DA:628,1
DA:629,1
DA:630,1
DA:631,1
DA:632,1
DA:633,1
DA:634,1
DA:635,1
DA:636,1
DA:637,1
DA:638,1
DA:639,1
DA:642,1
DA:643,1
DA:644,1
DA:645,1
DA:646,1
DA:649,1
DA:650,1
DA:651,1
DA:652,1
DA:653,1
DA:654,1
DA:655,1
DA:656,1
DA:657,1
DA:658,1
DA:659,1
DA:660,1
DA:661,1
DA:662,1
DA:663,1
DA:664,1
DA:665,1
DA:666,1
DA:667,1
DA:668,1
DA:669,1
DA:670,1
DA:673,1
DA:674,1
DA:675,1
DA:676,1
DA:677,1
DA:680,1
DA:681,1
DA:682,1
DA:683,1
DA:684,1
DA:685,1
DA:686,1
DA:687,1
DA:688,1
DA:689,1
DA:690,1
DA:691,1
DA:692,1
DA:693,1
DA:694,1
DA:695,1
DA:696,1
DA:697,1
DA:698,1
DA:699,1
DA:700,1
DA:701,1
DA:704,1
DA:705,1
DA:706,1
DA:707,1
DA:710,1
DA:711,1
DA:712,1
DA:713,1
DA:714,1
DA:715,1
DA:718,1
DA:719,1
DA:720,1
DA:721,1
DA:722,1
DA:723,1
DA:724,1
DA:725,1
DA:726,1
DA:727,1
DA:728,1
DA:729,1
DA:730,1
DA:731,1
DA:732,1
DA:733,1
DA:734,1
DA:735,1
DA:736,1
DA:737,1
DA:738,1
DA:739,1
DA:742,1
DA:743,1
DA:744,1
DA:745,1
DA:746,1
DA:749,1
DA:750,1
DA:751,1
DA:752,1
DA:753,1
DA:756,1
DA:757,1
DA:758,1
DA:759,1
DA:760,1
DA:761,1
DA:762,1
DA:763,1
DA:764,1
DA:765,1
DA:766,1
DA:767,1
DA:768,1
DA:769,1
DA:770,1
DA:771,1
DA:772,1
DA:773,1
DA:774,1
DA:775,1
DA:776,1
DA:779,1
DA:780,1
DA:781,1
DA:782,1
DA:783,1
DA:784,1
DA:785,1
DA:786,1
DA:787,1
DA:788,1
DA:789,1
DA:790,1
DA:791,1
DA:792,1
DA:793,1
DA:794,1
DA:795,1
DA:796,1
DA:797,1
DA:800,1
DA:801,1
DA:802,1
DA:803,1
DA:804,1
DA:805,1
DA:806,1
DA:807,1
DA:808,1
DA:809,1
DA:810,1
DA:811,1
DA:812,1
DA:813,1
DA:814,1
DA:815,1
DA:816,1
DA:817,1
DA:818,1
DA:819,1
DA:822,1
DA:823,1
DA:824,1
DA:825,1
DA:826,1
DA:827,1
DA:828,1
DA:829,1
DA:830,1
DA:831,1
DA:832,1
DA:833,1
DA:834,1
DA:835,1
DA:836,1
DA:837,1
DA:838,1
DA:839,1
DA:842,1
DA:843,1
DA:844,1
DA:845,1
DA:846,1
DA:847,1
DA:848,1
DA:849,1
DA:850,1
DA:851,1
DA:852,1
DA:853,1
DA:854,1
DA:855,1
DA:856,1
DA:857,1
DA:858,1
DA:859,1
DA:860,1
DA:861,1
DA:862,1
DA:865,1
DA:866,1
DA:867,1
DA:868,1
DA:869,1
DA:870,1
DA:871,1
DA:872,1
DA:873,1
DA:874,1
DA:875,1
DA:876,1
DA:877,1
DA:878,1
DA:879,1
DA:880,1
DA:881,1
DA:882,1
DA:883,1
DA:884,1
DA:885,1
DA:888,1
DA:889,1
DA:890,1
DA:891,1
DA:892,1
DA:893,1
DA:894,1
DA:895,1
DA:896,1
DA:897,1
DA:898,1
DA:899,1
DA:900,1
DA:901,1
DA:902,1
DA:903,1
DA:904,1
DA:905,1
DA:906,1
DA:907,1
DA:908,1
DA:909,1
DA:910,1
DA:911,1
DA:912,1
DA:913,1
DA:914,1
DA:915,1
DA:916,1
DA:917,1
DA:918,1
DA:921,1
DA:922,1
DA:923,1
DA:924,1
DA:925,1
DA:926,1
DA:927,1
DA:928,1
DA:929,1
DA:930,1
DA:931,1
DA:932,1
DA:933,1
DA:934,1
DA:935,1
DA:936,1
DA:937,1
DA:938,1
DA:939,1
DA:940,1
DA:941,1
DA:942,1
DA:943,1
DA:944,1
DA:945,1
DA:946,1
DA:947,1
DA:948,1
DA:949,1
DA:950,1
DA:951,1
DA:954,1
DA:955,1
DA:956,1
DA:957,1
DA:958,1
DA:959,1
DA:960,1
DA:961,1
DA:962,1
DA:963,1
DA:964,1
DA:965,1
DA:966,1
DA:967,1
DA:968,1
DA:969,1
DA:970,1
DA:971,1
DA:972,1
DA:973,1
DA:974,1
DA:975,1
DA:976,1
DA:977,1
DA:978,1
DA:979,1
DA:980,1
DA:981,1
DA:982,1
DA:983,1
DA:986,1
DA:987,1
DA:988,1
DA:989,1
DA:990,1
DA:991,1
DA:992,1
DA:993,1
DA:994,1
DA:995,1
DA:996,1
DA:997,1
DA:998,1
DA:999,1
DA:1000,1
DA:1001,1
DA:1002,1
DA:1003,1
DA:1004,1
DA:1005,1
DA:1006,1
DA:1007,1
DA:1008,1
DA:1009,1
DA:1010,1
DA:1011,1
DA:1012,1
DA:1013,1
DA:1014,1
DA:1015,1
DA:1018,1
DA:1019,1
DA:1020,1
DA:1021,1
DA:1022,1
DA:1023,1
DA:1024,1
DA:1025,1
DA:1026,1
DA:1027,1
DA:1028,1
DA:1029,1
DA:1032,1
DA:1033,1
DA:1034,1
DA:1035,1
DA:1036,1
DA:1037,1
DA:1038,1
DA:1039,1
DA:1040,1
DA:1043,1
DA:1044,1
DA:1045,1
DA:1046,1
DA:1047,1
DA:1048,1
DA:1049,1
DA:1050,1
DA:1051,1
DA:1054,1
DA:1055,1
DA:1056,1
DA:1057,1
DA:1058,1
DA:1059,1
DA:1060,1
DA:1061,1
DA:1062,1
DA:1065,1
DA:1066,1
DA:1067,1
DA:1068,1
DA:1069,1
DA:1070,1
DA:1071,1
DA:1072,1
DA:1073,1
DA:1077,1
DA:1078,1
DA:1079,1
DA:1080,1
DA:1081,1
DA:1082,1
BRF:0
BRH:0
LF:922
LH:917
end_of_record
SF:/home/william/Desktop/AQA-ASM/src/main.rs
FN:23,_RNCNvXs0_CslN0W4V6L9d9_7aqa_asmNtB7_4ArgsNtNtCsjQppZAL0ucn_12clap_builder6derive14FromArgMatches20from_arg_matches_mut0B7_
FN:27,_RNCNvXs0_CslN0W4V6L9d9_7aqa_asmNtB7_4ArgsNtNtCsjQppZAL0ucn_12clap_builder6derive14FromArgMatches20from_arg_matches_muts_0B7_
FN:23,_RNCNvXs0_CslN0W4V6L9d9_7aqa_asmNtB7_4ArgsNtNtCsjQppZAL0ucn_12clap_builder6derive14FromArgMatches27update_from_arg_matches_mut0B7_
FN:27,_RNCNvXs0_CslN0W4V6L9d9_7aqa_asmNtB7_4ArgsNtNtCsjQppZAL0ucn_12clap_builder6derive14FromArgMatches27update_from_arg_matches_muts_0B7_
FN:26,_RNCNvXs1_CslN0W4V6L9d9_7aqa_asmNtB7_4ArgsNtNtCsjQppZAL0ucn_12clap_builder6derive4Args12augment_args0B7_
FN:26,_RNCNvXs1_CslN0W4V6L9d9_7aqa_asmNtB7_4ArgsNtNtCsjQppZAL0ucn_12clap_builder6derive4Args23augment_args_for_update0B7_
FN:93,_RNvCslN0W4V6L9d9_7aqa_asm4main
FN:48,_RINvCslN0W4V6L9d9_7aqa_asm15run_interpreterINtNtNtNtCs2FIVCi1Wrow_3std2io8buffered9bufreader9BufReaderINtNtBM_6cursor6CursorRShEEIB1D_QINtNtCsaz9ix1H7t6h_5alloc3vec3VechEEEB2_
FN:48,_RINvCslN0W4V6L9d9_7aqa_asm15run_interpreterINtNtNtNtCs2FIVCi1Wrow_3std2io8buffered9bufreader9BufReaderNtNtBM_5stdio5StdinENtB1E_6StdoutEB2_
FN:56,_RNCINvCslN0W4V6L9d9_7aqa_asm15run_interpreterINtNtNtNtCs2FIVCi1Wrow_3std2io8buffered9bufreader9BufReaderINtNtBO_6cursor6CursorRShEEIB1F_QINtNtCsaz9ix1H7t6h_5alloc3vec3VechEEE0B4_
FN:56,_RNCINvCslN0W4V6L9d9_7aqa_asm15run_interpreterINtNtNtNtCs2FIVCi1Wrow_3std2io8buffered9bufreader9BufReaderNtNtBO_5stdio5StdinENtB1G_6StdoutE0B4_
[...]
DA:276,1
DA:277,1
DA:278,1
DA:279,1
DA:280,1
DA:281,1
DA:282,1
DA:283,1
DA:284,1
DA:285,1
DA:286,1
DA:287,1
DA:288,1
DA:289,1
DA:290,1
DA:291,1
DA:292,1
DA:293,1
DA:294,1
DA:295,1
DA:296,1
DA:297,1
DA:298,1
DA:299,1
DA:300,1
DA:301,1
DA:302,1
DA:303,1
DA:304,1
DA:305,1
DA:306,1
DA:307,1
DA:308,1
DA:309,1
DA:310,1
DA:312,14
DA:313,14
DA:314,14
DA:315,14
DA:317,1
BRF:0
BRH:0
LF:237
LH:236
end_of_record
SF:/home/william/Desktop/AQA-ASM/src/parser/mod.rs
FN:24,_RNvMNtCslN0W4V6L9d9_7aqa_asm6parserNtB2_6Parser5parse
FN:65,_RNvMNtCslN0W4V6L9d9_7aqa_asm6parserNtB2_6Parser14internal_parse
FN:88,_RNvMNtCslN0W4V6L9d9_7aqa_asm6parserNtB2_6Parser15consume_operand
FN:106,_RNvMNtCslN0W4V6L9d9_7aqa_asm6parserNtB2_6Parser12write_memory
FN:111,_RNvMNtCslN0W4V6L9d9_7aqa_asm6parserNtB2_6Parser12parse_opcode
FN:119,_RNCNvMNtCslN0W4V6L9d9_7aqa_asm6parserNtB4_6Parser12parse_opcode0B6_
FN:124,_RNCNvMNtCslN0W4V6L9d9_7aqa_asm6parserNtB4_6Parser12parse_opcodes_0B6_
FN:167,_RNCNvMNtCslN0W4V6L9d9_7aqa_asm6parserNtB4_6Parser12parse_opcodes0_0B6_
FN:216,_RNvNtNtCslN0W4V6L9d9_7aqa_asm6parser5tests17load_test_program
FN:223,_RNvNtNtCslN0W4V6L9d9_7aqa_asm6parser5testss_29test_parse_valid_instructions
FN:294,_RNvNtNtCslN0W4V6L9d9_7aqa_asm6parser5testss_27test_excess_line_delimeters
FN:331,_RNvNtNtCslN0W4V6L9d9_7aqa_asm6parser5testss_30test_parse_error_invalid_label
FN:354,_RNvNtNtCslN0W4V6L9d9_7aqa_asm6parser5testss_32test_parse_error_expected_opcode
FN:374,_RNvNtNtCslN0W4V6L9d9_7aqa_asm6parser5testss_33test_parse_error_expected_operand
FN:402,_RNvNtNtCslN0W4V6L9d9_7aqa_asm6parser5testss_40test_parse_error_expected_line_delimeter
FN:443,_RNvNtNtCslN0W4V6L9d9_7aqa_asm6parser5testss_31test_parse_error_expected_comma
FN:461,_RNvNtNtCslN0W4V6L9d9_7aqa_asm6parser5testss_46test_parse_error_invalid_instruction_signature
FN:516,_RNvNtNtCslN0W4V6L9d9_7aqa_asm6parser5testss_35test_parser_error_program_too_large
FN:530,_RNvNtNtCslN0W4V6L9d9_7aqa_asm6parser5testss_44test_parser_error_duplicate_label_definition
FNDA:26,_RNvMNtCslN0W4V6L9d9_7aqa_asm6parserNtB2_6Parser5parse
FNDA:57,_RNvMNtCslN0W4V6L9d9_7aqa_asm6parserNtB2_6Parser14internal_parse
FNDA:96,_RNvMNtCslN0W4V6L9d9_7aqa_asm6parserNtB2_6Parser15consume_operand
FNDA:302,_RNvMNtCslN0W4V6L9d9_7aqa_asm6parserNtB2_6Parser12write_memory
FNDA:122,_RNvMNtCslN0W4V6L9d9_7aqa_asm6parserNtB2_6Parser12parse_opcode
FNDA:121,_RNCNvMNtCslN0W4V6L9d9_7aqa_asm6parserNtB4_6Parser12parse_opcode0B6_
FNDA:201,_RNCNvMNtCslN0W4V6L9d9_7aqa_asm6parserNtB4_6Parser12parse_opcodes_0B6_
FNDA:198,_RNCNvMNtCslN0W4V6L9d9_7aqa_asm6parserNtB4_6Parser12parse_opcodes0_0B6_
FNDA:1,_RNvNtNtCslN0W4V6L9d9_7aqa_asm6parser5tests17load_test_program
FNDA:1,_RNvNtNtCslN0W4V6L9d9_7aqa_asm6parser5testss_29test_parse_valid_instructions
FNDA:1,_RNvNtNtCslN0W4V6L9d9_7aqa_asm6parser5testss_27test_excess_line_delimeters
FNDA:1,_RNvNtNtCslN0W4V6L9d9_7aqa_asm6parser5testss_30test_parse_error_invalid_label
FNDA:1,_RNvNtNtCslN0W4V6L9d9_7aqa_asm6parser5testss_32test_parse_error_expected_opcode
FNDA:1,_RNvNtNtCslN0W4V6L9d9_7aqa_asm6parser5testss_33test_parse_error_expected_operand
FNDA:1,_RNvNtNtCslN0W4V6L9d9_7aqa_asm6parser5testss_40test_parse_error_expected_line_delimeter
FNDA:1,_RNvNtNtCslN0W4V6L9d9_7aqa_asm6parser5testss_31test_parse_error_expected_comma
FNDA:1,_RNvNtNtCslN0W4V6L9d9_7aqa_asm6parser5testss_46test_parse_error_invalid_instruction_signature
FNDA:1,_RNvNtNtCslN0W4V6L9d9_7aqa_asm6parser5testss_35test_parser_error_program_too_large
FNDA:1,_RNvNtNtCslN0W4V6L9d9_7aqa_asm6parser5testss_44test_parser_error_duplicate_label_definition
FNF:19
FNH:19
DA:24,26
DA:25,26
DA:26,26
DA:27,26
DA:28,26
DA:29,26
DA:30,929
DA:31,929
DA:33,482
DA:34,481
DA:35,1
DA:39,14
DA:40,14
DA:41,14
DA:42,14
DA:43,1
DA:44,1
DA:45,1
DA:46,1
DA:47,1
DA:48,13
DA:49,13
DA:51,433
DA:55,24
DA:56,24
DA:57,24
DA:58,24
DA:59,24
DA:60,24
DA:61,24
DA:62,8
DA:63,26
DA:65,57
DA:67,208
DA:73,167
DA:74,122
DA:75,122
DA:77,43
DA:79,2
DA:80,2
DA:81,2
DA:85,41
DA:86,57
DA:88,96
DA:89,96
DA:90,95
DA:91,94
DA:92,94
DA:93,94
DA:95,1
DA:96,1
DA:97,1
DA:100,1
DA:101,1
DA:102,1
DA:104,96
DA:106,302
DA:107,302
DA:108,302
DA:109,302
DA:111,122
DA:112,122
DA:113,122
DA:114,122
DA:115,122
DA:116,122
DA:119,122
DA:120,107
DA:121,107
DA:124,201
DA:125,96
DA:126,96
DA:128,15
DA:131,120
DA:132,119
DA:134,116
DA:135,116
DA:136,116
DA:139,1
DA:140,1
DA:141,1
DA:142,1
DA:143,1
DA:144,1
DA:148,2
DA:149,2
DA:150,2
DA:151,2
DA:152,2
DA:153,2
DA:158,1
DA:159,1
DA:160,1
DA:161,1
DA:162,1
DA:163,1
DA:167,198
DA:168,116
DA:170,113
DA:172,302
DA:173,194
DA:174,36
DA:175,132
DA:176,4
DA:178,22
DA:179,17
DA:181,5
DA:187,3
DA:188,3
DA:189,3
DA:190,3
DA:191,3
DA:192,3
DA:193,3
DA:195,108
DA:196,122
DA:216,1
DA:217,1
DA:218,1
DA:219,1
DA:220,1
DA:223,1
DA:224,21
DA:225,1
DA:226,1
DA:227,1
DA:228,1
DA:229,1
DA:230,1
DA:231,1
DA:232,1
DA:233,1
DA:234,1
DA:235,1
DA:236,1
DA:237,1
DA:238,1
DA:239,1
DA:240,1
DA:241,1
DA:242,1
DA:243,1
DA:244,1
DA:245,1
DA:247,21
DA:248,21
DA:249,54
DA:251,33
DA:252,67
DA:253,67
DA:254,48
DA:255,4
DA:256,5
DA:257,10
DA:259,67
DA:260,67
DA:261,36
DA:262,36
DA:264,33
DA:265,33
DA:266,33
DA:267,33
DA:268,33
DA:269,33
DA:270,100
DA:271,67
DA:272,67
DA:273,67
DA:276,33
DA:277,33
DA:278,33
DA:279,33
DA:280,33
DA:281,33
DA:282,33
DA:283,33
DA:284,33
DA:285,33
DA:286,33
DA:287,33
DA:288,33
DA:291,1
DA:294,1
DA:295,1
DA:296,1
DA:297,1
DA:298,1
DA:299,1
DA:300,1
DA:301,1
DA:302,1
DA:303,1
DA:304,1
DA:305,1
DA:306,1
DA:307,1
DA:308,1
DA:309,1
DA:310,1
DA:311,1
DA:312,1
DA:313,1
DA:314,1
DA:315,1
DA:316,1
DA:317,1
DA:318,1
DA:319,1
DA:320,1
DA:321,1
DA:322,1
DA:323,1
DA:324,1
DA:325,1
DA:326,1
DA:327,1
DA:328,1
DA:331,1
DA:333,5
DA:334,1
DA:335,1
DA:336,1
DA:337,1
DA:338,1
DA:340,5
DA:341,5
DA:342,5
DA:343,5
DA:344,5
DA:345,5
DA:346,5
DA:347,5
DA:348,5
DA:349,5
DA:351,1
DA:354,1
DA:355,1
DA:356,1
DA:357,1
DA:358,1
DA:359,1
DA:360,1
DA:362,1
DA:363,1
DA:364,1
DA:365,1
DA:366,1
DA:367,1
DA:368,1
DA:369,1
DA:370,1
DA:371,1
DA:374,1
DA:375,1
DA:376,1
DA:377,1
DA:378,1
DA:379,1
DA:380,1
DA:381,1
DA:382,1
DA:383,1
DA:384,1
DA:385,1
DA:386,1
DA:387,1
DA:388,1
DA:391,1
DA:392,1
DA:393,1
DA:394,1
DA:395,1
DA:396,1
DA:397,1
DA:398,1
DA:399,1
DA:402,1
DA:403,1
DA:404,1
DA:405,1
DA:406,1
DA:407,1
DA:408,1
DA:409,1
DA:410,1
DA:411,1
DA:412,1
DA:413,1
DA:414,1
DA:416,1
DA:417,1
DA:418,1
DA:419,1
DA:420,1
DA:421,1
DA:422,1
DA:423,1
DA:424,1
DA:425,1
DA:426,1
DA:427,1
DA:429,1
DA:430,1
DA:431,1
DA:432,1
DA:433,1
DA:434,1
DA:435,1
DA:436,1
DA:437,1
DA:438,1
DA:439,1
DA:440,1
DA:443,1
DA:444,1
DA:445,1
DA:446,1
DA:447,1
DA:448,1
DA:449,1
DA:450,1
DA:451,1
DA:452,1
DA:453,1
DA:454,1
DA:455,1
DA:456,1
DA:457,1
DA:458,1
DA:461,1
DA:462,1
DA:463,1
DA:464,1
DA:465,1
DA:466,1
DA:467,1
DA:468,1
DA:469,1
DA:470,1
DA:471,1
DA:472,1
DA:473,1
DA:474,1
DA:475,1
DA:476,1
DA:479,1
DA:480,1
DA:481,1
DA:482,1
DA:483,1
DA:484,1
DA:485,1
DA:486,1
DA:487,1
DA:488,1
DA:491,1
DA:492,1
DA:493,1
DA:494,1
DA:495,1
DA:496,1
DA:497,1
DA:498,1
DA:499,1
DA:500,1
DA:501,1
DA:502,1
DA:503,1
DA:504,1
DA:505,1
DA:506,1
DA:507,1
DA:508,1
DA:509,1
DA:510,1
DA:511,1
DA:512,1
DA:513,1
DA:516,1
DA:517,1
DA:518,257
DA:519,256
DA:520,256
DA:521,256
DA:522,256
DA:523,256
DA:524,1
DA:525,1
DA:526,1
DA:527,1
DA:530,1
DA:531,1
DA:532,1
DA:533,1
DA:534,1
DA:535,1
DA:536,1
DA:537,1
DA:538,1
DA:539,1
DA:540,1
DA:541,1
DA:542,1
BRF:0
BRH:0
LF:406
LH:406
end_of_record
SF:/home/william/Desktop/AQA-ASM/src/tokenizer/error.rs
FN:132,_RNvNtNtNtCslN0W4V6L9d9_7aqa_asm9tokenizer5error5testss_28test_display_tokenizer_error
FN:25,_RNvXs_NtNtCslN0W4V6L9d9_7aqa_asm9tokenizer5errorNtB4_14TokenizerErrorNtNtCs5cYH0lLSdLc_4core3fmt7Display3fmt
FNDA:1,_RNvNtNtNtCslN0W4V6L9d9_7aqa_asm9tokenizer5error5testss_28test_display_tokenizer_error
FNDA:7,_RNvXs_NtNtCslN0W4V6L9d9_7aqa_asm9tokenizer5errorNtB4_14TokenizerErrorNtNtCs5cYH0lLSdLc_4core3fmt7Display3fmt
FNF:2
FNH:2
DA:25,7
DA:26,7
DA:27,7
DA:28,1
DA:29,1
DA:30,1
DA:31,1
DA:32,1
DA:33,1
DA:34,1
DA:35,1
DA:36,1
DA:37,1
DA:38,1
DA:39,1
DA:40,1
DA:41,1
DA:42,1
DA:43,1
DA:44,1
DA:45,1
DA:46,1
DA:47,1
DA:48,1
DA:49,1
DA:50,1
DA:51,1
DA:52,1
DA:53,1
DA:54,1
DA:55,1
DA:56,1
DA:57,1
DA:58,1
DA:59,1
DA:60,1
DA:61,1
DA:62,1
DA:63,1
DA:64,1
DA:65,1
DA:66,1
DA:67,1
DA:68,1
DA:69,1
DA:70,1
DA:71,1
DA:72,1
DA:73,0
DA:74,7
DA:75,7
DA:132,1
DA:135,7
DA:136,1
DA:137,1
DA:138,1
DA:139,1
DA:140,1
DA:141,1
DA:142,1
DA:143,1
DA:144,1
DA:145,1
DA:146,1
DA:147,1
DA:148,1
DA:149,1
DA:150,1
DA:151,1
DA:152,1
DA:153,1
DA:154,1
DA:155,1
DA:156,1
DA:157,1
DA:158,1
DA:159,1
DA:160,1
DA:161,1
DA:162,1
DA:163,1
DA:164,1
DA:165,1
DA:166,1
DA:167,1
DA:168,1
DA:169,1
DA:170,1
DA:171,1
DA:172,1
DA:173,1
DA:174,1
DA:175,1
DA:176,1
DA:177,1
DA:178,1
DA:179,1
DA:180,1
DA:181,1
DA:182,1
DA:183,1
DA:184,1
DA:185,1
DA:186,1
DA:187,1
DA:188,1
DA:190,7
DA:191,7
DA:192,7
DA:193,7
DA:195,1
BRF:0
BRH:0
LF:111
LH:110
end_of_record
SF:/home/william/Desktop/AQA-ASM/src/tokenizer/mod.rs
FN:26,_RNvMNtCslN0W4V6L9d9_7aqa_asm9tokenizerNtB2_9Tokenizer8tokenize
FN:55,_RNvMNtCslN0W4V6L9d9_7aqa_asm9tokenizerNtB2_9Tokenizer16interal_tokenize
FN:88,_RNvMNtCslN0W4V6L9d9_7aqa_asm9tokenizerNtB2_9Tokenizer4next
FN:120,_RNvMNtCslN0W4V6L9d9_7aqa_asm9tokenizerNtB2_9Tokenizer9add_token
FN:135,_RNvMNtCslN0W4V6L9d9_7aqa_asm9tokenizerNtB2_9Tokenizer10consume_u8
FN:155,_RNvMNtCslN0W4V6L9d9_7aqa_asm9tokenizerNtB2_9Tokenizer21add_single_char_token
FN:160,_RNvMNtCslN0W4V6L9d9_7aqa_asm9tokenizerNtB2_9Tokenizer25tokenize_memory_reference
FN:165,_RNvMNtCslN0W4V6L9d9_7aqa_asm9tokenizerNtB2_9Tokenizer16tokenize_literal
FN:181,_RNvMNtCslN0W4V6L9d9_7aqa_asm9tokenizerNtB2_9Tokenizer19tokenize_identifier
FN:225,_RNvMNtCslN0W4V6L9d9_7aqa_asm9tokenizerNtB2_9Tokenizer7comment
FN:281,_RNvNtNtCslN0W4V6L9d9_7aqa_asm9tokenizer5tests19extract_token_types
FN:286,_RNvNtNtCslN0W4V6L9d9_7aqa_asm9tokenizer5tests33extract_token_line_column_numbers
FN:294,_RNvNtNtCslN0W4V6L9d9_7aqa_asm9tokenizer5tests24test_token_type_sequence
FN:300,_RNvNtNtCslN0W4V6L9d9_7aqa_asm9tokenizer5testss_20test_tokens_isolated
FN:336,_RNvNtNtCslN0W4V6L9d9_7aqa_asm9tokenizer5testss_24test_comment_line_single
FN:341,_RNvNtNtCslN0W4V6L9d9_7aqa_asm9tokenizer5testss_27test_comment_line_multiline
FN:349,_RNvNtNtCslN0W4V6L9d9_7aqa_asm9tokenizer5testss_28test_comment_block_multiline
FN:360,_RNvNtNtCslN0W4V6L9d9_7aqa_asm9tokenizer5testss_18test_empty_program
FN:365,_RNvNtNtCslN0W4V6L9d9_7aqa_asm9tokenizer5testss_28test_missing_register_number
FN:375,_RNvNtNtCslN0W4V6L9d9_7aqa_asm9tokenizer5testss_27test_missing_literal_number
FN:385,_RNvNtNtCslN0W4V6L9d9_7aqa_asm9tokenizer5testss_31test_unterminated_block_comment
FN:407,_RNvNtNtCslN0W4V6L9d9_7aqa_asm9tokenizer5testss_28test_invalid_comment_denoter
FN:418,_RNvNtNtCslN0W4V6L9d9_7aqa_asm9tokenizer5testss_28test_invalid_register_number
FN:439,_RNvNtNtCslN0W4V6L9d9_7aqa_asm9tokenizer5testss_31test_memory_reference_too_large
FN:451,_RNvNtNtCslN0W4V6L9d9_7aqa_asm9tokenizer5testss_28test_literal_value_too_large
FN:463,_RNvNtNtCslN0W4V6L9d9_7aqa_asm9tokenizer5testss_23test_invalid_characters
FN:476,_RNvNtNtCslN0W4V6L9d9_7aqa_asm9tokenizer5testss_26test_line_col_calculations
FN:105,_RINvMNtCslN0W4V6L9d9_7aqa_asm9tokenizerNtB3_9Tokenizer13consume_whileNCNvB2_10consume_u80EB5_
FN:105,_RINvMNtCslN0W4V6L9d9_7aqa_asm9tokenizerNtB3_9Tokenizer13consume_whileNCNvB2_19tokenize_identifier0EB5_
FN:136,_RNCNvMNtCslN0W4V6L9d9_7aqa_asm9tokenizerNtB4_9Tokenizer10consume_u80B6_
FN:182,_RNCNvMNtCslN0W4V6L9d9_7aqa_asm9tokenizerNtB4_9Tokenizer19tokenize_identifier0B6_
FN:282,_RNCNvNtNtCslN0W4V6L9d9_7aqa_asm9tokenizer5tests19extract_token_types0B7_
FN:289,_RNCNvNtNtCslN0W4V6L9d9_7aqa_asm9tokenizer5tests33extract_token_line_column_numbers0B7_
FNDA:50,_RNvMNtCslN0W4V6L9d9_7aqa_asm9tokenizerNtB2_9Tokenizer8tokenize
FNDA:50,_RNvMNtCslN0W4V6L9d9_7aqa_asm9tokenizerNtB2_9Tokenizer16interal_tokenize
FNDA:2041,_RNvMNtCslN0W4V6L9d9_7aqa_asm9tokenizerNtB2_9Tokenizer4next
FNDA:427,_RNvMNtCslN0W4V6L9d9_7aqa_asm9tokenizerNtB2_9Tokenizer9add_token
FNDA:132,_RNvMNtCslN0W4V6L9d9_7aqa_asm9tokenizerNtB2_9Tokenizer10consume_u8
FNDA:166,_RNvMNtCslN0W4V6L9d9_7aqa_asm9tokenizerNtB2_9Tokenizer21add_single_char_token
FNDA:4,_RNvMNtCslN0W4V6L9d9_7aqa_asm9tokenizerNtB2_9Tokenizer25tokenize_memory_reference
FNDA:35,_RNvMNtCslN0W4V6L9d9_7aqa_asm9tokenizerNtB2_9Tokenizer16tokenize_literal
FNDA:228,_RNvMNtCslN0W4V6L9d9_7aqa_asm9tokenizerNtB2_9Tokenizer19tokenize_identifier
FNDA:16,_RNvMNtCslN0W4V6L9d9_7aqa_asm9tokenizerNtB2_9Tokenizer7comment
FNDA:32,_RNvNtNtCslN0W4V6L9d9_7aqa_asm9tokenizer5tests19extract_token_types
FNDA:1,_RNvNtNtCslN0W4V6L9d9_7aqa_asm9tokenizer5tests33extract_token_line_column_numbers
FNDA:32,_RNvNtNtCslN0W4V6L9d9_7aqa_asm9tokenizer5tests24test_token_type_sequence
FNDA:1,_RNvNtNtCslN0W4V6L9d9_7aqa_asm9tokenizer5testss_20test_tokens_isolated
FNDA:1,_RNvNtNtCslN0W4V6L9d9_7aqa_asm9tokenizer5testss_24test_comment_line_single
FNDA:1,_RNvNtNtCslN0W4V6L9d9_7aqa_asm9tokenizer5testss_27test_comment_line_multiline
FNDA:1,_RNvNtNtCslN0W4V6L9d9_7aqa_asm9tokenizer5testss_28test_comment_block_multiline
FNDA:1,_RNvNtNtCslN0W4V6L9d9_7aqa_asm9tokenizer5testss_18test_empty_program
FNDA:1,_RNvNtNtCslN0W4V6L9d9_7aqa_asm9tokenizer5testss_28test_missing_register_number
FNDA:1,_RNvNtNtCslN0W4V6L9d9_7aqa_asm9tokenizer5testss_27test_missing_literal_number
FNDA:1,_RNvNtNtCslN0W4V6L9d9_7aqa_asm9tokenizer5testss_31test_unterminated_block_comment
FNDA:1,_RNvNtNtCslN0W4V6L9d9_7aqa_asm9tokenizer5testss_28test_invalid_comment_denoter
FNDA:1,_RNvNtNtCslN0W4V6L9d9_7aqa_asm9tokenizer5testss_28test_invalid_register_number
FNDA:1,_RNvNtNtCslN0W4V6L9d9_7aqa_asm9tokenizer5testss_31test_memory_reference_too_large
FNDA:1,_RNvNtNtCslN0W4V6L9d9_7aqa_asm9tokenizer5testss_28test_literal_value_too_large
FNDA:1,_RNvNtNtCslN0W4V6L9d9_7aqa_asm9tokenizer5testss_23test_invalid_characters
FNDA:1,_RNvNtNtCslN0W4V6L9d9_7aqa_asm9tokenizer5testss_26test_line_col_calculations
FNDA:132,_RINvMNtCslN0W4V6L9d9_7aqa_asm9tokenizerNtB3_9Tokenizer13consume_whileNCNvB2_10consume_u80EB5_
FNDA:228,_RINvMNtCslN0W4V6L9d9_7aqa_asm9tokenizerNtB3_9Tokenizer13consume_whileNCNvB2_19tokenize_identifier0EB5_
FNDA:277,_RNCNvMNtCslN0W4V6L9d9_7aqa_asm9tokenizerNtB4_9Tokenizer10consume_u80B6_
FNDA:841,_RNCNvMNtCslN0W4V6L9d9_7aqa_asm9tokenizerNtB4_9Tokenizer19tokenize_identifier0B6_
FNDA:32,_RNCNvNtNtCslN0W4V6L9d9_7aqa_asm9tokenizer5tests19extract_token_types0B7_
FNDA:31,_RNCNvNtNtCslN0W4V6L9d9_7aqa_asm9tokenizer5tests33extract_token_line_column_numbers0B7_
FNF:32
FNH:32
DA:26,50
DA:27,50
DA:28,50
DA:29,50
DA:30,50
DA:31,50
DA:32,50
DA:33,50
DA:34,50
DA:35,50
DA:36,40
DA:37,50
DA:55,50
DA:57,657
DA:59,617
DA:60,167
DA:61,167
DA:62,167
DA:63,450
DA:64,450
DA:65,450
DA:66,91
DA:67,15
DA:68,60
DA:69,233
DA:70,228
DA:71,35
DA:72,16
DA:73,1
DA:74,1
DA:75,1
DA:76,1
DA:77,1
DA:78,1
DA:79,1
DA:80,1
DA:84,40
DA:85,50
DA:88,2041
DA:89,2041
DA:90,2039
DA:91,108
DA:92,108
DA:93,108
DA:94,108
DA:95,3
DA:96,1928
DA:98,2039
DA:99,2039
DA:100,2
DA:101,2
DA:102,2041
DA:105,360
DA:106,360
DA:107,360
DA:108,360
DA:109,360
DA:110,1149
DA:111,1118
DA:112,329
DA:113,789
DA:114,789
DA:115,789
DA:117,360
DA:118,360
DA:120,427
DA:121,427
DA:122,427
DA:123,91
DA:124,336
DA:125,427
DA:126,427
DA:127,427
DA:128,427
DA:129,427
DA:130,427
DA:131,427
DA:132,427
DA:133,427
DA:135,132
DA:136,277
DA:137,132
DA:138,2
DA:140,130
DA:141,127
DA:143,3
DA:144,3
DA:145,3
DA:146,3
DA:147,3
DA:148,3
DA:149,3
DA:153,132
DA:155,166
DA:156,166
DA:157,166
DA:158,166
DA:160,4
DA:161,4
DA:162,3
DA:163,4
DA:165,35
DA:166,35
DA:167,35
DA:168,33
DA:169,1
DA:171,1
DA:172,1
DA:173,1
DA:174,1
DA:175,1
DA:176,1
DA:179,35
DA:181,228
DA:182,841
DA:183,228
DA:184,228
DA:185,93
DA:186,91
DA:187,91
DA:188,1
DA:189,1
DA:190,1
DA:191,1
DA:192,1
DA:193,1
DA:194,1
DA:195,90
DA:196,90
DA:197,90
DA:199,1
DA:200,1
DA:201,1
DA:202,1
DA:203,1
DA:204,1
DA:205,1
DA:207,135
DA:209,135
DA:210,106
DA:211,106
DA:212,29
DA:213,29
DA:214,29
DA:216,15
DA:217,15
DA:218,15
DA:219,14
DA:220,14
DA:221,14
DA:222,14
DA:223,228
DA:225,16
DA:226,16
DA:227,16
DA:230,6
DA:231,240
DA:232,239
DA:233,5
DA:234,234
DA:235,234
DA:236,234
DA:241,606
DA:242,604
DA:243,17
DA:244,7
DA:245,7
DA:246,10
DA:248,587
DA:250,2
DA:251,2
DA:252,2
DA:253,2
DA:254,2
DA:255,2
DA:261,1
DA:262,1
DA:263,1
DA:264,1
DA:265,1
DA:266,1
DA:269,13
DA:270,13
DA:271,16
DA:281,32
DA:282,32
DA:283,32
DA:286,1
DA:287,1
DA:288,1
DA:289,31
DA:290,1
DA:291,1
DA:294,32
DA:295,32
DA:296,32
DA:297,32
DA:300,1
DA:301,28
DA:302,1
DA:303,1
DA:304,1
DA:305,1
DA:306,1
DA:307,1
DA:308,1
DA:309,1
DA:310,1
DA:311,1
DA:312,1
DA:313,1
DA:314,1
DA:315,1
DA:316,1
DA:317,1
DA:318,1
DA:319,1
DA:320,1
DA:321,1
DA:322,1
DA:323,1
DA:324,1
DA:325,1
DA:326,1
DA:327,1
DA:328,1
DA:329,1
DA:330,28
DA:331,28
DA:332,28
DA:333,1
DA:336,1
DA:337,1
DA:338,1
DA:341,1
DA:342,1
DA:343,1
DA:344,1
DA:345,1
DA:346,1
DA:349,1
DA:350,1
DA:351,1
DA:352,1
DA:353,1
DA:354,1
DA:355,1
DA:356,1
DA:357,1
DA:360,1
DA:361,1
DA:362,1
DA:365,1
DA:366,1
DA:367,1
DA:368,1
DA:369,1
DA:370,1
DA:371,1
DA:372,1
DA:375,1
DA:376,1
DA:377,1
DA:378,1
DA:379,1
DA:380,1
DA:381,1
DA:382,1
DA:385,1
DA:386,1
DA:387,1
DA:388,1
DA:389,1
DA:390,1
DA:391,1
DA:392,1
DA:393,1
DA:394,1
DA:396,1
DA:397,1
DA:398,1
DA:399,1
DA:400,1
DA:401,1
DA:402,1
DA:403,1
DA:404,1
DA:407,1
DA:408,1
DA:409,1
DA:410,1
DA:411,1
DA:412,1
DA:413,1
DA:414,1
DA:415,1
DA:418,1
DA:419,1
DA:420,1
DA:421,1
DA:422,1
DA:423,1
DA:424,1
DA:425,1
DA:426,1
DA:428,1
DA:429,1
DA:430,1
DA:431,1
DA:432,1
DA:433,1
DA:434,1
DA:435,1
DA:436,1
DA:439,1
DA:440,1
DA:441,1
DA:442,1
DA:443,1
DA:444,1
DA:445,1
DA:446,1
DA:447,1
DA:448,1
DA:451,1
DA:452,1
DA:453,1
DA:454,1
DA:455,1
DA:456,1
DA:457,1
DA:458,1
DA:459,1
DA:460,1
DA:463,1
DA:464,1
DA:465,1
DA:466,1
DA:467,1
DA:468,1
DA:469,1
DA:470,1
DA:471,1
DA:472,1
DA:476,1
DA:477,1
DA:478,1
DA:479,1
DA:480,1
DA:481,1
DA:482,1
DA:483,1
DA:484,1
DA:485,1
DA:486,1
DA:487,1
DA:488,1
DA:489,1
DA:490,1
DA:491,1
DA:492,1
DA:493,1
DA:494,1
DA:495,1
DA:496,1
DA:497,1
DA:498,1
BRF:0
BRH:0
LF:371
LH:371
end_of_record
SF:/home/william/Desktop/AQA-ASM/src/tokenizer/token.rs
FN:76,_RNvNtNtNtCslN0W4V6L9d9_7aqa_asm9tokenizer5token5testss_14test_token_new
FN:86,_RNvNtNtNtCslN0W4V6L9d9_7aqa_asm9tokenizer5token5testss_23test_token_kind_display
FN:100,_RNvNtNtNtCslN0W4V6L9d9_7aqa_asm9tokenizer5token5testss_25test_token_get_debug_repr
FN:108,_RNvNtNtNtCslN0W4V6L9d9_7aqa_asm9tokenizer5token5testss_27test_token_position_default
FN:17,_RNvXNtNtCslN0W4V6L9d9_7aqa_asm9tokenizer5tokenNtB2_9TokenKindNtNtCs5cYH0lLSdLc_4core3fmt7Display3fmt
FN:45,_RNvMs_NtNtCslN0W4V6L9d9_7aqa_asm9tokenizer5tokenNtB4_13TokenPosition7default
FN:55,_RNvMs0_NtNtCslN0W4V6L9d9_7aqa_asm9tokenizer5tokenNtB5_5Token3new
FN:63,_RNvMs0_NtNtCslN0W4V6L9d9_7aqa_asm9tokenizer5tokenNtB5_5Token20get_token_debug_repr
FNDA:1,_RNvNtNtNtCslN0W4V6L9d9_7aqa_asm9tokenizer5token5testss_14test_token_new
FNDA:1,_RNvNtNtNtCslN0W4V6L9d9_7aqa_asm9tokenizer5token5testss_23test_token_kind_display
FNDA:1,_RNvNtNtNtCslN0W4V6L9d9_7aqa_asm9tokenizer5token5testss_25test_token_get_debug_repr
FNDA:1,_RNvNtNtNtCslN0W4V6L9d9_7aqa_asm9tokenizer5token5testss_27test_token_position_default
FNDA:18,_RNvXNtNtCslN0W4V6L9d9_7aqa_asm9tokenizer5tokenNtB2_9TokenKindNtNtCs5cYH0lLSdLc_4core3fmt7Display3fmt
FNDA:101,_RNvMs_NtNtCslN0W4V6L9d9_7aqa_asm9tokenizer5tokenNtB4_13TokenPosition7default
FNDA:1190,_RNvMs0_NtNtCslN0W4V6L9d9_7aqa_asm9tokenizer5tokenNtB5_5Token3new
FNDA:8,_RNvMs0_NtNtCslN0W4V6L9d9_7aqa_asm9tokenizer5tokenNtB5_5Token20get_token_debug_repr
FNF:8
FNH:8
DA:17,18
DA:18,18
DA:19,1
DA:20,1
DA:21,3
DA:22,5
DA:23,7
DA:24,1
DA:26,18
DA:45,101
DA:46,101
DA:47,101
DA:48,101
DA:49,101
DA:50,101
DA:51,101
DA:55,1190
DA:56,1190
DA:57,1190
DA:58,1190
DA:59,1190
DA:60,1190
DA:61,1190
DA:62,1190
DA:63,8
DA:64,8
DA:65,1
DA:66,7
DA:68,8
DA:76,1
DA:77,1
DA:78,1
DA:79,1
DA:80,1
DA:81,1
DA:82,1
DA:83,1
DA:86,1
DA:87,1
DA:88,1
DA:89,1
DA:90,1
DA:91,1
DA:92,1
DA:93,1
DA:94,1
DA:95,1
DA:97,1
DA:100,1
DA:101,1
DA:102,1
DA:103,1
DA:104,1
DA:105,1
DA:108,1
DA:109,1
DA:110,1
DA:111,1
DA:112,1
DA:113,1
BRF:0
BRH:0
LF:60
LH:60
end_of_record