SF:/home/william/Desktop/AQA-ASM/src/interpreter/error.rs
FN:14,_RNvXs_NtNtCsiHkNH9kphFy_7aqa_asm11interpreter5errorNtB4_12RuntimeErrorNtNtCs5cYH0lLSdLc_4core3fmt7Display3fmt
FNDA:0,_RNvXs_NtNtCsiHkNH9kphFy_7aqa_asm11interpreter5errorNtB4_12RuntimeErrorNtNtCs5cYH0lLSdLc_4core3fmt7Display3fmt
FNF:1
FNH:0
DA:14,0
DA:15,0
DA:16,0
DA:17,0
DA:18,0
DA:19,0
DA:20,0
DA:21,0
DA:22,0
BRF:0
BRH:0
LF:9
LH:0
end_of_record
SF:/home/william/Desktop/AQA-ASM/src/interpreter/instruction/operand.rs
FN:14,_RNvXNtNtNtCsiHkNH9kphFy_7aqa_asm11interpreter11instruction7operandNtB2_7OperandNtNtCs5cYH0lLSdLc_4core3fmt7Display3fmt
FN:25,_RNvMs_NtNtNtCsiHkNH9kphFy_7aqa_asm11interpreter11instruction7operandNtB4_7Operand22get_signature_argument
FNDA:0,_RNvXNtNtNtCsiHkNH9kphFy_7aqa_asm11interpreter11instruction7operandNtB2_7OperandNtNtCs5cYH0lLSdLc_4core3fmt7Display3fmt
FNDA:10,_RNvMs_NtNtNtCsiHkNH9kphFy_7aqa_asm11interpreter11instruction7operandNtB4_7Operand22get_signature_argument
FNF:2
FNH:1
DA:14,0
DA:15,0
DA:16,0
DA:17,0
DA:18,0
DA:19,0
DA:21,0
DA:25,10
DA:26,10
DA:27,3
DA:28,7
DA:29,0
DA:30,0
DA:32,10
BRF:0
BRH:0
LF:14
LH:5
end_of_record
SF:/home/william/Desktop/AQA-ASM/src/interpreter/instruction/runtime_opcode.rs
FN:93,_RNvNtNtNtNtCsiHkNH9kphFy_7aqa_asm11interpreter11instruction14runtime_opcode5testss_27test_runtime_opcode_from_u8
FN:48,_RNvXNtNtNtCsiHkNH9kphFy_7aqa_asm11interpreter11instruction14runtime_opcodeNtB2_13RuntimeOpcodeINtNtCs5cYH0lLSdLc_4core7convert7TryFromhE8try_from
FNDA:1,_RNvNtNtNtNtCsiHkNH9kphFy_7aqa_asm11interpreter11instruction14runtime_opcode5testss_27test_runtime_opcode_from_u8
FNDA:583,_RNvXNtNtNtCsiHkNH9kphFy_7aqa_asm11interpreter11instruction14runtime_opcodeNtB2_13RuntimeOpcodeINtNtCs5cYH0lLSdLc_4core7convert7TryFromhE8try_from
FNF:2
FNH:2
DA:48,583
DA:49,583
DA:50,583
DA:51,325
DA:52,322
DA:53,319
DA:54,317
DA:55,315
DA:56,313
DA:57,311
DA:58,309
DA:59,307
DA:60,303
DA:61,299
DA:62,297
DA:63,294
DA:64,291
DA:65,287
DA:66,283
DA:67,281
DA:68,279
DA:69,277
DA:70,275
DA:71,273
DA:72,271
DA:73,269
DA:74,267
DA:75,265
DA:76,263
DA:77,261
DA:78,259
DA:79,258
DA:80,257
DA:81,256
DA:82,255
DA:83,224
DA:85,583
DA:93,1
DA:94,33
DA:95,1
DA:96,1
DA:97,1
DA:98,1
DA:99,1
DA:100,1
DA:101,1
DA:102,1
DA:103,1
DA:104,1
DA:105,1
DA:106,1
DA:107,1
DA:108,1
DA:109,1
DA:110,1
DA:111,1
DA:112,1
DA:113,1
DA:114,1
DA:115,1
DA:116,1
DA:117,1
DA:118,1
DA:119,1
DA:120,1
DA:121,1
DA:122,1
DA:123,1
DA:124,1
DA:125,1
DA:126,1
DA:127,1
DA:129,33
DA:132,224
DA:133,223
DA:135,1
BRF:0
BRH:0
LF:76
LH:76
end_of_record
SF:/home/william/Desktop/AQA-ASM/src/interpreter/instruction/signature.rs
FN:236,_RNvXNtNtNtCsiHkNH9kphFy_7aqa_asm11interpreter11instruction9signatureNtB2_17SignatureArgumentNtNtCs5cYH0lLSdLc_4core3fmt7Display3fmt
FN:349,_RNvNtNtNtNtCsiHkNH9kphFy_7aqa_asm11interpreter11instruction9signature5testss_44test_matches_signature_mov_register_register
FN:364,_RNvNtNtNtNtCsiHkNH9kphFy_7aqa_asm11interpreter11instruction9signature5testss_43test_matches_signature_mov_register_literal
FN:379,_RNvNtNtNtNtCsiHkNH9kphFy_7aqa_asm11interpreter11instruction9signature5testss_26test_matches_signature_nop
FN:389,_RNvNtNtNtNtCsiHkNH9kphFy_7aqa_asm11interpreter11instruction9signature5testss_46test_matches_signature_no_match_multi_argument
FN:406,_RNvNtNtNtNtCsiHkNH9kphFy_7aqa_asm11interpreter11instruction9signature5testss_43test_matches_signature_no_match_no_argument
FN:416,_RNvNtNtNtNtCsiHkNH9kphFy_7aqa_asm11interpreter11instruction9signature5testss_36test_matches_signature_extra_operand
FN:432,_RNvNtNtNtNtCsiHkNH9kphFy_7aqa_asm11interpreter11instruction9signature5testss_37test_matches_signature_unknown_opcode
FN:439,_RNvNtNtNtNtCsiHkNH9kphFy_7aqa_asm11interpreter11instruction9signature5testss_63test_get_all_valid_operand_combinations_for_source_opcode_empty
FN:449,_RNvNtNtNtNtCsiHkNH9kphFy_7aqa_asm11interpreter11instruction9signature5testss_65test_get_all_valid_operand_combinations_for_source_opcode_one_arg
FN:464,_RNvNtNtNtNtCsiHkNH9kphFy_7aqa_asm11interpreter11instruction9signature5testss_71test_get_all_valid_operand_combinations_for_source_opcode_multiple_args
FN:253,_RNvMs_NtNtNtCsiHkNH9kphFy_7aqa_asm11interpreter11instruction9signatureNtB4_17SignatureTreeNode3new
FN:267,_RNvMs0_NtNtNtCsiHkNH9kphFy_7aqa_asm11interpreter11instruction9signatureNtB5_13SignatureTree3new
FN:273,_RNvMs0_NtNtNtCsiHkNH9kphFy_7aqa_asm11interpreter11instruction9signatureNtB5_13SignatureTree13add_signature
FN:299,_RNvMs0_NtNtNtCsiHkNH9kphFy_7aqa_asm11interpreter11instruction9signatureNtB5_13SignatureTree17matches_signature
FN:312,_RNvMs0_NtNtNtCsiHkNH9kphFy_7aqa_asm11interpreter11instruction9signatureNtB5_13SignatureTree52get_all_valid_operand_combinations_for_source_opcode
FN:316,_RNvNvMs0_NtNtNtCsiHkNH9kphFy_7aqa_asm11interpreter11instruction9signatureNtB7_13SignatureTree52get_all_valid_operand_combinations_for_source_opcode3dfs
FN:7,_RNCNvNtNtNtCsiHkNH9kphFy_7aqa_asm11interpreter11instruction9signature14SIGNATURE_TREE0B9_
FNDA:0,_RNvXNtNtNtCsiHkNH9kphFy_7aqa_asm11interpreter11instruction9signatureNtB2_17SignatureArgumentNtNtCs5cYH0lLSdLc_4core3fmt7Display3fmt
FNDA:1,_RNvNtNtNtNtCsiHkNH9kphFy_7aqa_asm11interpreter11instruction9signature5testss_44test_matches_signature_mov_register_register
FNDA:1,_RNvNtNtNtNtCsiHkNH9kphFy_7aqa_asm11interpreter11instruction9signature5testss_43test_matches_signature_mov_register_literal
FNDA:1,_RNvNtNtNtNtCsiHkNH9kphFy_7aqa_asm11interpreter11instruction9signature5testss_26test_matches_signature_nop
FNDA:1,_RNvNtNtNtNtCsiHkNH9kphFy_7aqa_asm11interpreter11instruction9signature5testss_46test_matches_signature_no_match_multi_argument
FNDA:1,_RNvNtNtNtNtCsiHkNH9kphFy_7aqa_asm11interpreter11instruction9signature5testss_43test_matches_signature_no_match_no_argument
FNDA:1,_RNvNtNtNtNtCsiHkNH9kphFy_7aqa_asm11interpreter11instruction9signature5testss_36test_matches_signature_extra_operand
FNDA:1,_RNvNtNtNtNtCsiHkNH9kphFy_7aqa_asm11interpreter11instruction9signature5testss_37test_matches_signature_unknown_opcode
FNDA:1,_RNvNtNtNtNtCsiHkNH9kphFy_7aqa_asm11interpreter11instruction9signature5testss_63test_get_all_valid_operand_combinations_for_source_opcode_empty
FNDA:1,_RNvNtNtNtNtCsiHkNH9kphFy_7aqa_asm11interpreter11instruction9signature5testss_65test_get_all_valid_operand_combinations_for_source_opcode_one_arg
FNDA:1,_RNvNtNtNtNtCsiHkNH9kphFy_7aqa_asm11interpreter11instruction9signature5testss_71test_get_all_valid_operand_combinations_for_source_opcode_multiple_args
FNDA:21,_RNvMs_NtNtNtCsiHkNH9kphFy_7aqa_asm11interpreter11instruction9signatureNtB4_17SignatureTreeNode3new
FNDA:10,_RNvMs0_NtNtNtCsiHkNH9kphFy_7aqa_asm11interpreter11instruction9signatureNtB5_13SignatureTree3new
FNDA:13,_RNvMs0_NtNtNtCsiHkNH9kphFy_7aqa_asm11interpreter11instruction9signatureNtB5_13SignatureTree13add_signature
FNDA:7,_RNvMs0_NtNtNtCsiHkNH9kphFy_7aqa_asm11interpreter11instruction9signatureNtB5_13SignatureTree17matches_signature
FNDA:3,_RNvMs0_NtNtNtCsiHkNH9kphFy_7aqa_asm11interpreter11instruction9signatureNtB5_13SignatureTree52get_all_valid_operand_combinations_for_source_opcode
FNDA:7,_RNvNvMs0_NtNtNtCsiHkNH9kphFy_7aqa_asm11interpreter11instruction9signatureNtB7_13SignatureTree52get_all_valid_operand_combinations_for_source_opcode3dfs
FNDA:0,_RNCNvNtNtNtCsiHkNH9kphFy_7aqa_asm11interpreter11instruction9signature14SIGNATURE_TREE0B9_
FNF:18
FNH:16
DA:7,0
DA:8,0
DA:9,0
DA:10,0
DA:11,0
DA:12,0
DA:13,0
DA:14,0
DA:15,0
DA:16,0
DA:17,0
DA:18,0
DA:19,0
DA:20,0
DA:21,0
DA:22,0
DA:23,0
DA:24,0
DA:25,0
DA:26,0
DA:27,0
DA:28,0
DA:29,0
DA:30,0
DA:31,0
DA:32,0
DA:33,0
DA:34,0
DA:35,0
DA:36,0
DA:37,0
DA:38,0
DA:39,0
DA:40,0
DA:41,0
DA:42,0
DA:43,0
DA:44,0
DA:45,0
DA:46,0
DA:47,0
DA:48,0
DA:49,0
DA:50,0
DA:51,0
DA:52,0
DA:53,0
DA:54,0
DA:55,0
DA:56,0
DA:57,0
DA:58,0
DA:59,0
DA:60,0
DA:61,0
DA:62,0
DA:63,0
DA:64,0
DA:65,0
DA:66,0
DA:67,0
DA:68,0
DA:69,0
DA:70,0
DA:71,0
DA:72,0
DA:73,0
DA:74,0
DA:75,0
DA:76,0
DA:77,0
DA:78,0
DA:79,0
DA:80,0
DA:81,0
DA:82,0
DA:83,0
DA:84,0
DA:85,0
DA:86,0
DA:87,0
DA:88,0
DA:89,0
DA:90,0
DA:91,0
DA:92,0
DA:93,0
DA:94,0
DA:95,0
DA:96,0
DA:97,0
DA:98,0
DA:99,0
DA:100,0
DA:101,0
DA:102,0
DA:103,0
DA:104,0
DA:105,0
DA:106,0
DA:107,0
DA:108,0
DA:109,0
DA:110,0
DA:111,0
DA:112,0
DA:113,0
DA:114,0
DA:115,0
DA:116,0
DA:117,0
DA:118,0
DA:119,0
DA:120,0
DA:121,0
DA:122,0
DA:123,0
DA:124,0
DA:125,0
DA:126,0
DA:127,0
DA:128,0
DA:129,0
DA:130,0
DA:131,0
DA:132,0
DA:133,0
DA:134,0
DA:135,0
DA:136,0
DA:137,0
DA:138,0
DA:139,0
DA:140,0
DA:141,0
DA:142,0
DA:143,0
DA:144,0
DA:145,0
DA:146,0
DA:147,0
DA:148,0
DA:149,0
DA:150,0
DA:151,0
DA:152,0
DA:153,0
DA:154,0
DA:155,0
DA:156,0
DA:157,0
DA:158,0
DA:159,0
DA:160,0
DA:161,0
DA:162,0
DA:163,0
DA:164,0
DA:165,0
DA:166,0
DA:167,0
DA:168,0
DA:169,0
DA:170,0
DA:171,0
DA:172,0
DA:173,0
DA:174,0
DA:175,0
DA:176,0
DA:177,0
DA:178,0
DA:179,0
DA:180,0
DA:181,0
DA:182,0
DA:183,0
DA:184,0
DA:185,0
DA:186,0
DA:187,0
DA:188,0
DA:189,0
DA:190,0
DA:191,0
DA:192,0
DA:193,0
DA:194,0
DA:195,0
DA:196,0
DA:197,0
DA:198,0
DA:199,0
DA:200,0
DA:201,0
DA:202,0
DA:203,0
DA:204,0
DA:205,0
DA:206,0
DA:207,0
DA:208,0
DA:209,0
DA:210,0
DA:211,0
DA:212,0
DA:213,0
DA:214,0
DA:215,0
DA:216,0
DA:217,0
DA:218,0
DA:219,0
DA:220,0
DA:221,0
DA:222,0
DA:223,0
DA:224,0
DA:225,0
DA:236,0
DA:237,0
DA:238,0
DA:239,0
DA:240,0
DA:241,0
DA:243,0
DA:253,21
DA:254,21
DA:255,21
DA:256,21
DA:257,21
DA:258,21
DA:267,10
DA:268,10
DA:269,10
DA:270,10
DA:271,10
DA:273,13
DA:274,13
DA:275,13
DA:276,13
DA:277,13
DA:278,13
DA:279,13
DA:280,13
DA:281,13
DA:282,13
DA:283,13
DA:284,13
DA:285,13
DA:288,27
DA:289,14
DA:290,14
DA:291,14
DA:292,14
DA:293,14
DA:296,13
DA:297,13
DA:299,7
DA:300,7
DA:301,7
DA:302,7
DA:303,7
DA:304,7
DA:305,13
DA:306,10
DA:308,3
DA:309,7
DA:312,3
DA:313,3
DA:314,3
DA:315,3
DA:316,7
DA:317,7
DA:318,7
DA:319,7
DA:320,7
DA:321,7
DA:322,7
DA:323,7
DA:324,7
DA:327,11
DA:328,4
DA:329,4
DA:330,4
DA:331,4
DA:332,7
DA:334,3
DA:335,3
DA:336,3
DA:337,3
DA:338,3
DA:339,3
DA:340,3
DA:349,1
DA:350,1
DA:351,1
DA:352,1
DA:353,1
DA:354,1
DA:355,1
DA:356,1
DA:357,1
DA:358,1
DA:359,1
DA:360,1
DA:361,1
DA:364,1
DA:365,1
DA:366,1
DA:367,1
DA:368,1
DA:369,1
DA:370,1
DA:371,1
DA:372,1
DA:373,1
DA:374,1
DA:375,1
DA:376,1
DA:379,1
DA:380,1
DA:381,1
DA:382,1
DA:383,1
DA:384,1
DA:385,1
DA:386,1
DA:389,1
DA:390,1
DA:391,1
DA:392,1
DA:393,1
DA:394,1
DA:395,1
DA:396,1
DA:397,1
DA:398,1
DA:399,1
DA:400,1
DA:401,1
DA:402,1
DA:403,1
DA:406,1
DA:407,1
DA:408,1
DA:409,1
DA:410,1
DA:411,1
DA:412,1
DA:413,1
DA:416,1
DA:417,1
DA:418,1
DA:419,1
DA:420,1
DA:421,1
DA:422,1
DA:423,1
DA:424,1
DA:425,1
DA:426,1
DA:427,1
DA:428,1
DA:429,1
DA:432,1
DA:433,1
DA:434,1
DA:435,1
DA:436,1
DA:439,1
DA:440,1
DA:441,1
DA:442,1
DA:443,1
DA:444,1
DA:445,1
DA:446,1
DA:449,1
DA:450,1
DA:451,1
DA:452,1
DA:453,1
DA:454,1
DA:455,1
DA:456,1
DA:457,1
DA:458,1
DA:459,1
DA:460,1
DA:461,1
DA:464,1
DA:465,1
DA:466,1
DA:467,1
DA:468,1
DA:469,1
DA:470,1
DA:471,1
DA:472,1
DA:473,1
DA:474,1
DA:475,1
DA:476,1
DA:477,1
DA:478,1
DA:479,1
DA:480,1
DA:481,1
DA:482,1
DA:483,1
DA:484,1
DA:485,1
DA:486,1
DA:487,1
DA:488,1
DA:489,1
DA:490,1
DA:491,1
BRF:0
BRH:0
LF:419
LH:193
end_of_record
SF:/home/william/Desktop/AQA-ASM/src/interpreter/instruction/source_opcode.rs
FN:6,_RNvXs6_NtNtNtCsiHkNH9kphFy_7aqa_asm11interpreter11instruction13source_opcodeNtB5_16SourceOpcodeIterNtNtCs5cYH0lLSdLc_4core3fmt5Debug3fmt
FN:6,_RNvMs7_NtNtNtCsiHkNH9kphFy_7aqa_asm11interpreter11instruction13source_opcodeNtB5_16SourceOpcodeIter3get
FN:6,_RNvXs8_NtNtNtCsiHkNH9kphFy_7aqa_asm11interpreter11instruction13source_opcodeNtB5_12SourceOpcodeNtCsgmCJ1Qiofp8_5strum16IntoEnumIterator4iter
FN:6,_RNvXs9_NtNtNtCsiHkNH9kphFy_7aqa_asm11interpreter11instruction13source_opcodeNtB5_16SourceOpcodeIterNtNtNtNtCs5cYH0lLSdLc_4core4iter6traits8iterator8Iterator4next
FN:6,_RNvXs9_NtNtNtCsiHkNH9kphFy_7aqa_asm11interpreter11instruction13source_opcodeNtB5_16SourceOpcodeIterNtNtNtNtCs5cYH0lLSdLc_4core4iter6traits8iterator8Iterator9size_hint
FN:6,_RNvXs9_NtNtNtCsiHkNH9kphFy_7aqa_asm11interpreter11instruction13source_opcodeNtB5_16SourceOpcodeIterNtNtNtNtCs5cYH0lLSdLc_4core4iter6traits8iterator8Iterator3nth
FN:6,_RNvXsa_NtNtNtCsiHkNH9kphFy_7aqa_asm11interpreter11instruction13source_opcodeNtB5_16SourceOpcodeIterNtNtNtNtCs5cYH0lLSdLc_4core4iter6traits10exact_size17ExactSizeIterator3len
FN:6,_RNvXsb_NtNtNtCsiHkNH9kphFy_7aqa_asm11interpreter11instruction13source_opcodeNtB5_16SourceOpcodeIterNtNtNtNtCs5cYH0lLSdLc_4core4iter6traits12double_ended19DoubleEndedIterator9next_back
FN:6,_RNvXsd_NtNtNtCsiHkNH9kphFy_7aqa_asm11interpreter11instruction13source_opcodeNtB5_16SourceOpcodeIterNtNtCs5cYH0lLSdLc_4core5clone5Clone5clone
FN:32,_RNvXNtNtNtCsiHkNH9kphFy_7aqa_asm11interpreter11instruction13source_opcodeNtB2_12SourceOpcodeNtNtCs5cYH0lLSdLc_4core3fmt7Display3fmt
FN:96,_RNvNtNtNtNtCsiHkNH9kphFy_7aqa_asm11interpreter11instruction13source_opcode5testss_27test_source_opcode_from_str
FN:61,_RNvXs_NtNtNtCsiHkNH9kphFy_7aqa_asm11interpreter11instruction13source_opcodeNtB4_12SourceOpcodeNtNtNtCs5cYH0lLSdLc_4core3str6traits7FromStr8from_str
FNDA:0,_RNvXs6_NtNtNtCsiHkNH9kphFy_7aqa_asm11interpreter11instruction13source_opcodeNtB5_16SourceOpcodeIterNtNtCs5cYH0lLSdLc_4core3fmt5Debug3fmt
FNDA:0,_RNvMs7_NtNtNtCsiHkNH9kphFy_7aqa_asm11interpreter11instruction13source_opcodeNtB5_16SourceOpcodeIter3get
FNDA:0,_RNvXs8_NtNtNtCsiHkNH9kphFy_7aqa_asm11interpreter11instruction13source_opcodeNtB5_12SourceOpcodeNtCsgmCJ1Qiofp8_5strum16IntoEnumIterator4iter
FNDA:0,_RNvXs9_NtNtNtCsiHkNH9kphFy_7aqa_asm11interpreter11instruction13source_opcodeNtB5_16SourceOpcodeIterNtNtNtNtCs5cYH0lLSdLc_4core4iter6traits8iterator8Iterator4next
FNDA:0,_RNvXs9_NtNtNtCsiHkNH9kphFy_7aqa_asm11interpreter11instruction13source_opcodeNtB5_16SourceOpcodeIterNtNtNtNtCs5cYH0lLSdLc_4core4iter6traits8iterator8Iterator9size_hint
FNDA:0,_RNvXs9_NtNtNtCsiHkNH9kphFy_7aqa_asm11interpreter11instruction13source_opcodeNtB5_16SourceOpcodeIterNtNtNtNtCs5cYH0lLSdLc_4core4iter6traits8iterator8Iterator3nth
FNDA:0,_RNvXsa_NtNtNtCsiHkNH9kphFy_7aqa_asm11interpreter11instruction13source_opcodeNtB5_16SourceOpcodeIterNtNtNtNtCs5cYH0lLSdLc_4core4iter6traits10exact_size17ExactSizeIterator3len
FNDA:0,_RNvXsb_NtNtNtCsiHkNH9kphFy_7aqa_asm11interpreter11instruction13source_opcodeNtB5_16SourceOpcodeIterNtNtNtNtCs5cYH0lLSdLc_4core4iter6traits12double_ended19DoubleEndedIterator9next_back
FNDA:0,_RNvXsd_NtNtNtCsiHkNH9kphFy_7aqa_asm11interpreter11instruction13source_opcodeNtB5_16SourceOpcodeIterNtNtCs5cYH0lLSdLc_4core5clone5Clone5clone
FNDA:0,_RNvXNtNtNtCsiHkNH9kphFy_7aqa_asm11interpreter11instruction13source_opcodeNtB2_12SourceOpcodeNtNtCs5cYH0lLSdLc_4core3fmt7Display3fmt
FNDA:1,_RNvNtNtNtNtCsiHkNH9kphFy_7aqa_asm11interpreter11instruction13source_opcode5testss_27test_source_opcode_from_str
FNDA:330,_RNvXs_NtNtNtCsiHkNH9kphFy_7aqa_asm11interpreter11instruction13source_opcodeNtB4_12SourceOpcodeNtNtNtCs5cYH0lLSdLc_4core3str6traits7FromStr8from_str
FNF:4
FNH:2
DA:6,0
DA:32,0
DA:33,0
DA:34,0
DA:35,0
DA:36,0
DA:37,0
DA:38,0
DA:39,0
DA:40,0
DA:41,0
DA:42,0
DA:43,0
DA:44,0
DA:45,0
DA:46,0
DA:47,0
DA:48,0
DA:49,0
DA:50,0
DA:51,0
DA:52,0
DA:53,0
DA:54,0
DA:56,0
DA:61,330
DA:62,330
DA:63,330
DA:64,64
DA:65,61
DA:66,59
DA:67,57
DA:68,55
DA:69,46
DA:70,44
DA:71,42
DA:72,40
DA:73,38
DA:74,36
DA:75,34
DA:76,32
DA:77,30
DA:78,28
DA:79,26
DA:80,24
DA:81,22
DA:82,20
DA:83,18
DA:84,16
DA:86,330
DA:96,1
DA:97,29
DA:99,1
DA:100,1
DA:101,1
DA:102,1
DA:103,1
DA:104,1
DA:105,1
DA:106,1
DA:107,1
DA:108,1
DA:109,1
DA:110,1
DA:111,1
DA:112,1
DA:113,1
DA:114,1
DA:115,1
DA:116,1
DA:117,1
DA:118,1
DA:119,1
DA:120,1
DA:121,1
DA:122,1
DA:123,1
DA:124,1
DA:125,1
DA:126,1
DA:127,1
DA:128,1
DA:129,1
DA:130,1
DA:132,29
DA:134,1
BRF:0
BRH:0
LF:86
LH:61
end_of_record
SF:/home/william/Desktop/AQA-ASM/src/interpreter/mod.rs
FN:377,_RNvNtNtCsiHkNH9kphFy_7aqa_asm11interpreter5tests17load_test_program
FN:384,_RNvNtNtCsiHkNH9kphFy_7aqa_asm11interpreter5testss_8test_nop
FN:396,_RNvNtNtCsiHkNH9kphFy_7aqa_asm11interpreter5testss_8test_ldr
FN:405,_RNvNtNtCsiHkNH9kphFy_7aqa_asm11interpreter5testss_8test_str
FN:415,_RNvNtNtCsiHkNH9kphFy_7aqa_asm11interpreter5testss_8test_add
FN:435,_RNvNtNtCsiHkNH9kphFy_7aqa_asm11interpreter5testss_8test_sub
FN:457,_RNvNtNtCsiHkNH9kphFy_7aqa_asm11interpreter5testss_8test_mov
FN:475,_RNvNtNtCsiHkNH9kphFy_7aqa_asm11interpreter5testss_22test_cmp_equal_numbers
FN:505,_RNvNtNtCsiHkNH9kphFy_7aqa_asm11interpreter5testss_21test_cmp_greater_than
FN:535,_RNvNtNtCsiHkNH9kphFy_7aqa_asm11interpreter5testss_18test_cmp_less_than
FN:566,_RNvNtNtCsiHkNH9kphFy_7aqa_asm11interpreter5testss_25test_unconditional_branch
FN:581,_RNvNtNtCsiHkNH9kphFy_7aqa_asm11interpreter5testss_8test_beq
FN:610,_RNvNtNtCsiHkNH9kphFy_7aqa_asm11interpreter5testss_8test_bne
FN:639,_RNvNtNtCsiHkNH9kphFy_7aqa_asm11interpreter5testss_8test_bgt
FN:675,_RNvNtNtCsiHkNH9kphFy_7aqa_asm11interpreter5testss_8test_blt
FN:711,_RNvNtNtCsiHkNH9kphFy_7aqa_asm11interpreter5testss_8test_and
FN:734,_RNvNtNtCsiHkNH9kphFy_7aqa_asm11interpreter5testss_8test_orr
FN:755,_RNvNtNtCsiHkNH9kphFy_7aqa_asm11interpreter5testss_8test_eor
FN:777,_RNvNtNtCsiHkNH9kphFy_7aqa_asm11interpreter5testss_8test_mvn
FN:797,_RNvNtNtCsiHkNH9kphFy_7aqa_asm11interpreter5testss_8test_lsl
FN:820,_RNvNtNtCsiHkNH9kphFy_7aqa_asm11interpreter5testss_8test_lsr
FN:843,_RNvNtNtCsiHkNH9kphFy_7aqa_asm11interpreter5testss_9test_halt
FN:857,_RNvNtNtCsiHkNH9kphFy_7aqa_asm11interpreter5testss_23test_out_of_bounds_read
FN:868,_RNvNtNtCsiHkNH9kphFy_7aqa_asm11interpreter5testss_24test_out_of_bounds_write
FN:879,_RNvNtNtCsiHkNH9kphFy_7aqa_asm11interpreter5testss_24test_read_past_of_memory
FN:890,_RNvNtNtCsiHkNH9kphFy_7aqa_asm11interpreter5testss_25test_read_past_max_memory
FN:902,_RNvNtNtCsiHkNH9kphFy_7aqa_asm11interpreter5testss_19test_invalid_opcode
FN:23,_RNvMNtCsiHkNH9kphFy_7aqa_asm11interpreterNtB2_11Interpreter9interpret
FN:40,_RNvMNtCsiHkNH9kphFy_7aqa_asm11interpreterNtB2_11Interpreter18internal_interpret
FN:90,_RNvMNtCsiHkNH9kphFy_7aqa_asm11interpreterNtB2_11Interpreter24read_next_memory_address
FN:99,_RNvMNtCsiHkNH9kphFy_7aqa_asm11interpreterNtB2_11Interpreter19read_memory_address
FN:106,_RNvMNtCsiHkNH9kphFy_7aqa_asm11interpreterNtB2_11Interpreter20write_memory_address
FN:116,_RNvMNtCsiHkNH9kphFy_7aqa_asm11interpreterNtB2_11Interpreter13take_u8_input
FN:129,_RNvMNtCsiHkNH9kphFy_7aqa_asm11interpreterNtB2_11Interpreter13interpret_ldr
FN:136,_RNvMNtCsiHkNH9kphFy_7aqa_asm11interpreterNtB2_11Interpreter13interpret_str
FN:143,_RNvMNtCsiHkNH9kphFy_7aqa_asm11interpreterNtB2_11Interpreter22interpret_add_register
FN:151,_RNvMNtCsiHkNH9kphFy_7aqa_asm11interpreterNtB2_11Interpreter21interpret_add_literal
FN:159,_RNvMNtCsiHkNH9kphFy_7aqa_asm11interpreterNtB2_11Interpreter22interpret_sub_register
FN:167,_RNvMNtCsiHkNH9kphFy_7aqa_asm11interpreterNtB2_11Interpreter21interpret_sub_literal
FN:175,_RNvMNtCsiHkNH9kphFy_7aqa_asm11interpreterNtB2_11Interpreter22interpret_mov_register
FN:182,_RNvMNtCsiHkNH9kphFy_7aqa_asm11interpreterNtB2_11Interpreter21interpret_mov_literal
FN:189,_RNvMNtCsiHkNH9kphFy_7aqa_asm11interpreterNtB2_11Interpreter22interpret_cmp_register
FN:198,_RNvMNtCsiHkNH9kphFy_7aqa_asm11interpreterNtB2_11Interpreter21interpret_cmp_literal
FN:206,_RNvMNtCsiHkNH9kphFy_7aqa_asm11interpreterNtB2_11Interpreter11interpret_b
FN:212,_RNvMNtCsiHkNH9kphFy_7aqa_asm11interpreterNtB2_11Interpreter13interpret_beq
FN:222,_RNvMNtCsiHkNH9kphFy_7aqa_asm11interpreterNtB2_11Interpreter13interpret_bne
FN:232,_RNvMNtCsiHkNH9kphFy_7aqa_asm11interpreterNtB2_11Interpreter13interpret_bgt
FN:242,_RNvMNtCsiHkNH9kphFy_7aqa_asm11interpreterNtB2_11Interpreter13interpret_blt
FN:252,_RNvMNtCsiHkNH9kphFy_7aqa_asm11interpreterNtB2_11Interpreter22interpret_and_register
FN:260,_RNvMNtCsiHkNH9kphFy_7aqa_asm11interpreterNtB2_11Interpreter21interpret_and_literal
FN:268,_RNvMNtCsiHkNH9kphFy_7aqa_asm11interpreterNtB2_11Interpreter22interpret_orr_register
FN:276,_RNvMNtCsiHkNH9kphFy_7aqa_asm11interpreterNtB2_11Interpreter21interpret_orr_literal
FN:284,_RNvMNtCsiHkNH9kphFy_7aqa_asm11interpreterNtB2_11Interpreter22interpret_eor_register
FN:292,_RNvMNtCsiHkNH9kphFy_7aqa_asm11interpreterNtB2_11Interpreter21interpret_eor_literal
FN:300,_RNvMNtCsiHkNH9kphFy_7aqa_asm11interpreterNtB2_11Interpreter22interpret_mvn_register
FN:307,_RNvMNtCsiHkNH9kphFy_7aqa_asm11interpreterNtB2_11Interpreter21interpret_mvn_literal
FN:314,_RNvMNtCsiHkNH9kphFy_7aqa_asm11interpreterNtB2_11Interpreter22interpret_lsl_register
FN:322,_RNvMNtCsiHkNH9kphFy_7aqa_asm11interpreterNtB2_11Interpreter21interpret_lsl_literal
FN:330,_RNvMNtCsiHkNH9kphFy_7aqa_asm11interpreterNtB2_11Interpreter22interpret_lsr_register
FN:338,_RNvMNtCsiHkNH9kphFy_7aqa_asm11interpreterNtB2_11Interpreter21interpret_lsr_literal
FN:346,_RNvMNtCsiHkNH9kphFy_7aqa_asm11interpreterNtB2_11Interpreter24interpret_print_register
FN:352,_RNvMNtCsiHkNH9kphFy_7aqa_asm11interpreterNtB2_11Interpreter22interpret_print_memory
FN:358,_RNvMNtCsiHkNH9kphFy_7aqa_asm11interpreterNtB2_11Interpreter24interpret_input_register
FN:364,_RNvMNtCsiHkNH9kphFy_7aqa_asm11interpreterNtB2_11Interpreter22interpret_input_memory
FNDA:29,_RNvNtNtCsiHkNH9kphFy_7aqa_asm11interpreter5tests17load_test_program
FNDA:1,_RNvNtNtCsiHkNH9kphFy_7aqa_asm11interpreter5testss_8test_nop
FNDA:1,_RNvNtNtCsiHkNH9kphFy_7aqa_asm11interpreter5testss_8test_ldr
FNDA:1,_RNvNtNtCsiHkNH9kphFy_7aqa_asm11interpreter5testss_8test_str
FNDA:1,_RNvNtNtCsiHkNH9kphFy_7aqa_asm11interpreter5testss_8test_add
FNDA:1,_RNvNtNtCsiHkNH9kphFy_7aqa_asm11interpreter5testss_8test_sub
FNDA:1,_RNvNtNtCsiHkNH9kphFy_7aqa_asm11interpreter5testss_8test_mov
FNDA:1,_RNvNtNtCsiHkNH9kphFy_7aqa_asm11interpreter5testss_22test_cmp_equal_numbers
FNDA:1,_RNvNtNtCsiHkNH9kphFy_7aqa_asm11interpreter5testss_21test_cmp_greater_than
FNDA:1,_RNvNtNtCsiHkNH9kphFy_7aqa_asm11interpreter5testss_18test_cmp_less_than
FNDA:1,_RNvNtNtCsiHkNH9kphFy_7aqa_asm11interpreter5testss_25test_unconditional_branch
FNDA:1,_RNvNtNtCsiHkNH9kphFy_7aqa_asm11interpreter5testss_8test_beq
FNDA:1,_RNvNtNtCsiHkNH9kphFy_7aqa_asm11interpreter5testss_8test_bne
FNDA:1,_RNvNtNtCsiHkNH9kphFy_7aqa_asm11interpreter5testss_8test_bgt
FNDA:1,_RNvNtNtCsiHkNH9kphFy_7aqa_asm11interpreter5testss_8test_blt
FNDA:1,_RNvNtNtCsiHkNH9kphFy_7aqa_asm11interpreter5testss_8test_and
FNDA:1,_RNvNtNtCsiHkNH9kphFy_7aqa_asm11interpreter5testss_8test_orr
FNDA:1,_RNvNtNtCsiHkNH9kphFy_7aqa_asm11interpreter5testss_8test_eor
FNDA:1,_RNvNtNtCsiHkNH9kphFy_7aqa_asm11interpreter5testss_8test_mvn
FNDA:1,_RNvNtNtCsiHkNH9kphFy_7aqa_asm11interpreter5testss_8test_lsl
FNDA:1,_RNvNtNtCsiHkNH9kphFy_7aqa_asm11interpreter5testss_8test_lsr
FNDA:1,_RNvNtNtCsiHkNH9kphFy_7aqa_asm11interpreter5testss_9test_halt
FNDA:1,_RNvNtNtCsiHkNH9kphFy_7aqa_asm11interpreter5testss_23test_out_of_bounds_read
FNDA:1,_RNvNtNtCsiHkNH9kphFy_7aqa_asm11interpreter5testss_24test_out_of_bounds_write
FNDA:1,_RNvNtNtCsiHkNH9kphFy_7aqa_asm11interpreter5testss_24test_read_past_of_memory
FNDA:1,_RNvNtNtCsiHkNH9kphFy_7aqa_asm11interpreter5testss_25test_read_past_max_memory
FNDA:1,_RNvNtNtCsiHkNH9kphFy_7aqa_asm11interpreter5testss_19test_invalid_opcode
FNDA:25,_RNvMNtCsiHkNH9kphFy_7aqa_asm11interpreterNtB2_11Interpreter9interpret
FNDA:35,_RNvMNtCsiHkNH9kphFy_7aqa_asm11interpreterNtB2_11Interpreter18internal_interpret
FNDA:404,_RNvMNtCsiHkNH9kphFy_7aqa_asm11interpreterNtB2_11Interpreter24read_next_memory_address
FNDA:2,_RNvMNtCsiHkNH9kphFy_7aqa_asm11interpreterNtB2_11Interpreter19read_memory_address
FNDA:2,_RNvMNtCsiHkNH9kphFy_7aqa_asm11interpreterNtB2_11Interpreter20write_memory_address
FNDA:0,_RNvMNtCsiHkNH9kphFy_7aqa_asm11interpreterNtB2_11Interpreter13take_u8_input
FNDA:2,_RNvMNtCsiHkNH9kphFy_7aqa_asm11interpreterNtB2_11Interpreter13interpret_ldr
FNDA:2,_RNvMNtCsiHkNH9kphFy_7aqa_asm11interpreterNtB2_11Interpreter13interpret_str
FNDA:1,_RNvMNtCsiHkNH9kphFy_7aqa_asm11interpreterNtB2_11Interpreter22interpret_add_register
FNDA:1,_RNvMNtCsiHkNH9kphFy_7aqa_asm11interpreterNtB2_11Interpreter21interpret_add_literal
FNDA:1,_RNvMNtCsiHkNH9kphFy_7aqa_asm11interpreterNtB2_11Interpreter22interpret_sub_register
FNDA:1,_RNvMNtCsiHkNH9kphFy_7aqa_asm11interpreterNtB2_11Interpreter21interpret_sub_literal
FNDA:1,_RNvMNtCsiHkNH9kphFy_7aqa_asm11interpreterNtB2_11Interpreter22interpret_mov_register
FNDA:1,_RNvMNtCsiHkNH9kphFy_7aqa_asm11interpreterNtB2_11Interpreter21interpret_mov_literal
FNDA:3,_RNvMNtCsiHkNH9kphFy_7aqa_asm11interpreterNtB2_11Interpreter22interpret_cmp_register
FNDA:3,_RNvMNtCsiHkNH9kphFy_7aqa_asm11interpreterNtB2_11Interpreter21interpret_cmp_literal
FNDA:1,_RNvMNtCsiHkNH9kphFy_7aqa_asm11interpreterNtB2_11Interpreter11interpret_b
FNDA:2,_RNvMNtCsiHkNH9kphFy_7aqa_asm11interpreterNtB2_11Interpreter13interpret_beq
FNDA:2,_RNvMNtCsiHkNH9kphFy_7aqa_asm11interpreterNtB2_11Interpreter13interpret_bne
FNDA:3,_RNvMNtCsiHkNH9kphFy_7aqa_asm11interpreterNtB2_11Interpreter13interpret_bgt
FNDA:3,_RNvMNtCsiHkNH9kphFy_7aqa_asm11interpreterNtB2_11Interpreter13interpret_blt
FNDA:1,_RNvMNtCsiHkNH9kphFy_7aqa_asm11interpreterNtB2_11Interpreter22interpret_and_register
FNDA:1,_RNvMNtCsiHkNH9kphFy_7aqa_asm11interpreterNtB2_11Interpreter21interpret_and_literal
FNDA:1,_RNvMNtCsiHkNH9kphFy_7aqa_asm11interpreterNtB2_11Interpreter22interpret_orr_register
FNDA:1,_RNvMNtCsiHkNH9kphFy_7aqa_asm11interpreterNtB2_11Interpreter21interpret_orr_literal
FNDA:1,_RNvMNtCsiHkNH9kphFy_7aqa_asm11interpreterNtB2_11Interpreter22interpret_eor_register
FNDA:1,_RNvMNtCsiHkNH9kphFy_7aqa_asm11interpreterNtB2_11Interpreter21interpret_eor_literal
FNDA:1,_RNvMNtCsiHkNH9kphFy_7aqa_asm11interpreterNtB2_11Interpreter22interpret_mvn_register
FNDA:1,_RNvMNtCsiHkNH9kphFy_7aqa_asm11interpreterNtB2_11Interpreter21interpret_mvn_literal
FNDA:1,_RNvMNtCsiHkNH9kphFy_7aqa_asm11interpreterNtB2_11Interpreter22interpret_lsl_register
FNDA:1,_RNvMNtCsiHkNH9kphFy_7aqa_asm11interpreterNtB2_11Interpreter21interpret_lsl_literal
FNDA:1,_RNvMNtCsiHkNH9kphFy_7aqa_asm11interpreterNtB2_11Interpreter22interpret_lsr_register
FNDA:1,_RNvMNtCsiHkNH9kphFy_7aqa_asm11interpreterNtB2_11Interpreter21interpret_lsr_literal
FNDA:0,_RNvMNtCsiHkNH9kphFy_7aqa_asm11interpreterNtB2_11Interpreter24interpret_print_register
FNDA:0,_RNvMNtCsiHkNH9kphFy_7aqa_asm11interpreterNtB2_11Interpreter22interpret_print_memory
FNDA:0,_RNvMNtCsiHkNH9kphFy_7aqa_asm11interpreterNtB2_11Interpreter24interpret_input_register
FNDA:0,_RNvMNtCsiHkNH9kphFy_7aqa_asm11interpreterNtB2_11Interpreter22interpret_input_memory
FNF:64
FNH:59
DA:23,25
DA:24,25
DA:25,25
DA:26,25
DA:27,25
DA:28,25
DA:29,25
DA:30,25
DA:31,25
DA:32,25
DA:33,25
DA:34,25
DA:35,25
DA:36,25
DA:37,21
DA:38,25
DA:40,35
DA:42,329
DA:44,327
DA:45,326
DA:46,1
DA:47,1
DA:48,1
DA:51,326
DA:52,257
DA:53,2
DA:54,2
DA:55,1
DA:56,1
DA:57,1
DA:58,1
DA:59,1
DA:60,1
DA:61,3
DA:62,3
DA:63,1
DA:64,2
DA:65,2
DA:66,3
DA:67,3
DA:68,1
DA:69,1
DA:70,1
DA:71,1
DA:72,1
DA:73,1
DA:74,1
DA:75,1
DA:76,1
DA:77,1
DA:78,1
DA:79,1
DA:80,0
DA:81,0
DA:82,0
DA:83,0
DA:84,30
DA:85,30
DA:86,30
DA:87,30
DA:88,34
DA:90,404
DA:91,404
DA:92,2
DA:93,402
DA:94,402
DA:95,402
DA:96,402
DA:97,404
DA:99,2
DA:100,2
DA:101,1
DA:102,1
DA:104,2
DA:106,2
DA:107,2
DA:108,1
DA:109,1
DA:110,1
DA:112,1
DA:114,2
DA:116,0
DA:118,0
DA:119,0
DA:120,0
DA:121,0
DA:123,0
DA:124,0
DA:125,0
DA:127,0
DA:129,2
DA:130,2
DA:131,2
DA:132,2
DA:133,1
DA:134,2
DA:136,2
DA:137,2
DA:138,2
DA:139,2
DA:140,1
DA:141,2
DA:143,1
DA:144,1
DA:145,1
DA:146,1
DA:147,1
DA:148,1
DA:149,1
DA:151,1
DA:152,1
DA:153,1
DA:154,1
DA:155,1
DA:156,1
DA:157,1
DA:159,1
DA:160,1
DA:161,1
DA:162,1
DA:163,1
DA:164,1
DA:165,1
DA:167,1
DA:168,1
DA:169,1
DA:170,1
DA:171,1
DA:172,1
DA:173,1
DA:175,1
DA:176,1
DA:177,1
DA:178,1
DA:179,1
DA:180,1
DA:182,1
DA:183,1
DA:184,1
DA:185,1
DA:186,1
DA:187,1
DA:189,3
DA:190,3
DA:191,3
DA:192,3
DA:193,3
DA:194,3
DA:195,3
DA:196,3
DA:198,3
DA:199,3
DA:200,3
DA:201,3
DA:202,3
DA:203,3
DA:204,3
DA:206,1
DA:207,1
DA:208,1
DA:209,1
DA:210,1
DA:212,2
DA:213,2
DA:214,1
DA:215,1
DA:216,1
DA:217,1
DA:218,1
DA:219,2
DA:220,2
DA:222,2
DA:223,2
DA:224,1
DA:225,1
DA:226,1
DA:227,1
DA:228,1
DA:229,2
DA:230,2
DA:232,3
DA:233,3
DA:234,1
DA:235,1
DA:236,2
DA:237,2
DA:238,2
DA:239,3
DA:240,3
DA:242,3
DA:243,3
DA:244,1
DA:245,1
DA:246,2
DA:247,2
DA:248,2
DA:249,3
DA:250,3
DA:252,1
DA:253,1
DA:254,1
DA:255,1
DA:256,1
DA:257,1
DA:258,1
DA:260,1
DA:261,1
DA:262,1
DA:263,1
DA:264,1
DA:265,1
DA:266,1
DA:268,1
DA:269,1
DA:270,1
DA:271,1
DA:272,1
DA:273,1
DA:274,1
DA:276,1
DA:277,1
DA:278,1
DA:279,1
DA:280,1
DA:281,1
DA:282,1
DA:284,1
DA:285,1
DA:286,1
DA:287,1
DA:288,1
DA:289,1
DA:290,1
DA:292,1
DA:293,1
DA:294,1
DA:295,1
DA:296,1
DA:297,1
DA:298,1
DA:300,1
DA:301,1
DA:302,1
DA:303,1
DA:304,1
DA:305,1
DA:307,1
DA:308,1
DA:309,1
DA:310,1
DA:311,1
DA:312,1
DA:314,1
DA:315,1
DA:316,1
DA:317,1
DA:318,1
DA:319,1
DA:320,1
DA:322,1
DA:323,1
DA:324,1
DA:325,1
DA:326,1
DA:327,1
DA:328,1
DA:330,1
DA:331,1
DA:332,1
DA:333,1
DA:334,1
DA:335,1
DA:336,1
DA:338,1
DA:339,1
DA:340,1
DA:341,1
DA:342,1
DA:343,1
DA:344,1
DA:346,0
DA:347,0
DA:348,0
DA:349,0
DA:350,0
DA:352,0
DA:353,0
DA:354,0
DA:355,0
DA:356,0
DA:358,0
DA:359,0
DA:360,0
DA:361,0
DA:362,0
DA:364,0
DA:365,0
DA:366,0
DA:367,0
DA:368,0
DA:377,29
DA:378,29
DA:379,29
DA:380,29
DA:381,29
DA:384,1
DA:385,1
DA:386,1
DA:387,1
DA:388,1
DA:389,1
DA:390,1
DA:391,1
DA:392,1
DA:393,1
DA:396,1
DA:397,1
DA:398,1
DA:399,1
DA:400,1
DA:401,1
DA:402,1
DA:405,1
DA:406,1
DA:407,1
DA:408,1
DA:409,1
DA:410,1
DA:411,1
DA:412,1
DA:415,1
DA:416,1
DA:417,1
DA:418,1
DA:419,1
DA:420,1
DA:421,1
DA:422,1
DA:423,1
DA:424,1
DA:425,1
DA:426,1
DA:427,1
DA:428,1
DA:429,1
DA:430,1
DA:431,1
DA:432,1
DA:435,1
DA:436,1
DA:437,1
DA:438,1
DA:439,1
DA:440,1
DA:441,1
DA:442,1
DA:443,1
DA:444,1
DA:445,1
DA:446,1
DA:447,1
DA:448,1
DA:449,1
DA:450,1
DA:451,1
DA:452,1
DA:453,1
DA:454,1
DA:457,1
DA:458,1
DA:459,1
DA:460,1
DA:461,1
DA:462,1
DA:463,1
DA:464,1
DA:465,1
DA:466,1
DA:467,1
DA:468,1
DA:469,1
DA:470,1
DA:471,1
DA:472,1
DA:475,1
DA:476,1
DA:477,1
DA:478,1
DA:479,1
DA:480,1
DA:481,1
DA:482,1
DA:483,1
DA:484,1
DA:485,1
DA:486,1
DA:487,1
DA:488,1
DA:491,1
DA:492,1
DA:493,1
DA:494,1
DA:495,1
DA:496,1
DA:497,1
DA:498,1
DA:499,1
DA:500,1
DA:501,1
DA:502,1
DA:505,1
DA:506,1
DA:507,1
DA:508,1
DA:509,1
DA:510,1
DA:511,1
DA:512,1
DA:513,1
DA:514,1
DA:515,1
DA:516,1
DA:517,1
DA:518,1
DA:519,1
DA:521,1
DA:522,1
DA:523,1
DA:524,1
DA:525,1
DA:526,1
DA:527,1
DA:528,1
DA:529,1
DA:530,1
DA:531,1
DA:532,1
DA:535,1
DA:536,1
DA:537,1
DA:538,1
DA:539,1
DA:540,1
DA:541,1
DA:542,1
DA:543,1
DA:544,1
DA:545,1
DA:546,1
DA:547,1
DA:548,1
DA:549,1
DA:552,1
DA:553,1
DA:554,1
DA:555,1
DA:556,1
DA:557,1
DA:558,1
DA:559,1
DA:560,1
DA:561,1
DA:562,1
DA:563,1
DA:566,1
DA:567,1
DA:568,1
DA:569,1
DA:570,1
DA:571,1
DA:572,1
DA:573,1
DA:574,1
DA:575,1
DA:576,1
DA:577,1
DA:578,1
DA:581,1
DA:582,1
DA:583,1
DA:584,1
DA:585,1
DA:586,1
DA:587,1
DA:588,1
DA:589,1
DA:590,1
DA:591,1
DA:592,1
DA:593,1
DA:594,1
DA:595,1
DA:596,1
DA:597,1
DA:598,1
DA:599,1
DA:600,1
DA:603,1
DA:604,1
DA:605,1
DA:606,1
DA:607,1
DA:610,1
DA:611,1
DA:612,1
DA:613,1
DA:614,1
DA:615,1
DA:616,1
DA:617,1
DA:618,1
DA:619,1
DA:620,1
DA:621,1
DA:622,1
DA:623,1
DA:624,1
DA:625,1
DA:626,1
DA:627,1
DA:628,1
DA:629,1
DA:632,1
DA:633,1
DA:634,1
DA:635,1
DA:636,1
DA:639,1
DA:640,1
DA:641,1
DA:642,1
DA:643,1
DA:644,1
DA:645,1
DA:646,1
DA:647,1
DA:648,1
DA:649,1
DA:650,1
DA:651,1
DA:652,1
DA:653,1
DA:654,1
DA:655,1
DA:656,1
DA:657,1
DA:658,1
DA:661,1
DA:662,1
DA:663,1
DA:664,1
DA:667,1
DA:668,1
DA:669,1
DA:670,1
DA:671,1
DA:672,1
DA:675,1
DA:676,1
DA:677,1
DA:678,1
DA:679,1
DA:680,1
DA:681,1
DA:682,1
DA:683,1
DA:684,1
DA:685,1
DA:686,1
DA:687,1
DA:688,1
DA:689,1
DA:690,1
DA:691,1
DA:692,1
DA:693,1
DA:694,1
DA:697,1
DA:698,1
DA:699,1
DA:700,1
DA:701,1
DA:704,1
DA:705,1
DA:706,1
DA:707,1
DA:708,1
DA:711,1
DA:712,1
DA:713,1
DA:714,1
DA:715,1
DA:716,1
DA:717,1
DA:718,1
DA:719,1
DA:720,1
DA:721,1
DA:722,1
DA:723,1
DA:724,1
DA:725,1
DA:726,1
DA:727,1
DA:728,1
DA:729,1
DA:730,1
DA:731,1
DA:734,1
DA:735,1
DA:736,1
DA:737,1
DA:738,1
DA:739,1
DA:740,1
DA:741,1
DA:742,1
DA:743,1
DA:744,1
DA:745,1
DA:746,1
DA:747,1
DA:748,1
DA:749,1
DA:750,1
DA:751,1
DA:752,1
DA:755,1
DA:756,1
DA:757,1
DA:758,1
DA:759,1
DA:760,1
DA:761,1
DA:762,1
DA:763,1
DA:764,1
DA:765,1
DA:766,1
DA:767,1
DA:768,1
DA:769,1
DA:770,1
DA:771,1
DA:772,1
DA:773,1
DA:774,1
DA:777,1
DA:778,1
DA:779,1
DA:780,1
DA:781,1
DA:782,1
DA:783,1
DA:784,1
DA:785,1
DA:786,1
DA:787,1
DA:788,1
DA:789,1
DA:790,1
DA:791,1
DA:792,1
DA:793,1
DA:794,1
DA:797,1
DA:798,1
DA:799,1
DA:800,1
DA:801,1
DA:802,1
DA:803,1
DA:804,1
DA:805,1
DA:806,1
DA:807,1
DA:808,1
DA:809,1
DA:810,1
DA:811,1
DA:812,1
DA:813,1
DA:814,1
DA:815,1
DA:816,1
DA:817,1
DA:820,1
DA:821,1
DA:822,1
DA:823,1
DA:824,1
DA:825,1
DA:826,1
DA:827,1
DA:828,1
DA:829,1
DA:830,1
DA:831,1
DA:832,1
DA:833,1
DA:834,1
DA:835,1
DA:836,1
DA:837,1
DA:838,1
DA:839,1
DA:840,1
DA:843,1
DA:844,1
DA:845,1
DA:846,1
DA:847,1
DA:848,1
DA:849,1
DA:850,1
DA:851,1
DA:852,1
DA:853,1
DA:854,1
DA:857,1
DA:858,1
DA:859,1
DA:860,1
DA:861,1
DA:862,1
DA:863,1
DA:864,1
DA:865,1
DA:868,1
DA:869,1
DA:870,1
DA:871,1
DA:872,1
DA:873,1
DA:874,1
DA:875,1
DA:876,1
DA:879,1
DA:880,1
DA:881,1
DA:882,1
DA:883,1
DA:884,1
DA:885,1
DA:886,1
DA:887,1
DA:890,1
DA:891,1
DA:892,1
DA:893,1
DA:894,1
DA:895,1
DA:896,1
DA:897,1
DA:898,1
DA:902,1
DA:903,1
DA:904,1
DA:905,1
DA:906,1
DA:907,1
BRF:0
BRH:0
LF:761
LH:728
end_of_record
SF:/home/william/Desktop/AQA-ASM/src/main.rs
FN:20,_RNCNvXs0_CsiHkNH9kphFy_7aqa_asmNtB7_4ArgsNtNtCsjQppZAL0ucn_12clap_builder6derive14FromArgMatches20from_arg_matches_mut0B7_
FN:24,_RNCNvXs0_CsiHkNH9kphFy_7aqa_asmNtB7_4ArgsNtNtCsjQppZAL0ucn_12clap_builder6derive14FromArgMatches20from_arg_matches_muts_0B7_
FN:20,_RNCNvXs0_CsiHkNH9kphFy_7aqa_asmNtB7_4ArgsNtNtCsjQppZAL0ucn_12clap_builder6derive14FromArgMatches27update_from_arg_matches_mut0B7_
FN:24,_RNCNvXs0_CsiHkNH9kphFy_7aqa_asmNtB7_4ArgsNtNtCsjQppZAL0ucn_12clap_builder6derive14FromArgMatches27update_from_arg_matches_muts_0B7_
FN:23,_RNCNvXs1_CsiHkNH9kphFy_7aqa_asmNtB7_4ArgsNtNtCsjQppZAL0ucn_12clap_builder6derive4Args12augment_args0B7_
FN:23,_RNCNvXs1_CsiHkNH9kphFy_7aqa_asmNtB7_4ArgsNtNtCsjQppZAL0ucn_12clap_builder6derive4Args23augment_args_for_update0B7_
FN:45,_RNvCsiHkNH9kphFy_7aqa_asm4main
FNDA:0,_RNCNvXs0_CsiHkNH9kphFy_7aqa_asmNtB7_4ArgsNtNtCsjQppZAL0ucn_12clap_builder6derive14FromArgMatches20from_arg_matches_mut0B7_
FNDA:0,_RNCNvXs0_CsiHkNH9kphFy_7aqa_asmNtB7_4ArgsNtNtCsjQppZAL0ucn_12clap_builder6derive14FromArgMatches20from_arg_matches_muts_0B7_
FNDA:0,_RNCNvXs0_CsiHkNH9kphFy_7aqa_asmNtB7_4ArgsNtNtCsjQppZAL0ucn_12clap_builder6derive14FromArgMatches27update_from_arg_matches_mut0B7_
FNDA:0,_RNCNvXs0_CsiHkNH9kphFy_7aqa_asmNtB7_4ArgsNtNtCsjQppZAL0ucn_12clap_builder6derive14FromArgMatches27update_from_arg_matches_muts_0B7_
FNDA:0,_RNCNvXs1_CsiHkNH9kphFy_7aqa_asmNtB7_4ArgsNtNtCsjQppZAL0ucn_12clap_builder6derive4Args12augment_args0B7_
FNDA:0,_RNCNvXs1_CsiHkNH9kphFy_7aqa_asmNtB7_4ArgsNtNtCsjQppZAL0ucn_12clap_builder6derive4Args23augment_args_for_update0B7_
FNDA:0,_RNvCsiHkNH9kphFy_7aqa_asm4main
FNF:4
FNH:0
DA:20,0
DA:23,0
DA:24,0
DA:45,0
DA:46,0
DA:47,0
DA:48,0
DA:49,0
DA:52,0
DA:53,0
DA:54,0
DA:55,0
DA:56,0
DA:61,0
DA:62,0
DA:63,0
DA:64,0
DA:65,0
DA:70,0
DA:71,0
DA:72,0
DA:73,0
DA:74,0
DA:79,0
DA:80,0
DA:81,0
DA:82,0
DA:83,0
DA:84,0
DA:85,0
DA:86,0
DA:87,0
DA:88,0
DA:89,0
DA:90,0
DA:91,0
DA:92,0
BRF:0
BRH:0
LF:37
LH:0
end_of_record
SF:/home/william/Desktop/AQA-ASM/src/parser/error.rs
FN:27,_RNvXs_NtNtCsiHkNH9kphFy_7aqa_asm6parser5errorNtB4_11ParserErrorNtNtCs5cYH0lLSdLc_4core3fmt7Display3fmt
FN:85,_RNCNvXs_NtNtCsiHkNH9kphFy_7aqa_asm6parser5errorNtB6_11ParserErrorNtNtCs5cYH0lLSdLc_4core3fmt7Display3fmt0Ba_
FN:104,_RNCNvXs_NtNtCsiHkNH9kphFy_7aqa_asm6parser5errorNtB6_11ParserErrorNtNtCs5cYH0lLSdLc_4core3fmt7Display3fmts_0Ba_
FN:112,_RNCNvXs_NtNtCsiHkNH9kphFy_7aqa_asm6parser5errorNtB6_11ParserErrorNtNtCs5cYH0lLSdLc_4core3fmt7Display3fmts0_0Ba_
FN:115,_RNCNCNvXs_NtNtCsiHkNH9kphFy_7aqa_asm6parser5errorNtB8_11ParserErrorNtNtCs5cYH0lLSdLc_4core3fmt7Display3fmts0_00Bc_
FN:128,_RNCNvXs_NtNtCsiHkNH9kphFy_7aqa_asm6parser5errorNtB6_11ParserErrorNtNtCs5cYH0lLSdLc_4core3fmt7Display3fmts1_0Ba_
FNDA:0,_RNvXs_NtNtCsiHkNH9kphFy_7aqa_asm6parser5errorNtB4_11ParserErrorNtNtCs5cYH0lLSdLc_4core3fmt7Display3fmt
FNDA:0,_RNCNvXs_NtNtCsiHkNH9kphFy_7aqa_asm6parser5errorNtB6_11ParserErrorNtNtCs5cYH0lLSdLc_4core3fmt7Display3fmt0Ba_
FNDA:0,_RNCNvXs_NtNtCsiHkNH9kphFy_7aqa_asm6parser5errorNtB6_11ParserErrorNtNtCs5cYH0lLSdLc_4core3fmt7Display3fmts_0Ba_
FNDA:0,_RNCNvXs_NtNtCsiHkNH9kphFy_7aqa_asm6parser5errorNtB6_11ParserErrorNtNtCs5cYH0lLSdLc_4core3fmt7Display3fmts0_0Ba_
FNDA:0,_RNCNCNvXs_NtNtCsiHkNH9kphFy_7aqa_asm6parser5errorNtB8_11ParserErrorNtNtCs5cYH0lLSdLc_4core3fmt7Display3fmts0_00Bc_
FNDA:0,_RNCNvXs_NtNtCsiHkNH9kphFy_7aqa_asm6parser5errorNtB6_11ParserErrorNtNtCs5cYH0lLSdLc_4core3fmt7Display3fmts1_0Ba_
FNF:6
FNH:0
DA:27,0
DA:28,0
DA:29,0
DA:30,0
DA:31,0
DA:32,0
DA:33,0
DA:34,0
DA:35,0
DA:36,0
DA:37,0
DA:38,0
DA:40,0
DA:41,0
DA:42,0
DA:43,0
DA:44,0
DA:45,0
DA:46,0
DA:47,0
DA:48,0
DA:50,0
DA:51,0
DA:52,0
DA:53,0
DA:54,0
DA:55,0
DA:56,0
DA:57,0
DA:58,0
DA:59,0
DA:60,0
DA:61,0
DA:62,0
DA:64,0
DA:65,0
DA:66,0
DA:67,0
DA:68,0
DA:69,0
DA:70,0
DA:71,0
DA:72,0
DA:73,0
DA:74,0
DA:75,0
DA:76,0
DA:77,0
DA:78,0
DA:79,0
DA:82,0
DA:83,0
DA:84,0
DA:85,0
DA:86,0
DA:87,0
DA:88,0
DA:89,0
DA:93,0
DA:94,0
DA:95,0
DA:96,0
DA:97,0
DA:98,0
DA:99,0
DA:100,0
DA:101,0
DA:102,0
DA:103,0
DA:104,0
DA:105,0
DA:106,0
DA:107,0
DA:108,0
DA:109,0
DA:110,0
DA:111,0
DA:112,0
DA:113,0
DA:114,0
DA:115,0
DA:116,0
DA:117,0
DA:118,0
DA:119,0
DA:120,0
DA:121,0
DA:122,0
DA:123,0
DA:124,0
DA:125,0
DA:126,0
DA:127,0
DA:128,0
DA:129,0
DA:130,0
DA:131,0
DA:133,0
DA:134,0
DA:135,0
BRF:0
BRH:0
LF:106
LH:0
end_of_record
SF:/home/william/Desktop/AQA-ASM/src/parser/mod.rs
FN:24,_RNvMNtCsiHkNH9kphFy_7aqa_asm6parserNtB2_6Parser5parse
FN:38,_RNvMNtCsiHkNH9kphFy_7aqa_asm6parserNtB2_6Parser14internal_parse
FN:61,_RNvMNtCsiHkNH9kphFy_7aqa_asm6parserNtB2_6Parser15consume_operand
FN:79,_RNvMNtCsiHkNH9kphFy_7aqa_asm6parserNtB2_6Parser12write_memory
FN:84,_RNvMNtCsiHkNH9kphFy_7aqa_asm6parserNtB2_6Parser12parse_opcode
FN:88,_RNCNvMNtCsiHkNH9kphFy_7aqa_asm6parserNtB4_6Parser12parse_opcode0B6_
FN:94,_RNCNvMNtCsiHkNH9kphFy_7aqa_asm6parserNtB4_6Parser12parse_opcodes_0B6_
FN:136,_RNCNvMNtCsiHkNH9kphFy_7aqa_asm6parserNtB4_6Parser12parse_opcodes0_0B6_
FNDA:0,_RNvMNtCsiHkNH9kphFy_7aqa_asm6parserNtB2_6Parser5parse
FNDA:0,_RNvMNtCsiHkNH9kphFy_7aqa_asm6parserNtB2_6Parser14internal_parse
FNDA:0,_RNvMNtCsiHkNH9kphFy_7aqa_asm6parserNtB2_6Parser15consume_operand
FNDA:0,_RNvMNtCsiHkNH9kphFy_7aqa_asm6parserNtB2_6Parser12write_memory
FNDA:0,_RNvMNtCsiHkNH9kphFy_7aqa_asm6parserNtB2_6Parser12parse_opcode
FNDA:0,_RNCNvMNtCsiHkNH9kphFy_7aqa_asm6parserNtB4_6Parser12parse_opcode0B6_
FNDA:0,_RNCNvMNtCsiHkNH9kphFy_7aqa_asm6parserNtB4_6Parser12parse_opcodes_0B6_
FNDA:0,_RNCNvMNtCsiHkNH9kphFy_7aqa_asm6parserNtB4_6Parser12parse_opcodes0_0B6_
FNF:8
FNH:0
DA:24,0
DA:25,0
DA:26,0
DA:27,0
DA:28,0
DA:29,0
DA:30,0
DA:31,0
DA:32,0
DA:33,0
DA:34,0
DA:35,0
DA:36,0
DA:38,0
DA:40,0
DA:46,0
DA:47,0
DA:48,0
DA:50,0
DA:52,0
DA:53,0
DA:54,0
DA:58,0
DA:59,0
DA:61,0
DA:62,0
DA:63,0
DA:64,0
DA:65,0
DA:66,0
DA:68,0
DA:69,0
DA:70,0
DA:73,0
DA:74,0
DA:75,0
DA:77,0
DA:79,0
DA:80,0
DA:81,0
DA:82,0
DA:84,0
DA:85,0
DA:88,0
DA:89,0
DA:90,0
DA:91,0
DA:94,0
DA:95,0
DA:96,0
DA:100,0
DA:101,0
DA:103,0
DA:104,0
DA:105,0
DA:108,0
DA:109,0
DA:110,0
DA:111,0
DA:112,0
DA:113,0
DA:117,0
DA:118,0
DA:119,0
DA:120,0
DA:121,0
DA:122,0
DA:127,0
DA:128,0
DA:129,0
DA:130,0
DA:131,0
DA:132,0
DA:136,0
DA:137,0
DA:139,0
DA:141,0
DA:142,0
DA:143,0
DA:144,0
DA:145,0
DA:147,0
DA:148,0
DA:150,0
DA:156,0
DA:157,0
DA:158,0
DA:159,0
DA:160,0
DA:161,0
DA:163,0
DA:164,0
BRF:0
BRH:0
LF:95
LH:0
end_of_record
SF:/home/william/Desktop/AQA-ASM/src/tokenizer/error.rs
FN:31,_RNvXs_NtNtCsiHkNH9kphFy_7aqa_asm9tokenizer5errorNtB4_14TokenizerErrorNtNtCs5cYH0lLSdLc_4core3fmt7Display3fmt
FNDA:0,_RNvXs_NtNtCsiHkNH9kphFy_7aqa_asm9tokenizer5errorNtB4_14TokenizerErrorNtNtCs5cYH0lLSdLc_4core3fmt7Display3fmt
FNF:1
FNH:0
DA:31,0
DA:32,0
DA:33,0
DA:34,0
DA:35,0
DA:36,0
DA:37,0
DA:38,0
DA:39,0
DA:40,0
DA:41,0
DA:42,0
DA:43,0
DA:44,0
DA:45,0
DA:46,0
DA:47,0
DA:48,0
DA:49,0
DA:50,0
DA:51,0
DA:52,0
DA:53,0
DA:54,0
DA:55,0
DA:56,0
DA:57,0
DA:58,0
DA:59,0
DA:60,0
DA:61,0
DA:62,0
DA:63,0
DA:64,0
DA:65,0
DA:66,0
DA:67,0
DA:68,0
DA:69,0
DA:70,0
DA:71,0
DA:72,0
DA:73,0
DA:74,0
DA:75,0
DA:76,0
DA:77,0
DA:78,0
DA:79,0
DA:80,0
DA:81,0
DA:82,0
DA:83,0
DA:84,0
DA:85,0
DA:86,0
DA:87,0
DA:88,0
DA:89,0
DA:90,0
DA:91,0
DA:92,0
DA:93,0
DA:94,0
DA:95,0
DA:96,0
DA:97,0
DA:98,0
DA:99,0
DA:100,0
DA:101,0
BRF:0
BRH:0
LF:71
LH:0
end_of_record
SF:/home/william/Desktop/AQA-ASM/src/tokenizer/mod.rs
FN:39,_RNvMNtCsiHkNH9kphFy_7aqa_asm9tokenizerNtB2_9Tokenizer8tokenize
FN:70,_RNvMNtCsiHkNH9kphFy_7aqa_asm9tokenizerNtB2_9Tokenizer16interal_tokenize
FN:103,_RNvMNtCsiHkNH9kphFy_7aqa_asm9tokenizerNtB2_9Tokenizer4next
FN:119,_RNvMNtCsiHkNH9kphFy_7aqa_asm9tokenizerNtB2_9Tokenizer22inc_program_byte_count
FN:150,_RNvMNtCsiHkNH9kphFy_7aqa_asm9tokenizerNtB2_9Tokenizer9add_token
FN:170,_RNvMNtCsiHkNH9kphFy_7aqa_asm9tokenizerNtB2_9Tokenizer10consume_u8
FN:190,_RNvMNtCsiHkNH9kphFy_7aqa_asm9tokenizerNtB2_9Tokenizer21add_single_char_token
FN:195,_RNvMNtCsiHkNH9kphFy_7aqa_asm9tokenizerNtB2_9Tokenizer25tokenize_memory_reference
FN:200,_RNvMNtCsiHkNH9kphFy_7aqa_asm9tokenizerNtB2_9Tokenizer16tokenize_literal
FN:216,_RNvMNtCsiHkNH9kphFy_7aqa_asm9tokenizerNtB2_9Tokenizer19tokenize_identifier
FN:296,_RNvMNtCsiHkNH9kphFy_7aqa_asm9tokenizerNtB2_9Tokenizer7comment
FN:135,_RINvMNtCsiHkNH9kphFy_7aqa_asm9tokenizerNtB3_9Tokenizer13consume_whileNCNvB2_10consume_u80EB5_
FN:135,_RINvMNtCsiHkNH9kphFy_7aqa_asm9tokenizerNtB3_9Tokenizer13consume_whileNCNvB2_19tokenize_identifier0EB5_
FN:171,_RNCNvMNtCsiHkNH9kphFy_7aqa_asm9tokenizerNtB4_9Tokenizer10consume_u80B6_
FN:217,_RNCNvMNtCsiHkNH9kphFy_7aqa_asm9tokenizerNtB4_9Tokenizer19tokenize_identifier0B6_
FN:352,_RNvNtNtCsiHkNH9kphFy_7aqa_asm9tokenizer5tests19extract_token_types
FN:357,_RNvNtNtCsiHkNH9kphFy_7aqa_asm9tokenizer5tests33extract_token_line_column_numbers
FN:365,_RNvNtNtCsiHkNH9kphFy_7aqa_asm9tokenizer5tests24test_token_type_sequence
FN:371,_RNvNtNtCsiHkNH9kphFy_7aqa_asm9tokenizer5testss_20test_tokens_isolated
FN:407,_RNvNtNtCsiHkNH9kphFy_7aqa_asm9tokenizer5testss_24test_comment_line_single
FN:412,_RNvNtNtCsiHkNH9kphFy_7aqa_asm9tokenizer5testss_27test_comment_line_multiline
FN:420,_RNvNtNtCsiHkNH9kphFy_7aqa_asm9tokenizer5testss_28test_comment_block_multiline
FN:431,_RNvNtNtCsiHkNH9kphFy_7aqa_asm9tokenizer5testss_18test_empty_program
FN:436,_RNvNtNtCsiHkNH9kphFy_7aqa_asm9tokenizer5testss_28test_missing_register_number
FN:446,_RNvNtNtCsiHkNH9kphFy_7aqa_asm9tokenizer5testss_27test_missing_literal_number
FN:456,_RNvNtNtCsiHkNH9kphFy_7aqa_asm9tokenizer5testss_31test_unterminated_block_comment
FN:478,_RNvNtNtCsiHkNH9kphFy_7aqa_asm9tokenizer5testss_28test_invalid_comment_denoter
FN:489,_RNvNtNtCsiHkNH9kphFy_7aqa_asm9tokenizer5testss_32test_duplicate_label_definitions
FN:508,_RNvNtNtCsiHkNH9kphFy_7aqa_asm9tokenizer5testss_28test_invalid_register_number
FN:529,_RNvNtNtCsiHkNH9kphFy_7aqa_asm9tokenizer5testss_22test_too_large_program
FN:537,_RNvNtNtCsiHkNH9kphFy_7aqa_asm9tokenizer5testss_47test_label_definition_not_after_line_delimeters
FN:551,_RNvNtNtCsiHkNH9kphFy_7aqa_asm9tokenizer5testss_31test_memory_reference_too_large
FN:563,_RNvNtNtCsiHkNH9kphFy_7aqa_asm9tokenizer5testss_28test_literal_value_too_large
FN:575,_RNvNtNtCsiHkNH9kphFy_7aqa_asm9tokenizer5testss_23test_invalid_characters
FN:588,_RNvNtNtCsiHkNH9kphFy_7aqa_asm9tokenizer5testss_26test_line_col_calculations
FN:353,_RNCNvNtNtCsiHkNH9kphFy_7aqa_asm9tokenizer5tests19extract_token_types0B7_
FN:360,_RNCNvNtNtCsiHkNH9kphFy_7aqa_asm9tokenizer5tests33extract_token_line_column_numbers0B7_
FNDA:46,_RNvMNtCsiHkNH9kphFy_7aqa_asm9tokenizerNtB2_9Tokenizer8tokenize
FNDA:46,_RNvMNtCsiHkNH9kphFy_7aqa_asm9tokenizerNtB2_9Tokenizer16interal_tokenize
FNDA:1547,_RNvMNtCsiHkNH9kphFy_7aqa_asm9tokenizerNtB2_9Tokenizer4next
FNDA:312,_RNvMNtCsiHkNH9kphFy_7aqa_asm9tokenizerNtB2_9Tokenizer22inc_program_byte_count
FNDA:589,_RNvMNtCsiHkNH9kphFy_7aqa_asm9tokenizerNtB2_9Tokenizer9add_token
FNDA:23,_RNvMNtCsiHkNH9kphFy_7aqa_asm9tokenizerNtB2_9Tokenizer10consume_u8
FNDA:277,_RNvMNtCsiHkNH9kphFy_7aqa_asm9tokenizerNtB2_9Tokenizer21add_single_char_token
FNDA:4,_RNvMNtCsiHkNH9kphFy_7aqa_asm9tokenizerNtB2_9Tokenizer25tokenize_memory_reference
FNDA:9,_RNvMNtCsiHkNH9kphFy_7aqa_asm9tokenizerNtB2_9Tokenizer16tokenize_literal
FNDA:311,_RNvMNtCsiHkNH9kphFy_7aqa_asm9tokenizerNtB2_9Tokenizer19tokenize_identifier
FNDA:9,_RNvMNtCsiHkNH9kphFy_7aqa_asm9tokenizerNtB2_9Tokenizer7comment
FNDA:23,_RINvMNtCsiHkNH9kphFy_7aqa_asm9tokenizerNtB3_9Tokenizer13consume_whileNCNvB2_10consume_u80EB5_
FNDA:311,_RINvMNtCsiHkNH9kphFy_7aqa_asm9tokenizerNtB3_9Tokenizer13consume_whileNCNvB2_19tokenize_identifier0EB5_
FNDA:56,_RNCNvMNtCsiHkNH9kphFy_7aqa_asm9tokenizerNtB4_9Tokenizer10consume_u80B6_
FNDA:1235,_RNCNvMNtCsiHkNH9kphFy_7aqa_asm9tokenizerNtB4_9Tokenizer19tokenize_identifier0B6_
FNDA:32,_RNvNtNtCsiHkNH9kphFy_7aqa_asm9tokenizer5tests19extract_token_types
FNDA:1,_RNvNtNtCsiHkNH9kphFy_7aqa_asm9tokenizer5tests33extract_token_line_column_numbers
FNDA:32,_RNvNtNtCsiHkNH9kphFy_7aqa_asm9tokenizer5tests24test_token_type_sequence
FNDA:1,_RNvNtNtCsiHkNH9kphFy_7aqa_asm9tokenizer5testss_20test_tokens_isolated
FNDA:1,_RNvNtNtCsiHkNH9kphFy_7aqa_asm9tokenizer5testss_24test_comment_line_single
FNDA:1,_RNvNtNtCsiHkNH9kphFy_7aqa_asm9tokenizer5testss_27test_comment_line_multiline
FNDA:1,_RNvNtNtCsiHkNH9kphFy_7aqa_asm9tokenizer5testss_28test_comment_block_multiline
FNDA:1,_RNvNtNtCsiHkNH9kphFy_7aqa_asm9tokenizer5testss_18test_empty_program
FNDA:1,_RNvNtNtCsiHkNH9kphFy_7aqa_asm9tokenizer5testss_28test_missing_register_number
FNDA:1,_RNvNtNtCsiHkNH9kphFy_7aqa_asm9tokenizer5testss_27test_missing_literal_number
FNDA:1,_RNvNtNtCsiHkNH9kphFy_7aqa_asm9tokenizer5testss_31test_unterminated_block_comment
FNDA:1,_RNvNtNtCsiHkNH9kphFy_7aqa_asm9tokenizer5testss_28test_invalid_comment_denoter
FNDA:1,_RNvNtNtCsiHkNH9kphFy_7aqa_asm9tokenizer5testss_32test_duplicate_label_definitions
FNDA:1,_RNvNtNtCsiHkNH9kphFy_7aqa_asm9tokenizer5testss_28test_invalid_register_number
FNDA:1,_RNvNtNtCsiHkNH9kphFy_7aqa_asm9tokenizer5testss_22test_too_large_program
FNDA:1,_RNvNtNtCsiHkNH9kphFy_7aqa_asm9tokenizer5testss_47test_label_definition_not_after_line_delimeters
FNDA:1,_RNvNtNtCsiHkNH9kphFy_7aqa_asm9tokenizer5testss_31test_memory_reference_too_large
FNDA:1,_RNvNtNtCsiHkNH9kphFy_7aqa_asm9tokenizer5testss_28test_literal_value_too_large
FNDA:1,_RNvNtNtCsiHkNH9kphFy_7aqa_asm9tokenizer5testss_23test_invalid_characters
FNDA:1,_RNvNtNtCsiHkNH9kphFy_7aqa_asm9tokenizer5testss_26test_line_col_calculations
FNDA:32,_RNCNvNtNtCsiHkNH9kphFy_7aqa_asm9tokenizer5tests19extract_token_types0B7_
FNDA:29,_RNCNvNtNtCsiHkNH9kphFy_7aqa_asm9tokenizer5tests33extract_token_line_column_numbers0B7_
FNF:36
FNH:36
DA:39,46
DA:40,46
DA:41,46
DA:42,46
DA:43,46
DA:44,46
DA:45,46
DA:46,46
DA:47,46
DA:48,46
DA:49,46
DA:50,46
DA:51,33
DA:52,46
DA:70,46
DA:72,690
DA:74,657
DA:75,46
DA:76,46
DA:77,46
DA:78,611
DA:79,611
DA:80,611
DA:81,9
DA:82,264
DA:83,4
DA:84,316
DA:85,311
DA:86,9
DA:87,9
DA:88,1
DA:89,1
DA:90,1
DA:91,1
DA:92,1
DA:93,1
DA:94,1
DA:95,1
DA:99,33
DA:100,46
DA:103,1547
DA:104,1547
DA:105,1545
DA:106,15
DA:107,15
DA:108,15
DA:109,15
DA:110,3
DA:111,1527
DA:113,1545
DA:114,1545
DA:115,2
DA:116,2
DA:117,1547
DA:119,312
DA:120,312
DA:121,1
DA:122,1
DA:123,1
DA:124,1
DA:125,1
DA:126,1
DA:127,1
DA:128,1
DA:129,311
DA:130,311
DA:131,311
DA:132,312
DA:135,334
DA:136,334
DA:137,334
DA:138,334
DA:139,334
DA:140,1322
DA:141,1291
DA:142,303
DA:143,988
DA:144,988
DA:145,988
DA:147,334
DA:148,334
DA:150,589
DA:151,589
DA:152,589
DA:153,8
DA:154,581
DA:155,589
DA:156,589
DA:157,589
DA:158,589
DA:159,589
DA:160,589
DA:161,589
DA:162,589
DA:163,312
DA:164,277
DA:166,588
DA:167,588
DA:168,589
DA:170,23
DA:171,56
DA:172,23
DA:173,2
DA:175,21
DA:176,18
DA:178,3
DA:179,3
DA:180,3
DA:181,3
DA:182,3
DA:183,3
DA:184,3
DA:188,23
DA:190,277
DA:191,277
DA:192,277
DA:193,277
DA:195,4
DA:196,4
DA:197,3
DA:198,4
DA:200,9
DA:201,9
DA:202,9
DA:203,7
DA:204,1
DA:206,1
DA:207,1
DA:208,1
DA:209,1
DA:210,1
DA:211,1
DA:214,9
DA:216,311
DA:217,1235
DA:218,311
DA:219,311
DA:220,10
DA:221,8
DA:222,8
DA:223,1
DA:224,1
DA:225,1
DA:226,1
DA:227,1
DA:228,1
DA:229,1
DA:230,7
DA:231,7
DA:232,7
DA:234,1
DA:235,1
DA:236,1
DA:237,1
DA:238,1
DA:239,1
DA:240,1
DA:242,301
DA:244,301
DA:245,293
DA:246,292
DA:247,8
DA:248,8
DA:249,8
DA:251,6
DA:253,4
DA:254,5
DA:255,1
DA:258,1
DA:259,1
DA:260,1
DA:261,1
DA:262,1
DA:263,1
DA:264,1
DA:269,5
DA:270,1
DA:271,1
DA:272,1
DA:273,1
DA:274,1
DA:275,1
DA:276,1
DA:277,4
DA:278,4
DA:279,4
DA:280,4
DA:281,4
DA:282,4
DA:283,4
DA:284,4
DA:285,4
DA:286,4
DA:287,4
DA:288,4
DA:289,4
DA:290,2
DA:291,2
DA:292,2
DA:293,2
DA:294,311
DA:296,9
DA:297,9
DA:298,9
DA:301,2
DA:302,17
DA:303,16
DA:304,1
DA:305,15
DA:306,15
DA:307,15
DA:312,193
DA:313,191
DA:314,11
DA:315,4
DA:316,4
DA:317,7
DA:319,180
DA:321,2
DA:322,2
DA:323,2
DA:324,2
DA:325,2
DA:326,2
DA:332,1
DA:333,1
DA:334,1
DA:335,1
DA:336,1
DA:337,1
DA:340,6
DA:341,6
DA:342,9
DA:352,32
DA:353,32
DA:354,32
DA:357,1
DA:358,1
DA:359,1
DA:360,29
DA:361,1
DA:362,1
DA:365,32
DA:366,32
DA:367,32
DA:368,32
DA:371,1
DA:372,28
DA:373,1
DA:374,1
DA:375,1
DA:376,1
DA:377,1
DA:378,1
DA:379,1
DA:380,1
DA:381,1
DA:382,1
DA:383,1
DA:384,1
DA:385,1
DA:386,1
DA:387,1
DA:388,1
DA:389,1
DA:390,1
DA:391,1
DA:392,1
DA:393,1
DA:394,1
DA:395,1
DA:396,1
DA:397,1
DA:398,1
DA:399,1
DA:400,1
DA:401,28
DA:402,28
DA:403,28
DA:404,1
DA:407,1
DA:408,1
DA:409,1
DA:412,1
DA:413,1
DA:414,1
DA:415,1
DA:416,1
DA:417,1
DA:420,1
DA:421,1
DA:422,1
DA:423,1
DA:424,1
DA:425,1
DA:426,1
DA:427,1
DA:428,1
DA:431,1
DA:432,1
DA:433,1
DA:436,1
DA:437,1
DA:438,1
DA:439,1
DA:440,1
DA:441,1
DA:442,1
DA:443,1
DA:446,1
DA:447,1
DA:448,1
DA:449,1
DA:450,1
DA:451,1
DA:452,1
DA:453,1
DA:456,1
DA:457,1
DA:458,1
DA:459,1
DA:460,1
DA:461,1
DA:462,1
DA:463,1
DA:464,1
DA:465,1
DA:467,1
DA:468,1
DA:469,1
DA:470,1
DA:471,1
DA:472,1
DA:473,1
DA:474,1
DA:475,1
DA:478,1
DA:479,1
DA:480,1
DA:481,1
DA:482,1
DA:483,1
DA:484,1
DA:485,1
DA:486,1
DA:489,1
DA:490,1
DA:491,1
DA:492,1
DA:493,1
DA:494,1
DA:495,1
DA:496,1
DA:497,1
DA:498,1
DA:499,1
DA:500,1
DA:501,1
DA:502,1
DA:503,1
DA:504,1
DA:505,1
DA:508,1
DA:509,1
DA:510,1
DA:511,1
DA:512,1
DA:513,1
DA:514,1
DA:515,1
DA:516,1
DA:518,1
DA:519,1
DA:520,1
DA:521,1
DA:522,1
DA:523,1
DA:524,1
DA:525,1
DA:526,1
DA:529,1
DA:530,1
DA:531,1
DA:532,1
DA:533,1
DA:534,1
DA:537,1
DA:538,1
DA:539,1
DA:540,1
DA:541,1
DA:542,1
DA:543,1
DA:544,1
DA:545,1
DA:546,1
DA:547,1
DA:548,1
DA:551,1
DA:552,1
DA:553,1
DA:554,1
DA:555,1
DA:556,1
DA:557,1
DA:558,1
DA:559,1
DA:560,1
DA:563,1
DA:564,1
DA:565,1
DA:566,1
DA:567,1
DA:568,1
DA:569,1
DA:570,1
DA:571,1
DA:572,1
DA:575,1
DA:576,1
DA:577,1
DA:578,1
DA:579,1
DA:580,1
DA:581,1
DA:582,1
DA:583,1
DA:584,1
DA:588,1
DA:589,1
DA:590,1
DA:591,1
DA:592,1
DA:593,1
DA:594,1
DA:595,1
DA:596,1
DA:597,1
DA:598,1
DA:599,1
DA:600,1
DA:601,1
DA:602,1
DA:603,1
DA:604,1
DA:605,1
DA:606,1
DA:607,1
DA:608,1
DA:609,1
DA:610,1
BRF:0
BRH:0
LF:455
LH:455
end_of_record
SF:/home/william/Desktop/AQA-ASM/src/tokenizer/token.rs
FN:16,_RNvXNtNtCsiHkNH9kphFy_7aqa_asm9tokenizer5tokenNtB2_9TokenKindNtNtCs5cYH0lLSdLc_4core3fmt7Display3fmt
FN:53,_RNvMs0_NtNtCsiHkNH9kphFy_7aqa_asm9tokenizer5tokenNtB5_5Token20get_token_debug_repr
FN:43,_RNvMs_NtNtCsiHkNH9kphFy_7aqa_asm9tokenizer5tokenNtB4_13TokenPosition7default
FNDA:0,_RNvXNtNtCsiHkNH9kphFy_7aqa_asm9tokenizer5tokenNtB2_9TokenKindNtNtCs5cYH0lLSdLc_4core3fmt7Display3fmt
FNDA:0,_RNvMs0_NtNtCsiHkNH9kphFy_7aqa_asm9tokenizer5tokenNtB5_5Token20get_token_debug_repr
FNDA:92,_RNvMs_NtNtCsiHkNH9kphFy_7aqa_asm9tokenizer5tokenNtB4_13TokenPosition7default
FNF:3
FNH:1
DA:16,0
DA:17,0
DA:18,0
DA:19,0
DA:20,0
DA:21,0
DA:22,0
DA:24,0
DA:43,92
DA:44,92
DA:45,92
DA:46,92
DA:47,92
DA:48,92
DA:49,92
DA:53,0
DA:54,0
DA:55,0
DA:56,0
DA:58,0
BRF:0
BRH:0
LF:20
LH:7
end_of_record